Multivariate ld-score regression of 12 traits (/local1/scratch/pazweifel/sumstats_blood/munged_sumstats/PLT-SSC.sumstats.gz /local1/scratch/pazweifel/sumstats_blood/munged_sumstats/PLT-FSC.sumstats.gz /local1/scratch/pazweifel/sumstats_blood/munged_sumstats/RBC-SSC.sumstats.gz /local1/scratch/pazweifel/sumstats_blood/munged_sumstats/RBC-FSC.sumstats.gz /local1/scratch/pazweifel/sumstats_blood/munged_sumstats/RET-FSC.sumstats.gz /local1/scratch/pazweifel/sumstats_blood/munged_sumstats/IRF-FSC.sumstats.gz /local1/scratch/pazweifel/sumstats_blood/munged_sumstats/NE-FSC.sumstats.gz /local1/scratch/pazweifel/sumstats_blood/munged_sumstats/EO-SSC.sumstats.gz /local1/scratch/pazweifel/sumstats_blood/munged_sumstats/EO-FSC.sumstats.gz /local1/scratch/pazweifel/sumstats_blood/munged_sumstats/BASO-FSC.sumstats.gz /local1/scratch/pazweifel/sumstats_blood/munged_sumstats/LY-SSC.sumstats.gz /local1/scratch/pazweifel/sumstats_blood/munged_sumstats/LY-FSC.sumstats.gz) began at: 2025-12-10 17:35:32.50982
Reading in LD scores
Read in summary statistics [1/12] from: /local1/scratch/pazweifel/sumstats_blood/munged_sumstats/PLT-SSC.sumstats.gz
Out of 7012621 SNPs, 1141727 remain after merging with LD-score files
Removing 240 SNPs with Chi^2 > 80; 1141487 remain
Read in summary statistics [2/12] from: /local1/scratch/pazweifel/sumstats_blood/munged_sumstats/PLT-FSC.sumstats.gz
Out of 7012669 SNPs, 1141727 remain after merging with LD-score files
Removing 290 SNPs with Chi^2 > 80; 1141437 remain
Read in summary statistics [3/12] from: /local1/scratch/pazweifel/sumstats_blood/munged_sumstats/RBC-SSC.sumstats.gz
Out of 7012803 SNPs, 1141728 remain after merging with LD-score files
Removing 109 SNPs with Chi^2 > 80; 1141619 remain
Read in summary statistics [4/12] from: /local1/scratch/pazweifel/sumstats_blood/munged_sumstats/RBC-FSC.sumstats.gz
Out of 7013393 SNPs, 1141725 remain after merging with LD-score files
Removing 311 SNPs with Chi^2 > 80; 1141414 remain
Read in summary statistics [5/12] from: /local1/scratch/pazweifel/sumstats_blood/munged_sumstats/RET-FSC.sumstats.gz
Out of 7013306 SNPs, 1141725 remain after merging with LD-score files
Removing 281 SNPs with Chi^2 > 80; 1141444 remain
Read in summary statistics [6/12] from: /local1/scratch/pazweifel/sumstats_blood/munged_sumstats/IRF-FSC.sumstats.gz
Out of 7013177 SNPs, 1141726 remain after merging with LD-score files
Removing 199 SNPs with Chi^2 > 80; 1141527 remain
Read in summary statistics [7/12] from: /local1/scratch/pazweifel/sumstats_blood/munged_sumstats/NE-FSC.sumstats.gz
Out of 7013219 SNPs, 1141727 remain after merging with LD-score files
Removing 237 SNPs with Chi^2 > 80; 1141490 remain
Read in summary statistics [8/12] from: /local1/scratch/pazweifel/sumstats_blood/munged_sumstats/EO-SSC.sumstats.gz
Out of 7012793 SNPs, 1141726 remain after merging with LD-score files
Removing 480 SNPs with Chi^2 > 80; 1141246 remain
Read in summary statistics [9/12] from: /local1/scratch/pazweifel/sumstats_blood/munged_sumstats/EO-FSC.sumstats.gz
Out of 7012866 SNPs, 1141728 remain after merging with LD-score files
Removing 87 SNPs with Chi^2 > 80; 1141641 remain
Read in summary statistics [10/12] from: /local1/scratch/pazweifel/sumstats_blood/munged_sumstats/BASO-FSC.sumstats.gz
Out of 7012928 SNPs, 1141728 remain after merging with LD-score files
Removing 23 SNPs with Chi^2 > 80; 1141705 remain
Read in summary statistics [11/12] from: /local1/scratch/pazweifel/sumstats_blood/munged_sumstats/LY-SSC.sumstats.gz
Out of 7013344 SNPs, 1141725 remain after merging with LD-score files
Removing 49 SNPs with Chi^2 > 80; 1141676 remain
Read in summary statistics [12/12] from: /local1/scratch/pazweifel/sumstats_blood/munged_sumstats/LY-FSC.sumstats.gz
Out of 7013387 SNPs, 1141728 remain after merging with LD-score files
Removing 2 SNPs with Chi^2 > 80; 1141726 remain
          
Estimating heritability [1/78] for: /local1/scratch/pazweifel/sumstats_blood/munged_sumstats/PLT-SSC.sumstats.gz
Heritability Results for trait: /local1/scratch/pazweifel/sumstats_blood/munged_sumstats/PLT-SSC.sumstats.gz
Mean Chi^2 across remaining SNPs: 1.1784
Lambda GC: 1.0925
Intercept: 1.0406 (0.0116)
Ratio: 0.2274 (0.0651)
Total Observed Scale h2: 0.2319 (0.0342)
h2 Z: 6.78
     
Calculating genetic covariance [2/78] for traits: /local1/scratch/pazweifel/sumstats_blood/munged_sumstats/PLT-SSC.sumstats.gz and /local1/scratch/pazweifel/sumstats_blood/munged_sumstats/PLT-FSC.sumstats.gz
1141405 SNPs remain after merging /local1/scratch/pazweifel/sumstats_blood/munged_sumstats/PLT-SSC.sumstats.gz and /local1/scratch/pazweifel/sumstats_blood/munged_sumstats/PLT-FSC.sumstats.gz summary statistics
Results for genetic covariance between: /local1/scratch/pazweifel/sumstats_blood/munged_sumstats/PLT-SSC.sumstats.gz and /local1/scratch/pazweifel/sumstats_blood/munged_sumstats/PLT-FSC.sumstats.gz
Mean Z*Z: 1.008
Cross trait Intercept: 0.8771 (0.0108)
Total Observed Scale Genetic Covariance (g_cov): 0.2216 (0.0323)
g_cov Z: 6.85
g_cov P-value: 7.3378e-12
     
Calculating genetic covariance [3/78] for traits: /local1/scratch/pazweifel/sumstats_blood/munged_sumstats/PLT-SSC.sumstats.gz and /local1/scratch/pazweifel/sumstats_blood/munged_sumstats/RBC-SSC.sumstats.gz
1141378 SNPs remain after merging /local1/scratch/pazweifel/sumstats_blood/munged_sumstats/PLT-SSC.sumstats.gz and /local1/scratch/pazweifel/sumstats_blood/munged_sumstats/RBC-SSC.sumstats.gz summary statistics
Results for genetic covariance between: /local1/scratch/pazweifel/sumstats_blood/munged_sumstats/PLT-SSC.sumstats.gz and /local1/scratch/pazweifel/sumstats_blood/munged_sumstats/RBC-SSC.sumstats.gz
Mean Z*Z: -0.0562
Cross trait Intercept: -0.0409 (0.0059)
Total Observed Scale Genetic Covariance (g_cov): -0.0252 (0.0131)
g_cov Z: -1.92
g_cov P-value: 0.054734
     
Calculating genetic covariance [4/78] for traits: /local1/scratch/pazweifel/sumstats_blood/munged_sumstats/PLT-SSC.sumstats.gz and /local1/scratch/pazweifel/sumstats_blood/munged_sumstats/RBC-FSC.sumstats.gz
1141171 SNPs remain after merging /local1/scratch/pazweifel/sumstats_blood/munged_sumstats/PLT-SSC.sumstats.gz and /local1/scratch/pazweifel/sumstats_blood/munged_sumstats/RBC-FSC.sumstats.gz summary statistics
Results for genetic covariance between: /local1/scratch/pazweifel/sumstats_blood/munged_sumstats/PLT-SSC.sumstats.gz and /local1/scratch/pazweifel/sumstats_blood/munged_sumstats/RBC-FSC.sumstats.gz
Mean Z*Z: -0.0377
Cross trait Intercept: -0.0386 (0.0065)
Total Observed Scale Genetic Covariance (g_cov): -0.0014 (0.0133)
g_cov Z: -0.102
g_cov P-value: 0.91893
     
Calculating genetic covariance [5/78] for traits: /local1/scratch/pazweifel/sumstats_blood/munged_sumstats/PLT-SSC.sumstats.gz and /local1/scratch/pazweifel/sumstats_blood/munged_sumstats/RET-FSC.sumstats.gz
1141201 SNPs remain after merging /local1/scratch/pazweifel/sumstats_blood/munged_sumstats/PLT-SSC.sumstats.gz and /local1/scratch/pazweifel/sumstats_blood/munged_sumstats/RET-FSC.sumstats.gz summary statistics
Results for genetic covariance between: /local1/scratch/pazweifel/sumstats_blood/munged_sumstats/PLT-SSC.sumstats.gz and /local1/scratch/pazweifel/sumstats_blood/munged_sumstats/RET-FSC.sumstats.gz
Mean Z*Z: -0.0607
Cross trait Intercept: -0.0565 (0.0062)
Total Observed Scale Genetic Covariance (g_cov): -0.0078 (0.0136)
g_cov Z: -0.569
g_cov P-value: 0.56913
     
Calculating genetic covariance [6/78] for traits: /local1/scratch/pazweifel/sumstats_blood/munged_sumstats/PLT-SSC.sumstats.gz and /local1/scratch/pazweifel/sumstats_blood/munged_sumstats/IRF-FSC.sumstats.gz
1141284 SNPs remain after merging /local1/scratch/pazweifel/sumstats_blood/munged_sumstats/PLT-SSC.sumstats.gz and /local1/scratch/pazweifel/sumstats_blood/munged_sumstats/IRF-FSC.sumstats.gz summary statistics
Results for genetic covariance between: /local1/scratch/pazweifel/sumstats_blood/munged_sumstats/PLT-SSC.sumstats.gz and /local1/scratch/pazweifel/sumstats_blood/munged_sumstats/IRF-FSC.sumstats.gz
Mean Z*Z: -0.0549
Cross trait Intercept: -0.0457 (0.0057)
Total Observed Scale Genetic Covariance (g_cov): -0.0146 (0.0123)
g_cov Z: -1.19
g_cov P-value: 0.23438
     
Calculating genetic covariance [7/78] for traits: /local1/scratch/pazweifel/sumstats_blood/munged_sumstats/PLT-SSC.sumstats.gz and /local1/scratch/pazweifel/sumstats_blood/munged_sumstats/NE-FSC.sumstats.gz
1141247 SNPs remain after merging /local1/scratch/pazweifel/sumstats_blood/munged_sumstats/PLT-SSC.sumstats.gz and /local1/scratch/pazweifel/sumstats_blood/munged_sumstats/NE-FSC.sumstats.gz summary statistics
Results for genetic covariance between: /local1/scratch/pazweifel/sumstats_blood/munged_sumstats/PLT-SSC.sumstats.gz and /local1/scratch/pazweifel/sumstats_blood/munged_sumstats/NE-FSC.sumstats.gz
Mean Z*Z: 0.0084
Cross trait Intercept: 0.007 (0.0063)
Total Observed Scale Genetic Covariance (g_cov): 0.0019 (0.0138)
g_cov Z: 0.138
g_cov P-value: 0.89055
     
Calculating genetic covariance [8/78] for traits: /local1/scratch/pazweifel/sumstats_blood/munged_sumstats/PLT-SSC.sumstats.gz and /local1/scratch/pazweifel/sumstats_blood/munged_sumstats/EO-SSC.sumstats.gz
1141005 SNPs remain after merging /local1/scratch/pazweifel/sumstats_blood/munged_sumstats/PLT-SSC.sumstats.gz and /local1/scratch/pazweifel/sumstats_blood/munged_sumstats/EO-SSC.sumstats.gz summary statistics
Results for genetic covariance between: /local1/scratch/pazweifel/sumstats_blood/munged_sumstats/PLT-SSC.sumstats.gz and /local1/scratch/pazweifel/sumstats_blood/munged_sumstats/EO-SSC.sumstats.gz
Mean Z*Z: 0.0154
Cross trait Intercept: 0.0165 (0.0056)
Total Observed Scale Genetic Covariance (g_cov): -0.0013 (0.0129)
g_cov Z: -0.0975
g_cov P-value: 0.92233
     
Calculating genetic covariance [9/78] for traits: /local1/scratch/pazweifel/sumstats_blood/munged_sumstats/PLT-SSC.sumstats.gz and /local1/scratch/pazweifel/sumstats_blood/munged_sumstats/EO-FSC.sumstats.gz
1141400 SNPs remain after merging /local1/scratch/pazweifel/sumstats_blood/munged_sumstats/PLT-SSC.sumstats.gz and /local1/scratch/pazweifel/sumstats_blood/munged_sumstats/EO-FSC.sumstats.gz summary statistics
Results for genetic covariance between: /local1/scratch/pazweifel/sumstats_blood/munged_sumstats/PLT-SSC.sumstats.gz and /local1/scratch/pazweifel/sumstats_blood/munged_sumstats/EO-FSC.sumstats.gz
Mean Z*Z: 0.0271
Cross trait Intercept: 0.0273 (0.0051)
Total Observed Scale Genetic Covariance (g_cov): 7e-04 (0.0123)
g_cov Z: 0.0552
g_cov P-value: 0.95594
     
Calculating genetic covariance [10/78] for traits: /local1/scratch/pazweifel/sumstats_blood/munged_sumstats/PLT-SSC.sumstats.gz and /local1/scratch/pazweifel/sumstats_blood/munged_sumstats/BASO-FSC.sumstats.gz
1141464 SNPs remain after merging /local1/scratch/pazweifel/sumstats_blood/munged_sumstats/PLT-SSC.sumstats.gz and /local1/scratch/pazweifel/sumstats_blood/munged_sumstats/BASO-FSC.sumstats.gz summary statistics
Results for genetic covariance between: /local1/scratch/pazweifel/sumstats_blood/munged_sumstats/PLT-SSC.sumstats.gz and /local1/scratch/pazweifel/sumstats_blood/munged_sumstats/BASO-FSC.sumstats.gz
Mean Z*Z: 0.0083
Cross trait Intercept: 0.0175 (0.0055)
Total Observed Scale Genetic Covariance (g_cov): -0.0184 (0.0122)
g_cov Z: -1.5
g_cov P-value: 0.1325
     
Calculating genetic covariance [11/78] for traits: /local1/scratch/pazweifel/sumstats_blood/munged_sumstats/PLT-SSC.sumstats.gz and /local1/scratch/pazweifel/sumstats_blood/munged_sumstats/LY-SSC.sumstats.gz
1141434 SNPs remain after merging /local1/scratch/pazweifel/sumstats_blood/munged_sumstats/PLT-SSC.sumstats.gz and /local1/scratch/pazweifel/sumstats_blood/munged_sumstats/LY-SSC.sumstats.gz summary statistics
Results for genetic covariance between: /local1/scratch/pazweifel/sumstats_blood/munged_sumstats/PLT-SSC.sumstats.gz and /local1/scratch/pazweifel/sumstats_blood/munged_sumstats/LY-SSC.sumstats.gz
Mean Z*Z: 0.0068
Cross trait Intercept: 0.0089 (0.006)
Total Observed Scale Genetic Covariance (g_cov): -0.0057 (0.0124)
g_cov Z: -0.461
g_cov P-value: 0.64485
     
Calculating genetic covariance [12/78] for traits: /local1/scratch/pazweifel/sumstats_blood/munged_sumstats/PLT-SSC.sumstats.gz and /local1/scratch/pazweifel/sumstats_blood/munged_sumstats/LY-FSC.sumstats.gz
1141483 SNPs remain after merging /local1/scratch/pazweifel/sumstats_blood/munged_sumstats/PLT-SSC.sumstats.gz and /local1/scratch/pazweifel/sumstats_blood/munged_sumstats/LY-FSC.sumstats.gz summary statistics
Results for genetic covariance between: /local1/scratch/pazweifel/sumstats_blood/munged_sumstats/PLT-SSC.sumstats.gz and /local1/scratch/pazweifel/sumstats_blood/munged_sumstats/LY-FSC.sumstats.gz
Mean Z*Z: 0.0173
Cross trait Intercept: 0.0048 (0.0057)
Total Observed Scale Genetic Covariance (g_cov): 0.0172 (0.0121)
g_cov Z: 1.43
g_cov P-value: 0.15305
          
Estimating heritability [13/78] for: /local1/scratch/pazweifel/sumstats_blood/munged_sumstats/PLT-FSC.sumstats.gz
Heritability Results for trait: /local1/scratch/pazweifel/sumstats_blood/munged_sumstats/PLT-FSC.sumstats.gz
Mean Chi^2 across remaining SNPs: 1.1916
Lambda GC: 1.1018
Intercept: 1.0403 (0.0118)
Ratio: 0.2101 (0.0618)
Total Observed Scale h2: 0.2564 (0.036)
h2 Z: 7.13
     
Calculating genetic covariance [14/78] for traits: /local1/scratch/pazweifel/sumstats_blood/munged_sumstats/PLT-FSC.sumstats.gz and /local1/scratch/pazweifel/sumstats_blood/munged_sumstats/RBC-SSC.sumstats.gz
1141328 SNPs remain after merging /local1/scratch/pazweifel/sumstats_blood/munged_sumstats/PLT-FSC.sumstats.gz and /local1/scratch/pazweifel/sumstats_blood/munged_sumstats/RBC-SSC.sumstats.gz summary statistics
Results for genetic covariance between: /local1/scratch/pazweifel/sumstats_blood/munged_sumstats/PLT-FSC.sumstats.gz and /local1/scratch/pazweifel/sumstats_blood/munged_sumstats/RBC-SSC.sumstats.gz
Mean Z*Z: -0.0533
Cross trait Intercept: -0.0366 (0.0059)
Total Observed Scale Genetic Covariance (g_cov): -0.0258 (0.0143)
g_cov Z: -1.81
g_cov P-value: 0.070633
     
Calculating genetic covariance [15/78] for traits: /local1/scratch/pazweifel/sumstats_blood/munged_sumstats/PLT-FSC.sumstats.gz and /local1/scratch/pazweifel/sumstats_blood/munged_sumstats/RBC-FSC.sumstats.gz
1141121 SNPs remain after merging /local1/scratch/pazweifel/sumstats_blood/munged_sumstats/PLT-FSC.sumstats.gz and /local1/scratch/pazweifel/sumstats_blood/munged_sumstats/RBC-FSC.sumstats.gz summary statistics
Results for genetic covariance between: /local1/scratch/pazweifel/sumstats_blood/munged_sumstats/PLT-FSC.sumstats.gz and /local1/scratch/pazweifel/sumstats_blood/munged_sumstats/RBC-FSC.sumstats.gz
Mean Z*Z: -0.0388
Cross trait Intercept: -0.042 (0.006)
Total Observed Scale Genetic Covariance (g_cov): 0.0027 (0.0134)
g_cov Z: 0.205
g_cov P-value: 0.83749
     
Calculating genetic covariance [16/78] for traits: /local1/scratch/pazweifel/sumstats_blood/munged_sumstats/PLT-FSC.sumstats.gz and /local1/scratch/pazweifel/sumstats_blood/munged_sumstats/RET-FSC.sumstats.gz
1141151 SNPs remain after merging /local1/scratch/pazweifel/sumstats_blood/munged_sumstats/PLT-FSC.sumstats.gz and /local1/scratch/pazweifel/sumstats_blood/munged_sumstats/RET-FSC.sumstats.gz summary statistics
Results for genetic covariance between: /local1/scratch/pazweifel/sumstats_blood/munged_sumstats/PLT-FSC.sumstats.gz and /local1/scratch/pazweifel/sumstats_blood/munged_sumstats/RET-FSC.sumstats.gz
Mean Z*Z: -0.068
Cross trait Intercept: -0.0638 (0.0058)
Total Observed Scale Genetic Covariance (g_cov): -0.0066 (0.0135)
g_cov Z: -0.493
g_cov P-value: 0.62209
     
Calculating genetic covariance [17/78] for traits: /local1/scratch/pazweifel/sumstats_blood/munged_sumstats/PLT-FSC.sumstats.gz and /local1/scratch/pazweifel/sumstats_blood/munged_sumstats/IRF-FSC.sumstats.gz
1141234 SNPs remain after merging /local1/scratch/pazweifel/sumstats_blood/munged_sumstats/PLT-FSC.sumstats.gz and /local1/scratch/pazweifel/sumstats_blood/munged_sumstats/IRF-FSC.sumstats.gz summary statistics
Results for genetic covariance between: /local1/scratch/pazweifel/sumstats_blood/munged_sumstats/PLT-FSC.sumstats.gz and /local1/scratch/pazweifel/sumstats_blood/munged_sumstats/IRF-FSC.sumstats.gz
Mean Z*Z: -0.0632
Cross trait Intercept: -0.0506 (0.0054)
Total Observed Scale Genetic Covariance (g_cov): -0.0188 (0.0123)
g_cov Z: -1.53
g_cov P-value: 0.12718
     
Calculating genetic covariance [18/78] for traits: /local1/scratch/pazweifel/sumstats_blood/munged_sumstats/PLT-FSC.sumstats.gz and /local1/scratch/pazweifel/sumstats_blood/munged_sumstats/NE-FSC.sumstats.gz
1141197 SNPs remain after merging /local1/scratch/pazweifel/sumstats_blood/munged_sumstats/PLT-FSC.sumstats.gz and /local1/scratch/pazweifel/sumstats_blood/munged_sumstats/NE-FSC.sumstats.gz summary statistics
Results for genetic covariance between: /local1/scratch/pazweifel/sumstats_blood/munged_sumstats/PLT-FSC.sumstats.gz and /local1/scratch/pazweifel/sumstats_blood/munged_sumstats/NE-FSC.sumstats.gz
Mean Z*Z: 0.0088
Cross trait Intercept: 0.0143 (0.0061)
Total Observed Scale Genetic Covariance (g_cov): -0.0057 (0.0132)
g_cov Z: -0.432
g_cov P-value: 0.66581
     
Calculating genetic covariance [19/78] for traits: /local1/scratch/pazweifel/sumstats_blood/munged_sumstats/PLT-FSC.sumstats.gz and /local1/scratch/pazweifel/sumstats_blood/munged_sumstats/EO-SSC.sumstats.gz
1140955 SNPs remain after merging /local1/scratch/pazweifel/sumstats_blood/munged_sumstats/PLT-FSC.sumstats.gz and /local1/scratch/pazweifel/sumstats_blood/munged_sumstats/EO-SSC.sumstats.gz summary statistics
Results for genetic covariance between: /local1/scratch/pazweifel/sumstats_blood/munged_sumstats/PLT-FSC.sumstats.gz and /local1/scratch/pazweifel/sumstats_blood/munged_sumstats/EO-SSC.sumstats.gz
Mean Z*Z: 6e-04
Cross trait Intercept: 0.007 (0.0058)
Total Observed Scale Genetic Covariance (g_cov): -0.0081 (0.0133)
g_cov Z: -0.613
g_cov P-value: 0.5401
     
Calculating genetic covariance [20/78] for traits: /local1/scratch/pazweifel/sumstats_blood/munged_sumstats/PLT-FSC.sumstats.gz and /local1/scratch/pazweifel/sumstats_blood/munged_sumstats/EO-FSC.sumstats.gz
1141350 SNPs remain after merging /local1/scratch/pazweifel/sumstats_blood/munged_sumstats/PLT-FSC.sumstats.gz and /local1/scratch/pazweifel/sumstats_blood/munged_sumstats/EO-FSC.sumstats.gz summary statistics
Results for genetic covariance between: /local1/scratch/pazweifel/sumstats_blood/munged_sumstats/PLT-FSC.sumstats.gz and /local1/scratch/pazweifel/sumstats_blood/munged_sumstats/EO-FSC.sumstats.gz
Mean Z*Z: 0.0125
Cross trait Intercept: 0.0202 (0.0052)
Total Observed Scale Genetic Covariance (g_cov): -0.0105 (0.0138)
g_cov Z: -0.757
g_cov P-value: 0.44935
     
Calculating genetic covariance [21/78] for traits: /local1/scratch/pazweifel/sumstats_blood/munged_sumstats/PLT-FSC.sumstats.gz and /local1/scratch/pazweifel/sumstats_blood/munged_sumstats/BASO-FSC.sumstats.gz
1141414 SNPs remain after merging /local1/scratch/pazweifel/sumstats_blood/munged_sumstats/PLT-FSC.sumstats.gz and /local1/scratch/pazweifel/sumstats_blood/munged_sumstats/BASO-FSC.sumstats.gz summary statistics
Results for genetic covariance between: /local1/scratch/pazweifel/sumstats_blood/munged_sumstats/PLT-FSC.sumstats.gz and /local1/scratch/pazweifel/sumstats_blood/munged_sumstats/BASO-FSC.sumstats.gz
Mean Z*Z: -2e-04
Cross trait Intercept: 0.0016 (0.0052)
Total Observed Scale Genetic Covariance (g_cov): -0.0056 (0.0121)
g_cov Z: -0.46
g_cov P-value: 0.64563
     
Calculating genetic covariance [22/78] for traits: /local1/scratch/pazweifel/sumstats_blood/munged_sumstats/PLT-FSC.sumstats.gz and /local1/scratch/pazweifel/sumstats_blood/munged_sumstats/LY-SSC.sumstats.gz
1141384 SNPs remain after merging /local1/scratch/pazweifel/sumstats_blood/munged_sumstats/PLT-FSC.sumstats.gz and /local1/scratch/pazweifel/sumstats_blood/munged_sumstats/LY-SSC.sumstats.gz summary statistics
Results for genetic covariance between: /local1/scratch/pazweifel/sumstats_blood/munged_sumstats/PLT-FSC.sumstats.gz and /local1/scratch/pazweifel/sumstats_blood/munged_sumstats/LY-SSC.sumstats.gz
Mean Z*Z: -0.016
Cross trait Intercept: -0.0155 (0.0061)
Total Observed Scale Genetic Covariance (g_cov): -0.0043 (0.0123)
g_cov Z: -0.351
g_cov P-value: 0.72534
     
Calculating genetic covariance [23/78] for traits: /local1/scratch/pazweifel/sumstats_blood/munged_sumstats/PLT-FSC.sumstats.gz and /local1/scratch/pazweifel/sumstats_blood/munged_sumstats/LY-FSC.sumstats.gz
1141433 SNPs remain after merging /local1/scratch/pazweifel/sumstats_blood/munged_sumstats/PLT-FSC.sumstats.gz and /local1/scratch/pazweifel/sumstats_blood/munged_sumstats/LY-FSC.sumstats.gz summary statistics
Results for genetic covariance between: /local1/scratch/pazweifel/sumstats_blood/munged_sumstats/PLT-FSC.sumstats.gz and /local1/scratch/pazweifel/sumstats_blood/munged_sumstats/LY-FSC.sumstats.gz
Mean Z*Z: -0.0106
Cross trait Intercept: -0.0201 (0.0062)
Total Observed Scale Genetic Covariance (g_cov): 0.0124 (0.0124)
g_cov Z: 1
g_cov P-value: 0.3153
          
Estimating heritability [24/78] for: /local1/scratch/pazweifel/sumstats_blood/munged_sumstats/RBC-SSC.sumstats.gz
Heritability Results for trait: /local1/scratch/pazweifel/sumstats_blood/munged_sumstats/RBC-SSC.sumstats.gz
Mean Chi^2 across remaining SNPs: 1.1269
Lambda GC: 1.0832
Intercept: 1.0295 (0.0112)
Ratio: 0.2327 (0.0882)
Total Observed Scale h2: 0.1554 (0.0409)
h2 Z: 3.8
     
Calculating genetic covariance [25/78] for traits: /local1/scratch/pazweifel/sumstats_blood/munged_sumstats/RBC-SSC.sumstats.gz and /local1/scratch/pazweifel/sumstats_blood/munged_sumstats/RBC-FSC.sumstats.gz
1141412 SNPs remain after merging /local1/scratch/pazweifel/sumstats_blood/munged_sumstats/RBC-SSC.sumstats.gz and /local1/scratch/pazweifel/sumstats_blood/munged_sumstats/RBC-FSC.sumstats.gz summary statistics
Results for genetic covariance between: /local1/scratch/pazweifel/sumstats_blood/munged_sumstats/RBC-SSC.sumstats.gz and /local1/scratch/pazweifel/sumstats_blood/munged_sumstats/RBC-FSC.sumstats.gz
Mean Z*Z: 0.6621
Cross trait Intercept: 0.5585 (0.0112)
Total Observed Scale Genetic Covariance (g_cov): 0.144 (0.0378)
g_cov Z: 3.81
g_cov P-value: 0.00013748
     
Calculating genetic covariance [26/78] for traits: /local1/scratch/pazweifel/sumstats_blood/munged_sumstats/RBC-SSC.sumstats.gz and /local1/scratch/pazweifel/sumstats_blood/munged_sumstats/RET-FSC.sumstats.gz
1141442 SNPs remain after merging /local1/scratch/pazweifel/sumstats_blood/munged_sumstats/RBC-SSC.sumstats.gz and /local1/scratch/pazweifel/sumstats_blood/munged_sumstats/RET-FSC.sumstats.gz summary statistics
Results for genetic covariance between: /local1/scratch/pazweifel/sumstats_blood/munged_sumstats/RBC-SSC.sumstats.gz and /local1/scratch/pazweifel/sumstats_blood/munged_sumstats/RET-FSC.sumstats.gz
Mean Z*Z: 0.6211
Cross trait Intercept: 0.5187 (0.0109)
Total Observed Scale Genetic Covariance (g_cov): 0.1417 (0.0368)
g_cov Z: 3.85
g_cov P-value: 0.00011899
     
Calculating genetic covariance [27/78] for traits: /local1/scratch/pazweifel/sumstats_blood/munged_sumstats/RBC-SSC.sumstats.gz and /local1/scratch/pazweifel/sumstats_blood/munged_sumstats/IRF-FSC.sumstats.gz
1141514 SNPs remain after merging /local1/scratch/pazweifel/sumstats_blood/munged_sumstats/RBC-SSC.sumstats.gz and /local1/scratch/pazweifel/sumstats_blood/munged_sumstats/IRF-FSC.sumstats.gz summary statistics
Results for genetic covariance between: /local1/scratch/pazweifel/sumstats_blood/munged_sumstats/RBC-SSC.sumstats.gz and /local1/scratch/pazweifel/sumstats_blood/munged_sumstats/IRF-FSC.sumstats.gz
Mean Z*Z: 0.5371
Cross trait Intercept: 0.4451 (0.0107)
Total Observed Scale Genetic Covariance (g_cov): 0.1259 (0.0352)
g_cov Z: 3.58
g_cov P-value: 0.00034252
     
Calculating genetic covariance [28/78] for traits: /local1/scratch/pazweifel/sumstats_blood/munged_sumstats/RBC-SSC.sumstats.gz and /local1/scratch/pazweifel/sumstats_blood/munged_sumstats/NE-FSC.sumstats.gz
1141379 SNPs remain after merging /local1/scratch/pazweifel/sumstats_blood/munged_sumstats/RBC-SSC.sumstats.gz and /local1/scratch/pazweifel/sumstats_blood/munged_sumstats/NE-FSC.sumstats.gz summary statistics
Results for genetic covariance between: /local1/scratch/pazweifel/sumstats_blood/munged_sumstats/RBC-SSC.sumstats.gz and /local1/scratch/pazweifel/sumstats_blood/munged_sumstats/NE-FSC.sumstats.gz
Mean Z*Z: 0.0233
Cross trait Intercept: 0.023 (0.0055)
Total Observed Scale Genetic Covariance (g_cov): -0.002 (0.013)
g_cov Z: -0.155
g_cov P-value: 0.87673
     
Calculating genetic covariance [29/78] for traits: /local1/scratch/pazweifel/sumstats_blood/munged_sumstats/RBC-SSC.sumstats.gz and /local1/scratch/pazweifel/sumstats_blood/munged_sumstats/EO-SSC.sumstats.gz
1141137 SNPs remain after merging /local1/scratch/pazweifel/sumstats_blood/munged_sumstats/RBC-SSC.sumstats.gz and /local1/scratch/pazweifel/sumstats_blood/munged_sumstats/EO-SSC.sumstats.gz summary statistics
Results for genetic covariance between: /local1/scratch/pazweifel/sumstats_blood/munged_sumstats/RBC-SSC.sumstats.gz and /local1/scratch/pazweifel/sumstats_blood/munged_sumstats/EO-SSC.sumstats.gz
Mean Z*Z: 0.0811
Cross trait Intercept: 0.0786 (0.0056)
Total Observed Scale Genetic Covariance (g_cov): -9e-04 (0.0136)
g_cov Z: -0.0684
g_cov P-value: 0.94543
     
Calculating genetic covariance [30/78] for traits: /local1/scratch/pazweifel/sumstats_blood/munged_sumstats/RBC-SSC.sumstats.gz and /local1/scratch/pazweifel/sumstats_blood/munged_sumstats/EO-FSC.sumstats.gz
1141532 SNPs remain after merging /local1/scratch/pazweifel/sumstats_blood/munged_sumstats/RBC-SSC.sumstats.gz and /local1/scratch/pazweifel/sumstats_blood/munged_sumstats/EO-FSC.sumstats.gz summary statistics
Results for genetic covariance between: /local1/scratch/pazweifel/sumstats_blood/munged_sumstats/RBC-SSC.sumstats.gz and /local1/scratch/pazweifel/sumstats_blood/munged_sumstats/EO-FSC.sumstats.gz
Mean Z*Z: 0.0289
Cross trait Intercept: 0.0259 (0.0052)
Total Observed Scale Genetic Covariance (g_cov): 0.0038 (0.0127)
g_cov Z: 0.3
g_cov P-value: 0.76445
     
Calculating genetic covariance [31/78] for traits: /local1/scratch/pazweifel/sumstats_blood/munged_sumstats/RBC-SSC.sumstats.gz and /local1/scratch/pazweifel/sumstats_blood/munged_sumstats/BASO-FSC.sumstats.gz
1141596 SNPs remain after merging /local1/scratch/pazweifel/sumstats_blood/munged_sumstats/RBC-SSC.sumstats.gz and /local1/scratch/pazweifel/sumstats_blood/munged_sumstats/BASO-FSC.sumstats.gz summary statistics
Results for genetic covariance between: /local1/scratch/pazweifel/sumstats_blood/munged_sumstats/RBC-SSC.sumstats.gz and /local1/scratch/pazweifel/sumstats_blood/munged_sumstats/BASO-FSC.sumstats.gz
Mean Z*Z: -0.0059
Cross trait Intercept: 0.0082 (0.0051)
Total Observed Scale Genetic Covariance (g_cov): -0.0233 (0.011)
g_cov Z: -2.11
g_cov P-value: 0.034747
     
Calculating genetic covariance [32/78] for traits: /local1/scratch/pazweifel/sumstats_blood/munged_sumstats/RBC-SSC.sumstats.gz and /local1/scratch/pazweifel/sumstats_blood/munged_sumstats/LY-SSC.sumstats.gz
1141566 SNPs remain after merging /local1/scratch/pazweifel/sumstats_blood/munged_sumstats/RBC-SSC.sumstats.gz and /local1/scratch/pazweifel/sumstats_blood/munged_sumstats/LY-SSC.sumstats.gz summary statistics
Results for genetic covariance between: /local1/scratch/pazweifel/sumstats_blood/munged_sumstats/RBC-SSC.sumstats.gz and /local1/scratch/pazweifel/sumstats_blood/munged_sumstats/LY-SSC.sumstats.gz
Mean Z*Z: -0.016
Cross trait Intercept: -0.0093 (0.0059)
Total Observed Scale Genetic Covariance (g_cov): -0.0087 (0.0128)
g_cov Z: -0.678
g_cov P-value: 0.49767
     
Calculating genetic covariance [33/78] for traits: /local1/scratch/pazweifel/sumstats_blood/munged_sumstats/RBC-SSC.sumstats.gz and /local1/scratch/pazweifel/sumstats_blood/munged_sumstats/LY-FSC.sumstats.gz
1141615 SNPs remain after merging /local1/scratch/pazweifel/sumstats_blood/munged_sumstats/RBC-SSC.sumstats.gz and /local1/scratch/pazweifel/sumstats_blood/munged_sumstats/LY-FSC.sumstats.gz summary statistics
Results for genetic covariance between: /local1/scratch/pazweifel/sumstats_blood/munged_sumstats/RBC-SSC.sumstats.gz and /local1/scratch/pazweifel/sumstats_blood/munged_sumstats/LY-FSC.sumstats.gz
Mean Z*Z: -0.0198
Cross trait Intercept: -0.0119 (0.0049)
Total Observed Scale Genetic Covariance (g_cov): -0.0101 (0.0118)
g_cov Z: -0.853
g_cov P-value: 0.39349
          
Estimating heritability [34/78] for: /local1/scratch/pazweifel/sumstats_blood/munged_sumstats/RBC-FSC.sumstats.gz
Heritability Results for trait: /local1/scratch/pazweifel/sumstats_blood/munged_sumstats/RBC-FSC.sumstats.gz
Mean Chi^2 across remaining SNPs: 1.2029
Lambda GC: 1.1049
Intercept: 1.0472 (0.0158)
Ratio: 0.2325 (0.0777)
Total Observed Scale h2: 0.1936 (0.0444)
h2 Z: 4.36
     
Calculating genetic covariance [35/78] for traits: /local1/scratch/pazweifel/sumstats_blood/munged_sumstats/RBC-FSC.sumstats.gz and /local1/scratch/pazweifel/sumstats_blood/munged_sumstats/RET-FSC.sumstats.gz
1141382 SNPs remain after merging /local1/scratch/pazweifel/sumstats_blood/munged_sumstats/RBC-FSC.sumstats.gz and /local1/scratch/pazweifel/sumstats_blood/munged_sumstats/RET-FSC.sumstats.gz summary statistics
Results for genetic covariance between: /local1/scratch/pazweifel/sumstats_blood/munged_sumstats/RBC-FSC.sumstats.gz and /local1/scratch/pazweifel/sumstats_blood/munged_sumstats/RET-FSC.sumstats.gz
Mean Z*Z: 1.0505
Cross trait Intercept: 0.8999 (0.0147)
Total Observed Scale Genetic Covariance (g_cov): 0.186 (0.0416)
g_cov Z: 4.47
g_cov P-value: 7.8034e-06
     
Calculating genetic covariance [36/78] for traits: /local1/scratch/pazweifel/sumstats_blood/munged_sumstats/RBC-FSC.sumstats.gz and /local1/scratch/pazweifel/sumstats_blood/munged_sumstats/IRF-FSC.sumstats.gz
1141374 SNPs remain after merging /local1/scratch/pazweifel/sumstats_blood/munged_sumstats/RBC-FSC.sumstats.gz and /local1/scratch/pazweifel/sumstats_blood/munged_sumstats/IRF-FSC.sumstats.gz summary statistics
Results for genetic covariance between: /local1/scratch/pazweifel/sumstats_blood/munged_sumstats/RBC-FSC.sumstats.gz and /local1/scratch/pazweifel/sumstats_blood/munged_sumstats/IRF-FSC.sumstats.gz
Mean Z*Z: 0.845
Cross trait Intercept: 0.7224 (0.0134)
Total Observed Scale Genetic Covariance (g_cov): 0.1486 (0.0384)
g_cov Z: 3.87
g_cov P-value: 0.00010929
     
Calculating genetic covariance [37/78] for traits: /local1/scratch/pazweifel/sumstats_blood/munged_sumstats/RBC-FSC.sumstats.gz and /local1/scratch/pazweifel/sumstats_blood/munged_sumstats/NE-FSC.sumstats.gz
1141195 SNPs remain after merging /local1/scratch/pazweifel/sumstats_blood/munged_sumstats/RBC-FSC.sumstats.gz and /local1/scratch/pazweifel/sumstats_blood/munged_sumstats/NE-FSC.sumstats.gz summary statistics
Results for genetic covariance between: /local1/scratch/pazweifel/sumstats_blood/munged_sumstats/RBC-FSC.sumstats.gz and /local1/scratch/pazweifel/sumstats_blood/munged_sumstats/NE-FSC.sumstats.gz
Mean Z*Z: 0.0498
Cross trait Intercept: 0.0562 (0.0063)
Total Observed Scale Genetic Covariance (g_cov): -0.0081 (0.012)
g_cov Z: -0.671
g_cov P-value: 0.50218
     
Calculating genetic covariance [38/78] for traits: /local1/scratch/pazweifel/sumstats_blood/munged_sumstats/RBC-FSC.sumstats.gz and /local1/scratch/pazweifel/sumstats_blood/munged_sumstats/EO-SSC.sumstats.gz
1140930 SNPs remain after merging /local1/scratch/pazweifel/sumstats_blood/munged_sumstats/RBC-FSC.sumstats.gz and /local1/scratch/pazweifel/sumstats_blood/munged_sumstats/EO-SSC.sumstats.gz summary statistics
Results for genetic covariance between: /local1/scratch/pazweifel/sumstats_blood/munged_sumstats/RBC-FSC.sumstats.gz and /local1/scratch/pazweifel/sumstats_blood/munged_sumstats/EO-SSC.sumstats.gz
Mean Z*Z: 0.042
Cross trait Intercept: 0.0419 (0.0058)
Total Observed Scale Genetic Covariance (g_cov): -0.0046 (0.011)
g_cov Z: -0.42
g_cov P-value: 0.67439
     
Calculating genetic covariance [39/78] for traits: /local1/scratch/pazweifel/sumstats_blood/munged_sumstats/RBC-FSC.sumstats.gz and /local1/scratch/pazweifel/sumstats_blood/munged_sumstats/EO-FSC.sumstats.gz
1141325 SNPs remain after merging /local1/scratch/pazweifel/sumstats_blood/munged_sumstats/RBC-FSC.sumstats.gz and /local1/scratch/pazweifel/sumstats_blood/munged_sumstats/EO-FSC.sumstats.gz summary statistics
Results for genetic covariance between: /local1/scratch/pazweifel/sumstats_blood/munged_sumstats/RBC-FSC.sumstats.gz and /local1/scratch/pazweifel/sumstats_blood/munged_sumstats/EO-FSC.sumstats.gz
Mean Z*Z: 0.0245
Cross trait Intercept: 0.0191 (0.0056)
Total Observed Scale Genetic Covariance (g_cov): 0.0069 (0.012)
g_cov Z: 0.581
g_cov P-value: 0.56108
     
Calculating genetic covariance [40/78] for traits: /local1/scratch/pazweifel/sumstats_blood/munged_sumstats/RBC-FSC.sumstats.gz and /local1/scratch/pazweifel/sumstats_blood/munged_sumstats/BASO-FSC.sumstats.gz
1141389 SNPs remain after merging /local1/scratch/pazweifel/sumstats_blood/munged_sumstats/RBC-FSC.sumstats.gz and /local1/scratch/pazweifel/sumstats_blood/munged_sumstats/BASO-FSC.sumstats.gz summary statistics
Results for genetic covariance between: /local1/scratch/pazweifel/sumstats_blood/munged_sumstats/RBC-FSC.sumstats.gz and /local1/scratch/pazweifel/sumstats_blood/munged_sumstats/BASO-FSC.sumstats.gz
Mean Z*Z: 0.0098
Cross trait Intercept: 0.0201 (0.0054)
Total Observed Scale Genetic Covariance (g_cov): -0.0153 (0.0122)
g_cov Z: -1.26
g_cov P-value: 0.20929
     
Calculating genetic covariance [41/78] for traits: /local1/scratch/pazweifel/sumstats_blood/munged_sumstats/RBC-FSC.sumstats.gz and /local1/scratch/pazweifel/sumstats_blood/munged_sumstats/LY-SSC.sumstats.gz
1141364 SNPs remain after merging /local1/scratch/pazweifel/sumstats_blood/munged_sumstats/RBC-FSC.sumstats.gz and /local1/scratch/pazweifel/sumstats_blood/munged_sumstats/LY-SSC.sumstats.gz summary statistics
Results for genetic covariance between: /local1/scratch/pazweifel/sumstats_blood/munged_sumstats/RBC-FSC.sumstats.gz and /local1/scratch/pazweifel/sumstats_blood/munged_sumstats/LY-SSC.sumstats.gz
Mean Z*Z: 0.0452
Cross trait Intercept: 0.0442 (0.0061)
Total Observed Scale Genetic Covariance (g_cov): 0.0019 (0.0124)
g_cov Z: 0.156
g_cov P-value: 0.87568
     
Calculating genetic covariance [42/78] for traits: /local1/scratch/pazweifel/sumstats_blood/munged_sumstats/RBC-FSC.sumstats.gz and /local1/scratch/pazweifel/sumstats_blood/munged_sumstats/LY-FSC.sumstats.gz
1141412 SNPs remain after merging /local1/scratch/pazweifel/sumstats_blood/munged_sumstats/RBC-FSC.sumstats.gz and /local1/scratch/pazweifel/sumstats_blood/munged_sumstats/LY-FSC.sumstats.gz summary statistics
Results for genetic covariance between: /local1/scratch/pazweifel/sumstats_blood/munged_sumstats/RBC-FSC.sumstats.gz and /local1/scratch/pazweifel/sumstats_blood/munged_sumstats/LY-FSC.sumstats.gz
Mean Z*Z: 0.0115
Cross trait Intercept: 0.0184 (0.0055)
Total Observed Scale Genetic Covariance (g_cov): -0.007 (0.0112)
g_cov Z: -0.625
g_cov P-value: 0.53189
          
Estimating heritability [43/78] for: /local1/scratch/pazweifel/sumstats_blood/munged_sumstats/RET-FSC.sumstats.gz
Heritability Results for trait: /local1/scratch/pazweifel/sumstats_blood/munged_sumstats/RET-FSC.sumstats.gz
Mean Chi^2 across remaining SNPs: 1.1929
Lambda GC: 1.1049
Intercept: 1.0346 (0.0149)
Ratio: 0.1792 (0.0773)
Total Observed Scale h2: 0.1959 (0.0419)
h2 Z: 4.67
     
Calculating genetic covariance [44/78] for traits: /local1/scratch/pazweifel/sumstats_blood/munged_sumstats/RET-FSC.sumstats.gz and /local1/scratch/pazweifel/sumstats_blood/munged_sumstats/IRF-FSC.sumstats.gz
1141411 SNPs remain after merging /local1/scratch/pazweifel/sumstats_blood/munged_sumstats/RET-FSC.sumstats.gz and /local1/scratch/pazweifel/sumstats_blood/munged_sumstats/IRF-FSC.sumstats.gz summary statistics
Results for genetic covariance between: /local1/scratch/pazweifel/sumstats_blood/munged_sumstats/RET-FSC.sumstats.gz and /local1/scratch/pazweifel/sumstats_blood/munged_sumstats/IRF-FSC.sumstats.gz
Mean Z*Z: 0.9515
Cross trait Intercept: 0.8225 (0.0133)
Total Observed Scale Genetic Covariance (g_cov): 0.1566 (0.0379)
g_cov Z: 4.14
g_cov P-value: 3.5485e-05
     
Calculating genetic covariance [45/78] for traits: /local1/scratch/pazweifel/sumstats_blood/munged_sumstats/RET-FSC.sumstats.gz and /local1/scratch/pazweifel/sumstats_blood/munged_sumstats/NE-FSC.sumstats.gz
1141218 SNPs remain after merging /local1/scratch/pazweifel/sumstats_blood/munged_sumstats/RET-FSC.sumstats.gz and /local1/scratch/pazweifel/sumstats_blood/munged_sumstats/NE-FSC.sumstats.gz summary statistics
Results for genetic covariance between: /local1/scratch/pazweifel/sumstats_blood/munged_sumstats/RET-FSC.sumstats.gz and /local1/scratch/pazweifel/sumstats_blood/munged_sumstats/NE-FSC.sumstats.gz
Mean Z*Z: 0.0507
Cross trait Intercept: 0.0496 (0.006)
Total Observed Scale Genetic Covariance (g_cov): 0.0014 (0.0112)
g_cov Z: 0.128
g_cov P-value: 0.898
     
Calculating genetic covariance [46/78] for traits: /local1/scratch/pazweifel/sumstats_blood/munged_sumstats/RET-FSC.sumstats.gz and /local1/scratch/pazweifel/sumstats_blood/munged_sumstats/EO-SSC.sumstats.gz
1140960 SNPs remain after merging /local1/scratch/pazweifel/sumstats_blood/munged_sumstats/RET-FSC.sumstats.gz and /local1/scratch/pazweifel/sumstats_blood/munged_sumstats/EO-SSC.sumstats.gz summary statistics
Results for genetic covariance between: /local1/scratch/pazweifel/sumstats_blood/munged_sumstats/RET-FSC.sumstats.gz and /local1/scratch/pazweifel/sumstats_blood/munged_sumstats/EO-SSC.sumstats.gz
Mean Z*Z: 0.0399
Cross trait Intercept: 0.0395 (0.0058)
Total Observed Scale Genetic Covariance (g_cov): -0.0049 (0.0121)
g_cov Z: -0.403
g_cov P-value: 0.68718
     
Calculating genetic covariance [47/78] for traits: /local1/scratch/pazweifel/sumstats_blood/munged_sumstats/RET-FSC.sumstats.gz and /local1/scratch/pazweifel/sumstats_blood/munged_sumstats/EO-FSC.sumstats.gz
1141355 SNPs remain after merging /local1/scratch/pazweifel/sumstats_blood/munged_sumstats/RET-FSC.sumstats.gz and /local1/scratch/pazweifel/sumstats_blood/munged_sumstats/EO-FSC.sumstats.gz summary statistics
Results for genetic covariance between: /local1/scratch/pazweifel/sumstats_blood/munged_sumstats/RET-FSC.sumstats.gz and /local1/scratch/pazweifel/sumstats_blood/munged_sumstats/EO-FSC.sumstats.gz
Mean Z*Z: 0.0195
Cross trait Intercept: 0.0179 (0.0055)
Total Observed Scale Genetic Covariance (g_cov): 6e-04 (0.0125)
g_cov Z: 0.0514
g_cov P-value: 0.95899
     
Calculating genetic covariance [48/78] for traits: /local1/scratch/pazweifel/sumstats_blood/munged_sumstats/RET-FSC.sumstats.gz and /local1/scratch/pazweifel/sumstats_blood/munged_sumstats/BASO-FSC.sumstats.gz
1141419 SNPs remain after merging /local1/scratch/pazweifel/sumstats_blood/munged_sumstats/RET-FSC.sumstats.gz and /local1/scratch/pazweifel/sumstats_blood/munged_sumstats/BASO-FSC.sumstats.gz summary statistics
Results for genetic covariance between: /local1/scratch/pazweifel/sumstats_blood/munged_sumstats/RET-FSC.sumstats.gz and /local1/scratch/pazweifel/sumstats_blood/munged_sumstats/BASO-FSC.sumstats.gz
Mean Z*Z: 0.0071
Cross trait Intercept: 0.0226 (0.0056)
Total Observed Scale Genetic Covariance (g_cov): -0.0225 (0.012)
g_cov Z: -1.88
g_cov P-value: 0.060083
     
Calculating genetic covariance [49/78] for traits: /local1/scratch/pazweifel/sumstats_blood/munged_sumstats/RET-FSC.sumstats.gz and /local1/scratch/pazweifel/sumstats_blood/munged_sumstats/LY-SSC.sumstats.gz
1141394 SNPs remain after merging /local1/scratch/pazweifel/sumstats_blood/munged_sumstats/RET-FSC.sumstats.gz and /local1/scratch/pazweifel/sumstats_blood/munged_sumstats/LY-SSC.sumstats.gz summary statistics
Results for genetic covariance between: /local1/scratch/pazweifel/sumstats_blood/munged_sumstats/RET-FSC.sumstats.gz and /local1/scratch/pazweifel/sumstats_blood/munged_sumstats/LY-SSC.sumstats.gz
Mean Z*Z: 0.0357
Cross trait Intercept: 0.0432 (0.0059)
Total Observed Scale Genetic Covariance (g_cov): -0.0091 (0.0123)
g_cov Z: -0.743
g_cov P-value: 0.4573
     
Calculating genetic covariance [50/78] for traits: /local1/scratch/pazweifel/sumstats_blood/munged_sumstats/RET-FSC.sumstats.gz and /local1/scratch/pazweifel/sumstats_blood/munged_sumstats/LY-FSC.sumstats.gz
1141442 SNPs remain after merging /local1/scratch/pazweifel/sumstats_blood/munged_sumstats/RET-FSC.sumstats.gz and /local1/scratch/pazweifel/sumstats_blood/munged_sumstats/LY-FSC.sumstats.gz summary statistics
Results for genetic covariance between: /local1/scratch/pazweifel/sumstats_blood/munged_sumstats/RET-FSC.sumstats.gz and /local1/scratch/pazweifel/sumstats_blood/munged_sumstats/LY-FSC.sumstats.gz
Mean Z*Z: 0.0098
Cross trait Intercept: 0.022 (0.0053)
Total Observed Scale Genetic Covariance (g_cov): -0.014 (0.0109)
g_cov Z: -1.28
g_cov P-value: 0.19887
          
Estimating heritability [51/78] for: /local1/scratch/pazweifel/sumstats_blood/munged_sumstats/IRF-FSC.sumstats.gz
Heritability Results for trait: /local1/scratch/pazweifel/sumstats_blood/munged_sumstats/IRF-FSC.sumstats.gz
Mean Chi^2 across remaining SNPs: 1.1365
Lambda GC: 1.074
Intercept: 1.0067 (0.0137)
Ratio: 0.0492 (0.1006)
Total Observed Scale h2: 0.157 (0.039)
h2 Z: 4.02
     
Calculating genetic covariance [52/78] for traits: /local1/scratch/pazweifel/sumstats_blood/munged_sumstats/IRF-FSC.sumstats.gz and /local1/scratch/pazweifel/sumstats_blood/munged_sumstats/NE-FSC.sumstats.gz
1141298 SNPs remain after merging /local1/scratch/pazweifel/sumstats_blood/munged_sumstats/IRF-FSC.sumstats.gz and /local1/scratch/pazweifel/sumstats_blood/munged_sumstats/NE-FSC.sumstats.gz summary statistics
Results for genetic covariance between: /local1/scratch/pazweifel/sumstats_blood/munged_sumstats/IRF-FSC.sumstats.gz and /local1/scratch/pazweifel/sumstats_blood/munged_sumstats/NE-FSC.sumstats.gz
Mean Z*Z: 0.043
Cross trait Intercept: 0.0356 (0.0053)
Total Observed Scale Genetic Covariance (g_cov): 0.0094 (0.0102)
g_cov Z: 0.925
g_cov P-value: 0.35475
     
Calculating genetic covariance [53/78] for traits: /local1/scratch/pazweifel/sumstats_blood/munged_sumstats/IRF-FSC.sumstats.gz and /local1/scratch/pazweifel/sumstats_blood/munged_sumstats/EO-SSC.sumstats.gz
1141043 SNPs remain after merging /local1/scratch/pazweifel/sumstats_blood/munged_sumstats/IRF-FSC.sumstats.gz and /local1/scratch/pazweifel/sumstats_blood/munged_sumstats/EO-SSC.sumstats.gz summary statistics
Results for genetic covariance between: /local1/scratch/pazweifel/sumstats_blood/munged_sumstats/IRF-FSC.sumstats.gz and /local1/scratch/pazweifel/sumstats_blood/munged_sumstats/EO-SSC.sumstats.gz
Mean Z*Z: 0.0436
Cross trait Intercept: 0.035 (0.0056)
Total Observed Scale Genetic Covariance (g_cov): 0.0079 (0.0125)
g_cov Z: 0.629
g_cov P-value: 0.52948
     
Calculating genetic covariance [54/78] for traits: /local1/scratch/pazweifel/sumstats_blood/munged_sumstats/IRF-FSC.sumstats.gz and /local1/scratch/pazweifel/sumstats_blood/munged_sumstats/EO-FSC.sumstats.gz
1141438 SNPs remain after merging /local1/scratch/pazweifel/sumstats_blood/munged_sumstats/IRF-FSC.sumstats.gz and /local1/scratch/pazweifel/sumstats_blood/munged_sumstats/EO-FSC.sumstats.gz summary statistics
Results for genetic covariance between: /local1/scratch/pazweifel/sumstats_blood/munged_sumstats/IRF-FSC.sumstats.gz and /local1/scratch/pazweifel/sumstats_blood/munged_sumstats/EO-FSC.sumstats.gz
Mean Z*Z: 0.0245
Cross trait Intercept: 0.0171 (0.005)
Total Observed Scale Genetic Covariance (g_cov): 0.0088 (0.0117)
g_cov Z: 0.757
g_cov P-value: 0.44926
     
Calculating genetic covariance [55/78] for traits: /local1/scratch/pazweifel/sumstats_blood/munged_sumstats/IRF-FSC.sumstats.gz and /local1/scratch/pazweifel/sumstats_blood/munged_sumstats/BASO-FSC.sumstats.gz
1141502 SNPs remain after merging /local1/scratch/pazweifel/sumstats_blood/munged_sumstats/IRF-FSC.sumstats.gz and /local1/scratch/pazweifel/sumstats_blood/munged_sumstats/BASO-FSC.sumstats.gz summary statistics
Results for genetic covariance between: /local1/scratch/pazweifel/sumstats_blood/munged_sumstats/IRF-FSC.sumstats.gz and /local1/scratch/pazweifel/sumstats_blood/munged_sumstats/BASO-FSC.sumstats.gz
Mean Z*Z: 0.007
Cross trait Intercept: 0.017 (0.0054)
Total Observed Scale Genetic Covariance (g_cov): -0.0149 (0.0108)
g_cov Z: -1.38
g_cov P-value: 0.16625
     
Calculating genetic covariance [56/78] for traits: /local1/scratch/pazweifel/sumstats_blood/munged_sumstats/IRF-FSC.sumstats.gz and /local1/scratch/pazweifel/sumstats_blood/munged_sumstats/LY-SSC.sumstats.gz
1141477 SNPs remain after merging /local1/scratch/pazweifel/sumstats_blood/munged_sumstats/IRF-FSC.sumstats.gz and /local1/scratch/pazweifel/sumstats_blood/munged_sumstats/LY-SSC.sumstats.gz summary statistics
Results for genetic covariance between: /local1/scratch/pazweifel/sumstats_blood/munged_sumstats/IRF-FSC.sumstats.gz and /local1/scratch/pazweifel/sumstats_blood/munged_sumstats/LY-SSC.sumstats.gz
Mean Z*Z: 0.0084
Cross trait Intercept: 0.0187 (0.006)
Total Observed Scale Genetic Covariance (g_cov): -0.0128 (0.0116)
g_cov Z: -1.11
g_cov P-value: 0.26849
     
Calculating genetic covariance [57/78] for traits: /local1/scratch/pazweifel/sumstats_blood/munged_sumstats/IRF-FSC.sumstats.gz and /local1/scratch/pazweifel/sumstats_blood/munged_sumstats/LY-FSC.sumstats.gz
1141525 SNPs remain after merging /local1/scratch/pazweifel/sumstats_blood/munged_sumstats/IRF-FSC.sumstats.gz and /local1/scratch/pazweifel/sumstats_blood/munged_sumstats/LY-FSC.sumstats.gz summary statistics
Results for genetic covariance between: /local1/scratch/pazweifel/sumstats_blood/munged_sumstats/IRF-FSC.sumstats.gz and /local1/scratch/pazweifel/sumstats_blood/munged_sumstats/LY-FSC.sumstats.gz
Mean Z*Z: -0.0137
Cross trait Intercept: 0.0011 (0.0059)
Total Observed Scale Genetic Covariance (g_cov): -0.0178 (0.0103)
g_cov Z: -1.72
g_cov P-value: 0.084915
          
Estimating heritability [58/78] for: /local1/scratch/pazweifel/sumstats_blood/munged_sumstats/NE-FSC.sumstats.gz
Heritability Results for trait: /local1/scratch/pazweifel/sumstats_blood/munged_sumstats/NE-FSC.sumstats.gz
Mean Chi^2 across remaining SNPs: 1.178
Lambda GC: 1.0956
Intercept: 1.0218 (0.011)
Ratio: 0.1225 (0.062)
Total Observed Scale h2: 0.1929 (0.0239)
h2 Z: 8.08
     
Calculating genetic covariance [59/78] for traits: /local1/scratch/pazweifel/sumstats_blood/munged_sumstats/NE-FSC.sumstats.gz and /local1/scratch/pazweifel/sumstats_blood/munged_sumstats/EO-SSC.sumstats.gz
1141038 SNPs remain after merging /local1/scratch/pazweifel/sumstats_blood/munged_sumstats/NE-FSC.sumstats.gz and /local1/scratch/pazweifel/sumstats_blood/munged_sumstats/EO-SSC.sumstats.gz summary statistics
Results for genetic covariance between: /local1/scratch/pazweifel/sumstats_blood/munged_sumstats/NE-FSC.sumstats.gz and /local1/scratch/pazweifel/sumstats_blood/munged_sumstats/EO-SSC.sumstats.gz
Mean Z*Z: 0.1333
Cross trait Intercept: 0.117 (0.0066)
Total Observed Scale Genetic Covariance (g_cov): 0.0219 (0.0167)
g_cov Z: 1.31
g_cov P-value: 0.1898
     
Calculating genetic covariance [60/78] for traits: /local1/scratch/pazweifel/sumstats_blood/munged_sumstats/NE-FSC.sumstats.gz and /local1/scratch/pazweifel/sumstats_blood/munged_sumstats/EO-FSC.sumstats.gz
1141413 SNPs remain after merging /local1/scratch/pazweifel/sumstats_blood/munged_sumstats/NE-FSC.sumstats.gz and /local1/scratch/pazweifel/sumstats_blood/munged_sumstats/EO-FSC.sumstats.gz summary statistics
Results for genetic covariance between: /local1/scratch/pazweifel/sumstats_blood/munged_sumstats/NE-FSC.sumstats.gz and /local1/scratch/pazweifel/sumstats_blood/munged_sumstats/EO-FSC.sumstats.gz
Mean Z*Z: 0.1048
Cross trait Intercept: 0.0848 (0.0064)
Total Observed Scale Genetic Covariance (g_cov): 0.028 (0.0145)
g_cov Z: 1.93
g_cov P-value: 0.053697
     
Calculating genetic covariance [61/78] for traits: /local1/scratch/pazweifel/sumstats_blood/munged_sumstats/NE-FSC.sumstats.gz and /local1/scratch/pazweifel/sumstats_blood/munged_sumstats/BASO-FSC.sumstats.gz
1141465 SNPs remain after merging /local1/scratch/pazweifel/sumstats_blood/munged_sumstats/NE-FSC.sumstats.gz and /local1/scratch/pazweifel/sumstats_blood/munged_sumstats/BASO-FSC.sumstats.gz summary statistics
Results for genetic covariance between: /local1/scratch/pazweifel/sumstats_blood/munged_sumstats/NE-FSC.sumstats.gz and /local1/scratch/pazweifel/sumstats_blood/munged_sumstats/BASO-FSC.sumstats.gz
Mean Z*Z: 0.0136
Cross trait Intercept: 0.0192 (0.0056)
Total Observed Scale Genetic Covariance (g_cov): -0.0079 (0.0122)
g_cov Z: -0.648
g_cov P-value: 0.51717
     
Calculating genetic covariance [62/78] for traits: /local1/scratch/pazweifel/sumstats_blood/munged_sumstats/NE-FSC.sumstats.gz and /local1/scratch/pazweifel/sumstats_blood/munged_sumstats/LY-SSC.sumstats.gz
1141439 SNPs remain after merging /local1/scratch/pazweifel/sumstats_blood/munged_sumstats/NE-FSC.sumstats.gz and /local1/scratch/pazweifel/sumstats_blood/munged_sumstats/LY-SSC.sumstats.gz summary statistics
Results for genetic covariance between: /local1/scratch/pazweifel/sumstats_blood/munged_sumstats/NE-FSC.sumstats.gz and /local1/scratch/pazweifel/sumstats_blood/munged_sumstats/LY-SSC.sumstats.gz
Mean Z*Z: 0.0106
Cross trait Intercept: 0.0204 (0.0059)
Total Observed Scale Genetic Covariance (g_cov): -0.0111 (0.0114)
g_cov Z: -0.972
g_cov P-value: 0.33091
     
Calculating genetic covariance [63/78] for traits: /local1/scratch/pazweifel/sumstats_blood/munged_sumstats/NE-FSC.sumstats.gz and /local1/scratch/pazweifel/sumstats_blood/munged_sumstats/LY-FSC.sumstats.gz
1141489 SNPs remain after merging /local1/scratch/pazweifel/sumstats_blood/munged_sumstats/NE-FSC.sumstats.gz and /local1/scratch/pazweifel/sumstats_blood/munged_sumstats/LY-FSC.sumstats.gz summary statistics
Results for genetic covariance between: /local1/scratch/pazweifel/sumstats_blood/munged_sumstats/NE-FSC.sumstats.gz and /local1/scratch/pazweifel/sumstats_blood/munged_sumstats/LY-FSC.sumstats.gz
Mean Z*Z: 0.0384
Cross trait Intercept: 0.0449 (0.0056)
Total Observed Scale Genetic Covariance (g_cov): -0.0083 (0.0109)
g_cov Z: -0.767
g_cov P-value: 0.44336
          
Estimating heritability [64/78] for: /local1/scratch/pazweifel/sumstats_blood/munged_sumstats/EO-SSC.sumstats.gz
Heritability Results for trait: /local1/scratch/pazweifel/sumstats_blood/munged_sumstats/EO-SSC.sumstats.gz
Mean Chi^2 across remaining SNPs: 1.1272
Lambda GC: 1.0587
Intercept: 1.025 (0.0147)
Ratio: 0.1969 (0.1152)
Total Observed Scale h2: 0.149 (0.0519)
h2 Z: 2.87
     
Calculating genetic covariance [65/78] for traits: /local1/scratch/pazweifel/sumstats_blood/munged_sumstats/EO-SSC.sumstats.gz and /local1/scratch/pazweifel/sumstats_blood/munged_sumstats/EO-FSC.sumstats.gz
1141245 SNPs remain after merging /local1/scratch/pazweifel/sumstats_blood/munged_sumstats/EO-SSC.sumstats.gz and /local1/scratch/pazweifel/sumstats_blood/munged_sumstats/EO-FSC.sumstats.gz summary statistics
Results for genetic covariance between: /local1/scratch/pazweifel/sumstats_blood/munged_sumstats/EO-SSC.sumstats.gz and /local1/scratch/pazweifel/sumstats_blood/munged_sumstats/EO-FSC.sumstats.gz
Mean Z*Z: 0.376
Cross trait Intercept: 0.318 (0.0088)
Total Observed Scale Genetic Covariance (g_cov): 0.0861 (0.0266)
g_cov Z: 3.24
g_cov P-value: 0.0011907
     
Calculating genetic covariance [66/78] for traits: /local1/scratch/pazweifel/sumstats_blood/munged_sumstats/EO-SSC.sumstats.gz and /local1/scratch/pazweifel/sumstats_blood/munged_sumstats/BASO-FSC.sumstats.gz
1141223 SNPs remain after merging /local1/scratch/pazweifel/sumstats_blood/munged_sumstats/EO-SSC.sumstats.gz and /local1/scratch/pazweifel/sumstats_blood/munged_sumstats/BASO-FSC.sumstats.gz summary statistics
Results for genetic covariance between: /local1/scratch/pazweifel/sumstats_blood/munged_sumstats/EO-SSC.sumstats.gz and /local1/scratch/pazweifel/sumstats_blood/munged_sumstats/BASO-FSC.sumstats.gz
Mean Z*Z: 0.0554
Cross trait Intercept: 0.0397 (0.0053)
Total Observed Scale Genetic Covariance (g_cov): 0.0249 (0.0109)
g_cov Z: 2.29
g_cov P-value: 0.022063
     
Calculating genetic covariance [67/78] for traits: /local1/scratch/pazweifel/sumstats_blood/munged_sumstats/EO-SSC.sumstats.gz and /local1/scratch/pazweifel/sumstats_blood/munged_sumstats/LY-SSC.sumstats.gz
1141193 SNPs remain after merging /local1/scratch/pazweifel/sumstats_blood/munged_sumstats/EO-SSC.sumstats.gz and /local1/scratch/pazweifel/sumstats_blood/munged_sumstats/LY-SSC.sumstats.gz summary statistics
Results for genetic covariance between: /local1/scratch/pazweifel/sumstats_blood/munged_sumstats/EO-SSC.sumstats.gz and /local1/scratch/pazweifel/sumstats_blood/munged_sumstats/LY-SSC.sumstats.gz
Mean Z*Z: 0.0136
Cross trait Intercept: 0.0058 (0.0061)
Total Observed Scale Genetic Covariance (g_cov): 0.0085 (0.0138)
g_cov Z: 0.614
g_cov P-value: 0.53952
     
Calculating genetic covariance [68/78] for traits: /local1/scratch/pazweifel/sumstats_blood/munged_sumstats/EO-SSC.sumstats.gz and /local1/scratch/pazweifel/sumstats_blood/munged_sumstats/LY-FSC.sumstats.gz
1141244 SNPs remain after merging /local1/scratch/pazweifel/sumstats_blood/munged_sumstats/EO-SSC.sumstats.gz and /local1/scratch/pazweifel/sumstats_blood/munged_sumstats/LY-FSC.sumstats.gz summary statistics
Results for genetic covariance between: /local1/scratch/pazweifel/sumstats_blood/munged_sumstats/EO-SSC.sumstats.gz and /local1/scratch/pazweifel/sumstats_blood/munged_sumstats/LY-FSC.sumstats.gz
Mean Z*Z: 0.0022
Cross trait Intercept: -0.0029 (0.0053)
Total Observed Scale Genetic Covariance (g_cov): 0.0075 (0.0102)
g_cov Z: 0.741
g_cov P-value: 0.45891
          
Estimating heritability [69/78] for: /local1/scratch/pazweifel/sumstats_blood/munged_sumstats/EO-FSC.sumstats.gz
Heritability Results for trait: /local1/scratch/pazweifel/sumstats_blood/munged_sumstats/EO-FSC.sumstats.gz
Mean Chi^2 across remaining SNPs: 1.0615
Lambda GC: 1.0314
Intercept: 1.0101 (0.0101)
Ratio: 0.1642 (0.1638)
Total Observed Scale h2: 0.08 (0.0262)
h2 Z: 3.05
     
Calculating genetic covariance [70/78] for traits: /local1/scratch/pazweifel/sumstats_blood/munged_sumstats/EO-FSC.sumstats.gz and /local1/scratch/pazweifel/sumstats_blood/munged_sumstats/BASO-FSC.sumstats.gz
1141618 SNPs remain after merging /local1/scratch/pazweifel/sumstats_blood/munged_sumstats/EO-FSC.sumstats.gz and /local1/scratch/pazweifel/sumstats_blood/munged_sumstats/BASO-FSC.sumstats.gz summary statistics
Results for genetic covariance between: /local1/scratch/pazweifel/sumstats_blood/munged_sumstats/EO-FSC.sumstats.gz and /local1/scratch/pazweifel/sumstats_blood/munged_sumstats/BASO-FSC.sumstats.gz
Mean Z*Z: 0.0488
Cross trait Intercept: 0.0361 (0.0051)
Total Observed Scale Genetic Covariance (g_cov): 0.0203 (0.0109)
g_cov Z: 1.85
g_cov P-value: 0.064013
     
Calculating genetic covariance [71/78] for traits: /local1/scratch/pazweifel/sumstats_blood/munged_sumstats/EO-FSC.sumstats.gz and /local1/scratch/pazweifel/sumstats_blood/munged_sumstats/LY-SSC.sumstats.gz
1141588 SNPs remain after merging /local1/scratch/pazweifel/sumstats_blood/munged_sumstats/EO-FSC.sumstats.gz and /local1/scratch/pazweifel/sumstats_blood/munged_sumstats/LY-SSC.sumstats.gz summary statistics
Results for genetic covariance between: /local1/scratch/pazweifel/sumstats_blood/munged_sumstats/EO-FSC.sumstats.gz and /local1/scratch/pazweifel/sumstats_blood/munged_sumstats/LY-SSC.sumstats.gz
Mean Z*Z: 0.0097
Cross trait Intercept: 0.0084 (0.0059)
Total Observed Scale Genetic Covariance (g_cov): 0.0013 (0.011)
g_cov Z: 0.122
g_cov P-value: 0.90321
     
Calculating genetic covariance [72/78] for traits: /local1/scratch/pazweifel/sumstats_blood/munged_sumstats/EO-FSC.sumstats.gz and /local1/scratch/pazweifel/sumstats_blood/munged_sumstats/LY-FSC.sumstats.gz
1141639 SNPs remain after merging /local1/scratch/pazweifel/sumstats_blood/munged_sumstats/EO-FSC.sumstats.gz and /local1/scratch/pazweifel/sumstats_blood/munged_sumstats/LY-FSC.sumstats.gz summary statistics
Results for genetic covariance between: /local1/scratch/pazweifel/sumstats_blood/munged_sumstats/EO-FSC.sumstats.gz and /local1/scratch/pazweifel/sumstats_blood/munged_sumstats/LY-FSC.sumstats.gz
Mean Z*Z: -0.0078
Cross trait Intercept: -0.0125 (0.0058)
Total Observed Scale Genetic Covariance (g_cov): 0.0079 (0.0102)
g_cov Z: 0.774
g_cov P-value: 0.43901
          
Estimating heritability [73/78] for: /local1/scratch/pazweifel/sumstats_blood/munged_sumstats/BASO-FSC.sumstats.gz
Heritability Results for trait: /local1/scratch/pazweifel/sumstats_blood/munged_sumstats/BASO-FSC.sumstats.gz
Mean Chi^2 across remaining SNPs: 1.0313
Lambda GC: 1.0224
Intercept: 1.0026 (0.0078)
Ratio: 0.0841 (0.2503)
Total Observed Scale h2: 0.0454 (0.0165)
h2 Z: 2.75
     
Calculating genetic covariance [74/78] for traits: /local1/scratch/pazweifel/sumstats_blood/munged_sumstats/BASO-FSC.sumstats.gz and /local1/scratch/pazweifel/sumstats_blood/munged_sumstats/LY-SSC.sumstats.gz
1141652 SNPs remain after merging /local1/scratch/pazweifel/sumstats_blood/munged_sumstats/BASO-FSC.sumstats.gz and /local1/scratch/pazweifel/sumstats_blood/munged_sumstats/LY-SSC.sumstats.gz summary statistics
Results for genetic covariance between: /local1/scratch/pazweifel/sumstats_blood/munged_sumstats/BASO-FSC.sumstats.gz and /local1/scratch/pazweifel/sumstats_blood/munged_sumstats/LY-SSC.sumstats.gz
Mean Z*Z: 0.0042
Cross trait Intercept: -0.0143 (0.0055)
Total Observed Scale Genetic Covariance (g_cov): 0.026 (0.0105)
g_cov Z: 2.47
g_cov P-value: 0.01356
     
Calculating genetic covariance [75/78] for traits: /local1/scratch/pazweifel/sumstats_blood/munged_sumstats/BASO-FSC.sumstats.gz and /local1/scratch/pazweifel/sumstats_blood/munged_sumstats/LY-FSC.sumstats.gz
1141701 SNPs remain after merging /local1/scratch/pazweifel/sumstats_blood/munged_sumstats/BASO-FSC.sumstats.gz and /local1/scratch/pazweifel/sumstats_blood/munged_sumstats/LY-FSC.sumstats.gz summary statistics
Results for genetic covariance between: /local1/scratch/pazweifel/sumstats_blood/munged_sumstats/BASO-FSC.sumstats.gz and /local1/scratch/pazweifel/sumstats_blood/munged_sumstats/LY-FSC.sumstats.gz
Mean Z*Z: -0.0031
Cross trait Intercept: -0.006 (0.0053)
Total Observed Scale Genetic Covariance (g_cov): 0.0046 (0.0104)
g_cov Z: 0.447
g_cov P-value: 0.65503
          
Estimating heritability [76/78] for: /local1/scratch/pazweifel/sumstats_blood/munged_sumstats/LY-SSC.sumstats.gz
Heritability Results for trait: /local1/scratch/pazweifel/sumstats_blood/munged_sumstats/LY-SSC.sumstats.gz
Mean Chi^2 across remaining SNPs: 1.1777
Lambda GC: 1.1206
Intercept: 1.0392 (0.0096)
Ratio: 0.2204 (0.0542)
Total Observed Scale h2: 0.173 (0.0226)
h2 Z: 7.65
     
Calculating genetic covariance [77/78] for traits: /local1/scratch/pazweifel/sumstats_blood/munged_sumstats/LY-SSC.sumstats.gz and /local1/scratch/pazweifel/sumstats_blood/munged_sumstats/LY-FSC.sumstats.gz
1141674 SNPs remain after merging /local1/scratch/pazweifel/sumstats_blood/munged_sumstats/LY-SSC.sumstats.gz and /local1/scratch/pazweifel/sumstats_blood/munged_sumstats/LY-FSC.sumstats.gz summary statistics
Results for genetic covariance between: /local1/scratch/pazweifel/sumstats_blood/munged_sumstats/LY-SSC.sumstats.gz and /local1/scratch/pazweifel/sumstats_blood/munged_sumstats/LY-FSC.sumstats.gz
Mean Z*Z: 0.4983
Cross trait Intercept: 0.4462 (0.0064)
Total Observed Scale Genetic Covariance (g_cov): 0.0643 (0.0142)
g_cov Z: 4.51
g_cov P-value: 6.3554e-06
          
Estimating heritability [78/78] for: /local1/scratch/pazweifel/sumstats_blood/munged_sumstats/LY-FSC.sumstats.gz
Heritability Results for trait: /local1/scratch/pazweifel/sumstats_blood/munged_sumstats/LY-FSC.sumstats.gz
Mean Chi^2 across remaining SNPs: 1.081
Lambda GC: 1.0496
Intercept: 1.0125 (0.0084)
Ratio: 0.1544 (0.1043)
Total Observed Scale h2: 0.086 (0.0164)
h2 Z: 5.26
     
      
Genetic Correlation Results
Genetic Correlation between PLTSSC and PLTFSC: 0.9086 (0.1326)
     
Genetic Correlation between PLTSSC and RBCSSC: -0.133 (0.0692)
     
Genetic Correlation between PLTSSC and RBCFSC: -0.0064 (0.0628)
     
Genetic Correlation between PLTSSC and RETFSC: -0.0364 (0.0639)
     
Genetic Correlation between PLTSSC and IRFFSC: -0.0767 (0.0645)
     
Genetic Correlation between PLTSSC and NEFSC: 0.009 (0.0655)
     
Genetic Correlation between PLTSSC and EOSSC: -0.0068 (0.0693)
     
Genetic Correlation between PLTSSC and EOFSC: 0.005 (0.0906)
     
Genetic Correlation between PLTSSC and BASOFSC: -0.1795 (0.1193)
     
Genetic Correlation between PLTSSC and LYSSC: -0.0285 (0.0619)
     
Genetic Correlation between PLTSSC and LYFSC: 0.1221 (0.0855)
     
Genetic Correlation between PLTFSC and RBCSSC: -0.1294 (0.0716)
     
Genetic Correlation between PLTFSC and RBCFSC: 0.0123 (0.0601)
     
Genetic Correlation between PLTFSC and RETFSC: -0.0296 (0.0601)
     
Genetic Correlation between PLTFSC and IRFFSC: -0.0937 (0.0614)
     
Genetic Correlation between PLTFSC and NEFSC: -0.0257 (0.0594)
     
Genetic Correlation between PLTFSC and EOSSC: -0.0417 (0.068)
     
Genetic Correlation between PLTFSC and EOFSC: -0.073 (0.0965)
     
Genetic Correlation between PLTFSC and BASOFSC: -0.0515 (0.112)
     
Genetic Correlation between PLTFSC and LYSSC: -0.0205 (0.0585)
     
Genetic Correlation between PLTFSC and LYFSC: 0.0837 (0.0834)
     
Genetic Correlation between RBCSSC and RBCFSC: 0.8306 (0.2178)
     
Genetic Correlation between RBCSSC and RETFSC: 0.8122 (0.2111)
     
Genetic Correlation between RBCSSC and IRFFSC: 0.8063 (0.2252)
     
Genetic Correlation between RBCSSC and NEFSC: -0.0117 (0.0753)
     
Genetic Correlation between RBCSSC and EOSSC: -0.0061 (0.0891)
     
Genetic Correlation between RBCSSC and EOFSC: 0.0342 (0.1143)
     
Genetic Correlation between RBCSSC and BASOFSC: -0.2771 (0.1312)
     
Genetic Correlation between RBCSSC and LYSSC: -0.053 (0.0781)
     
Genetic Correlation between RBCSSC and LYFSC: -0.087 (0.1019)
     
Genetic Correlation between RBCFSC and RETFSC: 0.9551 (0.2136)
     
Genetic Correlation between RBCFSC and IRFFSC: 0.8525 (0.2203)
     
Genetic Correlation between RBCFSC and NEFSC: -0.0418 (0.0623)
     
Genetic Correlation between RBCFSC and EOSSC: -0.0273 (0.065)
     
Genetic Correlation between RBCFSC and EOFSC: 0.0558 (0.0961)
     
Genetic Correlation between RBCFSC and BASOFSC: -0.1631 (0.1299)
     
Genetic Correlation between RBCFSC and LYSSC: 0.0106 (0.0676)
     
Genetic Correlation between RBCFSC and LYFSC: -0.0545 (0.0872)
     
Genetic Correlation between RETFSC and IRFFSC: 0.8928 (0.2159)
     
Genetic Correlation between RETFSC and NEFSC: 0.0074 (0.0575)
     
Genetic Correlation between RETFSC and EOSSC: -0.0286 (0.071)
     
Genetic Correlation between RETFSC and EOFSC: 0.0051 (0.0997)
     
Genetic Correlation between RETFSC and BASOFSC: -0.2385 (0.1268)
     
Genetic Correlation between RETFSC and LYSSC: -0.0496 (0.0668)
     
Genetic Correlation between RETFSC and LYFSC: -0.1081 (0.0841)
     
Genetic Correlation between IRFFSC and NEFSC: 0.0541 (0.0585)
     
Genetic Correlation between IRFFSC and EOSSC: 0.0515 (0.0819)
     
Genetic Correlation between IRFFSC and EOFSC: 0.0788 (0.1042)
     
Genetic Correlation between IRFFSC and BASOFSC: -0.1765 (0.1275)
     
Genetic Correlation between IRFFSC and LYSSC: -0.0779 (0.0704)
     
Genetic Correlation between IRFFSC and LYFSC: -0.1532 (0.0889)
     
Genetic Correlation between NEFSC and EOSSC: 0.1291 (0.0984)
     
Genetic Correlation between NEFSC and EOFSC: 0.2255 (0.1169)
     
Genetic Correlation between NEFSC and BASOFSC: -0.0846 (0.1307)
     
Genetic Correlation between NEFSC and LYSSC: -0.0608 (0.0625)
     
Genetic Correlation between NEFSC and LYFSC: -0.0646 (0.0843)
     
Genetic Correlation between EOSSC and EOFSC: 0.7888 (0.2434)
     
Genetic Correlation between EOSSC and BASOFSC: 0.3021 (0.132)
     
Genetic Correlation between EOSSC and LYSSC: 0.0529 (0.0861)
     
Genetic Correlation between EOSSC and LYFSC: 0.0665 (0.0898)
     
Genetic Correlation between EOFSC and BASOFSC: 0.3363 (0.1816)
     
Genetic Correlation between EOFSC and LYSSC: 0.0114 (0.0936)
     
Genetic Correlation between EOFSC and LYFSC: 0.0953 (0.1232)
     
Genetic Correlation between BASOFSC and LYSSC: 0.2938 (0.119)
     
Genetic Correlation between BASOFSC and LYFSC: 0.0743 (0.1663)
     
Genetic Correlation between LYSSC and LYFSC: 0.5271 (0.1168)
     
     
LDSC finished running at 2025-12-10 17:45:43.208654
Running LDSC for all files took 10 minutes and 10 seconds
     
