nohup: ignoring input
*********************************************************************
* LD Score Regression (LDSC)
* Version 1.0.1
* (C) 2014-2019 Brendan Bulik-Sullivan and Hilary Finucane
* Broad Institute of MIT and Harvard / MIT Department of Mathematics
* GNU General Public License v3
*********************************************************************
Call: 
./munge_sumstats.py \
--signed-sumstats Beta,0 \
--out /local1/scratch/pazweifel/sumstats_blood/munged_factor_sumstats/GraLy_fsc_ssc_4 \
--N-col N \
--a1 A1 \
--a2 A2 \
--snp SNP \
--sumstats /local1/scratch/pazweifel/sumstats_blood/factor_sumstats/GraLy_fsc_ssc_4.tsv \
--p P 

Interpreting column names as follows:
N:	Sample size
A1:	Allele 1, interpreted as ref allele for signed sumstat.
P:	p-Value
Beta:	Directional summary statistic as specified by --signed-sumstats.
A2:	Allele 2, interpreted as non-ref allele for signed sumstat.
SNP:	Variant ID (e.g., rs number)
MAF:	Allele frequency

Reading sumstats from /local1/scratch/pazweifel/sumstats_blood/factor_sumstats/GraLy_fsc_ssc_4.tsv into memory 5000000 SNPs at a time.
. done
Read 1164662 SNPs from --sumstats file.
Removed 0 SNPs with missing values.
Removed 0 SNPs with INFO <= 0.9.
Removed 0 SNPs with MAF <= 0.01.
Removed 0 SNPs with out-of-bounds p-values.
Removed 0 variants that were not SNPs or were strand-ambiguous.
1164662 SNPs remain.
Removed 0 SNPs with duplicated rs numbers (1164662 SNPs remain).
Removed 0 SNPs with N < 20190.6666667 (1164662 SNPs remain).
Median value of SIGNED_SUMSTATS was -1.1859299177e-06, which seems sensible.
Writing summary statistics for 1164662 SNPs (1164662 with nonmissing beta) to /local1/scratch/pazweifel/sumstats_blood/munged_factor_sumstats/GraLy_fsc_ssc_4.sumstats.gz.

Metadata:
Mean chi^2 = 1.108
Lambda GC = 1.064
Max chi^2 = 119.947
268 Genome-wide significant SNPs (some may have been removed by filtering).

Conversion finished at Thu Feb 26 16:08:27 2026
Total time elapsed: 10.24s
*********************************************************************
* LD Score Regression (LDSC)
* Version 1.0.1
* (C) 2014-2019 Brendan Bulik-Sullivan and Hilary Finucane
* Broad Institute of MIT and Harvard / MIT Department of Mathematics
* GNU General Public License v3
*********************************************************************
Call: 
./munge_sumstats.py \
--signed-sumstats Beta,0 \
--out /local1/scratch/pazweifel/sumstats_blood/munged_factor_sumstats/Gran_fsc_ssc_4 \
--N-col N \
--a1 A1 \
--a2 A2 \
--snp SNP \
--sumstats /local1/scratch/pazweifel/sumstats_blood/factor_sumstats/Gran_fsc_ssc_4.tsv \
--p P 

Interpreting column names as follows:
N:	Sample size
A1:	Allele 1, interpreted as ref allele for signed sumstat.
P:	p-Value
Beta:	Directional summary statistic as specified by --signed-sumstats.
A2:	Allele 2, interpreted as non-ref allele for signed sumstat.
SNP:	Variant ID (e.g., rs number)
MAF:	Allele frequency

Reading sumstats from /local1/scratch/pazweifel/sumstats_blood/factor_sumstats/Gran_fsc_ssc_4.tsv into memory 5000000 SNPs at a time.
. done
Read 1164662 SNPs from --sumstats file.
Removed 0 SNPs with missing values.
Removed 0 SNPs with INFO <= 0.9.
Removed 0 SNPs with MAF <= 0.01.
Removed 0 SNPs with out-of-bounds p-values.
Removed 0 variants that were not SNPs or were strand-ambiguous.
1164662 SNPs remain.
Removed 0 SNPs with duplicated rs numbers (1164662 SNPs remain).
Removed 0 SNPs with N < 87393.3333333 (1164662 SNPs remain).
Median value of SIGNED_SUMSTATS was -6.24304574514e-06, which seems sensible.
Writing summary statistics for 1164662 SNPs (1164662 with nonmissing beta) to /local1/scratch/pazweifel/sumstats_blood/munged_factor_sumstats/Gran_fsc_ssc_4.sumstats.gz.

Metadata:
Mean chi^2 = 1.138
Lambda GC = 1.041
Max chi^2 = 521.666
925 Genome-wide significant SNPs (some may have been removed by filtering).

Conversion finished at Thu Feb 26 16:08:37 2026
Total time elapsed: 10.25s
*********************************************************************
* LD Score Regression (LDSC)
* Version 1.0.1
* (C) 2014-2019 Brendan Bulik-Sullivan and Hilary Finucane
* Broad Institute of MIT and Harvard / MIT Department of Mathematics
* GNU General Public License v3
*********************************************************************
Call: 
./munge_sumstats.py \
--signed-sumstats Beta,0 \
--out /local1/scratch/pazweifel/sumstats_blood/munged_factor_sumstats/Plat_fsc_ssc_4 \
--N-col N \
--a1 A1 \
--a2 A2 \
--snp SNP \
--sumstats /local1/scratch/pazweifel/sumstats_blood/factor_sumstats/Plat_fsc_ssc_4.tsv \
--p P 

Interpreting column names as follows:
N:	Sample size
A1:	Allele 1, interpreted as ref allele for signed sumstat.
P:	p-Value
Beta:	Directional summary statistic as specified by --signed-sumstats.
A2:	Allele 2, interpreted as non-ref allele for signed sumstat.
SNP:	Variant ID (e.g., rs number)
MAF:	Allele frequency

Reading sumstats from /local1/scratch/pazweifel/sumstats_blood/factor_sumstats/Plat_fsc_ssc_4.tsv into memory 5000000 SNPs at a time.
. done
Read 1164662 SNPs from --sumstats file.
Removed 0 SNPs with missing values.
Removed 0 SNPs with INFO <= 0.9.
Removed 0 SNPs with MAF <= 0.01.
Removed 0 SNPs with out-of-bounds p-values.
Removed 0 variants that were not SNPs or were strand-ambiguous.
1164662 SNPs remain.
Removed 0 SNPs with duplicated rs numbers (1164662 SNPs remain).
Removed 0 SNPs with N < 17894.6666667 (1164662 SNPs remain).
Median value of SIGNED_SUMSTATS was 1.18779962439e-05, which seems sensible.
Writing summary statistics for 1164662 SNPs (1164662 with nonmissing beta) to /local1/scratch/pazweifel/sumstats_blood/munged_factor_sumstats/Plat_fsc_ssc_4.sumstats.gz.

Metadata:
Mean chi^2 = 1.16
Lambda GC = 1.036
Max chi^2 = 642.142
1069 Genome-wide significant SNPs (some may have been removed by filtering).

Conversion finished at Thu Feb 26 16:08:48 2026
Total time elapsed: 10.26s
*********************************************************************
* LD Score Regression (LDSC)
* Version 1.0.1
* (C) 2014-2019 Brendan Bulik-Sullivan and Hilary Finucane
* Broad Institute of MIT and Harvard / MIT Department of Mathematics
* GNU General Public License v3
*********************************************************************
Call: 
./munge_sumstats.py \
--signed-sumstats Beta,0 \
--out /local1/scratch/pazweifel/sumstats_blood/munged_factor_sumstats/RBC_fsc_ssc_4 \
--N-col N \
--a1 A1 \
--a2 A2 \
--snp SNP \
--sumstats /local1/scratch/pazweifel/sumstats_blood/factor_sumstats/RBC_fsc_ssc_4.tsv \
--p P 

Interpreting column names as follows:
N:	Sample size
A1:	Allele 1, interpreted as ref allele for signed sumstat.
P:	p-Value
Beta:	Directional summary statistic as specified by --signed-sumstats.
A2:	Allele 2, interpreted as non-ref allele for signed sumstat.
SNP:	Variant ID (e.g., rs number)
MAF:	Allele frequency

Reading sumstats from /local1/scratch/pazweifel/sumstats_blood/factor_sumstats/RBC_fsc_ssc_4.tsv into memory 5000000 SNPs at a time.
. done
Read 1164662 SNPs from --sumstats file.
Removed 0 SNPs with missing values.
Removed 0 SNPs with INFO <= 0.9.
Removed 0 SNPs with MAF <= 0.01.
Removed 0 SNPs with out-of-bounds p-values.
Removed 0 variants that were not SNPs or were strand-ambiguous.
1164662 SNPs remain.
Removed 0 SNPs with duplicated rs numbers (1164662 SNPs remain).
Removed 0 SNPs with N < 39410.6666667 (1164662 SNPs remain).
Median value of SIGNED_SUMSTATS was -3.6438708081e-05, which seems sensible.
Writing summary statistics for 1164662 SNPs (1164662 with nonmissing beta) to /local1/scratch/pazweifel/sumstats_blood/munged_factor_sumstats/RBC_fsc_ssc_4.sumstats.gz.

Metadata:
Mean chi^2 = 1.172
Lambda GC = 1.044
Max chi^2 = 621.408
1508 Genome-wide significant SNPs (some may have been removed by filtering).

Conversion finished at Thu Feb 26 16:08:58 2026
Total time elapsed: 10.25s
*********************************************************************
* LD Score Regression (LDSC)
* Version 1.0.1
* (C) 2014-2019 Brendan Bulik-Sullivan and Hilary Finucane
* Broad Institute of MIT and Harvard / MIT Department of Mathematics
* GNU General Public License v3
*********************************************************************
Call: 
./ldsc.py \
--h2-cts /local1/scratch/pazweifel/sumstats_blood/munged_factor_sumstats/GraLy_fsc_ssc_4.sumstats.gz \
--ref-ld-chr /local1/hdata/REF/baseline_v2.2/Variant_effects_baselineLD_v2.2_baselineLD. \
--out /local1/home/pazweifel/src/blood_analysis/GraLy_fsc_ssc_4.h2 \
--ref-ld-chr-cts /local1/scratch/pazweifel/single_cell_1k1k/single_cell_1k1k.local.ldcts \
--w-ld-chr /local1/scratch/pazweifel/heritability_analysis/1000G_Phase3_weights_hm3_no_MHC/weights.hm3_noMHC. 

Beginning analysis at Thu Feb 26 16:08:27 2026
Reading summary statistics from /local1/scratch/pazweifel/sumstats_blood/munged_factor_sumstats/GraLy_fsc_ssc_4.sumstats.gz ...
Read summary statistics for 1164662 SNPs.
Reading reference panel LD Score from /local1/hdata/REF/baseline_v2.2/Variant_effects_baselineLD_v2.2_baselineLD.[1-22] ... (ldscore_fromlist)
Read reference panel LD Scores for 1195112 SNPs.
Removing partitioned LD Scores with zero variance.
Reading regression weight LD Score from /local1/scratch/pazweifel/heritability_analysis/1000G_Phase3_weights_hm3_no_MHC/weights.hm3_noMHC.[1-22] ... (ldscore_fromlist)
Read regression weight LD Scores for 1187349 SNPs.
After merging with reference panel LD, 1056787 SNPs remain.
After merging with regression SNP LD, 1054157 SNPs remain.
Removed 6 SNPs with chi^2 > 80 (1054151 SNPs remain)
Reading cts reference panel LD Score from /local1/scratch/pazweifel/single_cell_1k1k/CD14_low_CD16_positive_monocyte.,/local1/scratch/pazweifel/single_cell_1k1k/Control.[1-22] ... (ldscore_fromlist)
Performing regression.
Reading cts reference panel LD Score from /local1/scratch/pazweifel/single_cell_1k1k/CD14_positive_monocyte.,/local1/scratch/pazweifel/single_cell_1k1k/Control.[1-22] ... (ldscore_fromlist)
Performing regression.
Reading cts reference panel LD Score from /local1/scratch/pazweifel/single_cell_1k1k/CD16_negative_CD56_bright_natural_killer_cell_human.,/local1/scratch/pazweifel/single_cell_1k1k/Control.[1-22] ... (ldscore_fromlist)
Performing regression.
Reading cts reference panel LD Score from /local1/scratch/pazweifel/single_cell_1k1k/CD4_positive_alpha_beta_T_cell.,/local1/scratch/pazweifel/single_cell_1k1k/Control.[1-22] ... (ldscore_fromlist)
Performing regression.
Reading cts reference panel LD Score from /local1/scratch/pazweifel/single_cell_1k1k/CD4_positive_alpha_beta_cytotoxic_T_cell.,/local1/scratch/pazweifel/single_cell_1k1k/Control.[1-22] ... (ldscore_fromlist)
Performing regression.
Reading cts reference panel LD Score from /local1/scratch/pazweifel/single_cell_1k1k/CD8_positive_alpha_beta_T_cell.,/local1/scratch/pazweifel/single_cell_1k1k/Control.[1-22] ... (ldscore_fromlist)
Performing regression.
Reading cts reference panel LD Score from /local1/scratch/pazweifel/single_cell_1k1k/central_memory_CD4_positive_alpha_beta_T_cell.,/local1/scratch/pazweifel/single_cell_1k1k/Control.[1-22] ... (ldscore_fromlist)
Performing regression.
Reading cts reference panel LD Score from /local1/scratch/pazweifel/single_cell_1k1k/central_memory_CD8_positive_alpha_beta_T_cell.,/local1/scratch/pazweifel/single_cell_1k1k/Control.[1-22] ... (ldscore_fromlist)
Performing regression.
Reading cts reference panel LD Score from /local1/scratch/pazweifel/single_cell_1k1k/conventional_dendritic_cell.,/local1/scratch/pazweifel/single_cell_1k1k/Control.[1-22] ... (ldscore_fromlist)
Performing regression.
Reading cts reference panel LD Score from /local1/scratch/pazweifel/single_cell_1k1k/dendritic_cell.,/local1/scratch/pazweifel/single_cell_1k1k/Control.[1-22] ... (ldscore_fromlist)
Performing regression.
Reading cts reference panel LD Score from /local1/scratch/pazweifel/single_cell_1k1k/double_negative_thymocyte.,/local1/scratch/pazweifel/single_cell_1k1k/Control.[1-22] *********************************************************************
* LD Score Regression (LDSC)
* Version 1.0.1
* (C) 2014-2019 Brendan Bulik-Sullivan and Hilary Finucane
* Broad Institute of MIT and Harvard / MIT Department of Mathematics
* GNU General Public License v3
*********************************************************************
Call: 
./ldsc.py \
--h2-cts /local1/scratch/pazweifel/sumstats_blood/munged_factor_sumstats/Gran_fsc_ssc_4.sumstats.gz \
--ref-ld-chr /local1/hdata/REF/baseline_v2.2/Variant_effects_baselineLD_v2.2_baselineLD. \
--out /local1/home/pazweifel/src/blood_analysis/Gran_fsc_ssc_4.h2 \
--ref-ld-chr-cts /local1/scratch/pazweifel/single_cell_1k1k/single_cell_1k1k.local.ldcts \
--w-ld-chr /local1/scratch/pazweifel/heritability_analysis/1000G_Phase3_weights_hm3_no_MHC/weights.hm3_noMHC. 

Beginning analysis at Thu Feb 26 16:08:38 2026
Reading summary statistics from /local1/scratch/pazweifel/sumstats_blood/munged_factor_sumstats/Gran_fsc_ssc_4.sumstats.gz ...
Read summary statistics for 1164662 SNPs.
Reading reference panel LD Score from /local1/hdata/REF/baseline_v2.2/Variant_effects_baselineLD_v2.2_baselineLD.[1-22] ... (ldscore_fromlist)
Read reference panel LD Scores for 1195112 SNPs.
Removing partitioned LD Scores with zero variance.
Reading regression weight LD Score from /local1/scratch/pazweifel/heritability_analysis/1000G_Phase3_weights_hm3_no_MHC/weights.hm3_noMHC.[1-22] ... (ldscore_fromlist)
Read regression weight LD Scores for 1187349 SNPs.
After merging with reference panel LD, 1056787 SNPs remain.
After merging with regression SNP LD, 1054157 SNPs remain.
Removed 96 SNPs with chi^2 > 131.09 (1054061 SNPs remain)
Reading cts reference panel LD Score from /local1/scratch/pazweifel/single_cell_1k1k/CD14_low_CD16_positive_monocyte.,/local1/scratch/pazweifel/single_cell_1k1k/Control.[1-22] ... (ldscore_fromlist)
Performing regression.
Reading cts reference panel LD Score from /local1/scratch/pazweifel/single_cell_1k1k/CD14_positive_monocyte.,/local1/scratch/pazweifel/single_cell_1k1k/Control.[1-22] ... (ldscore_fromlist)
Performing regression.
Reading cts reference panel LD Score from /local1/scratch/pazweifel/single_cell_1k1k/CD16_negative_CD56_bright_natural_killer_cell_human.,/local1/scratch/pazweifel/single_cell_1k1k/Control.[1-22] ... (ldscore_fromlist)
Performing regression.
Reading cts reference panel LD Score from /local1/scratch/pazweifel/single_cell_1k1k/CD4_positive_alpha_beta_T_cell.,/local1/scratch/pazweifel/single_cell_1k1k/Control.[1-22] ... (ldscore_fromlist)
Performing regression.
Reading cts reference panel LD Score from /local1/scratch/pazweifel/single_cell_1k1k/CD4_positive_alpha_beta_cytotoxic_T_cell.,/local1/scratch/pazweifel/single_cell_1k1k/Control.[1-22] ... (ldscore_fromlist)
Performing regression.
Reading cts reference panel LD Score from /local1/scratch/pazweifel/single_cell_1k1k/CD8_positive_alpha_beta_T_cell.,/local1/scratch/pazweifel/single_cell_1k1k/Control.[1-22] ... (ldscore_fromlist)
Performing regression.
Reading cts reference panel LD Score from /local1/scratch/pazweifel/single_cell_1k1k/central_memory_CD4_positive_alpha_beta_T_cell.,/local1/scratch/pazweifel/single_cell_1k1k/Control.[1-22] ... (ldscore_fromlist)
Performing regression.
Reading cts reference panel LD Score from /local1/scratch/pazweifel/single_cell_1k1k/central_memory_CD8_positive_alpha_beta_T_cell.,/local1/scratch/pazweifel/single_cell_1k1k/Control.[1-22] ... (ldscore_fromlist)
Performing regression.
Reading cts reference panel LD Score from /local1/scratch/pazweifel/single_cell_1k1k/conventional_dendritic_cell.,/local1/scratch/pazweifel/single_cell_1k1k/Control.[1-22] ... (ldscore_fromlist)
Performing regression.
Reading cts reference panel LD Score from /local1/scratch/pazweifel/single_cell_1k1k/dendritic_cell.,/local1/scratch/pazweifel/single_cell_1k1k/Control.[1-22] ... (ldscore_fromlist)
Performing regression.
Reading cts reference panel LD Score from /local1/scratch/pazweifel/single_cell_1k1k/double_negative_thymocyte.,/local1/scratch/pazweifel/single_cell_1k1k/Control.[1-22*********************************************************************
* LD Score Regression (LDSC)
* Version 1.0.1
* (C) 2014-2019 Brendan Bulik-Sullivan and Hilary Finucane
* Broad Institute of MIT and Harvard / MIT Department of Mathematics
* GNU General Public License v3
*********************************************************************
Call: 
./ldsc.py \
--h2-cts /local1/scratch/pazweifel/sumstats_blood/munged_factor_sumstats/Plat_fsc_ssc_4.sumstats.gz \
--ref-ld-chr /local1/hdata/REF/baseline_v2.2/Variant_effects_baselineLD_v2.2_baselineLD. \
--out /local1/home/pazweifel/src/blood_analysis/Plat_fsc_ssc_4.h2 \
--ref-ld-chr-cts /local1/scratch/pazweifel/single_cell_1k1k/single_cell_1k1k.local.ldcts \
--w-ld-chr /local1/scratch/pazweifel/heritability_analysis/1000G_Phase3_weights_hm3_no_MHC/weights.hm3_noMHC. 

Beginning analysis at Thu Feb 26 16:08:48 2026
Reading summary statistics from /local1/scratch/pazweifel/sumstats_blood/munged_factor_sumstats/Plat_fsc_ssc_4.sumstats.gz ...
Read summary statistics for 1164662 SNPs.
Reading reference panel LD Score from /local1/hdata/REF/baseline_v2.2/Variant_effects_baselineLD_v2.2_baselineLD.[1-22] ... (ldscore_fromlist)
Read reference panel LD Scores for 1195112 SNPs.
Removing partitioned LD Scores with zero variance.
Reading regression weight LD Score from /local1/scratch/pazweifel/heritability_analysis/1000G_Phase3_weights_hm3_no_MHC/weights.hm3_noMHC.[1-22] ... (ldscore_fromlist)
Read regression weight LD Scores for 1187349 SNPs.
After merging with reference panel LD, 1056787 SNPs remain.
After merging with regression SNP LD, 1054157 SNPs remain.
Removed 249 SNPs with chi^2 > 80 (1053908 SNPs remain)
Reading cts reference panel LD Score from /local1/scratch/pazweifel/single_cell_1k1k/CD14_low_CD16_positive_monocyte.,/local1/scratch/pazweifel/single_cell_1k1k/Control.[1-22] ... (ldscore_fromlist)
Performing regression.
Reading cts reference panel LD Score from /local1/scratch/pazweifel/single_cell_1k1k/CD14_positive_monocyte.,/local1/scratch/pazweifel/single_cell_1k1k/Control.[1-22] ... (ldscore_fromlist)
Performing regression.
Reading cts reference panel LD Score from /local1/scratch/pazweifel/single_cell_1k1k/CD16_negative_CD56_bright_natural_killer_cell_human.,/local1/scratch/pazweifel/single_cell_1k1k/Control.[1-22] ... (ldscore_fromlist)
Performing regression.
Reading cts reference panel LD Score from /local1/scratch/pazweifel/single_cell_1k1k/CD4_positive_alpha_beta_T_cell.,/local1/scratch/pazweifel/single_cell_1k1k/Control.[1-22] ... (ldscore_fromlist)
Performing regression.
Reading cts reference panel LD Score from /local1/scratch/pazweifel/single_cell_1k1k/CD4_positive_alpha_beta_cytotoxic_T_cell.,/local1/scratch/pazweifel/single_cell_1k1k/Control.[1-22] ... (ldscore_fromlist)
Performing regression.
Reading cts reference panel LD Score from /local1/scratch/pazweifel/single_cell_1k1k/CD8_positive_alpha_beta_T_cell.,/local1/scratch/pazweifel/single_cell_1k1k/Control.[1-22] ... (ldscore_fromlist)
Performing regression.
Reading cts reference panel LD Score from /local1/scratch/pazweifel/single_cell_1k1k/central_memory_CD4_positive_alpha_beta_T_cell.,/local1/scratch/pazweifel/single_cell_1k1k/Control.[1-22] ... (ldscore_fromlist)
Performing regression.
Reading cts reference panel LD Score from /local1/scratch/pazweifel/single_cell_1k1k/central_memory_CD8_positive_alpha_beta_T_cell.,/local1/scratch/pazweifel/single_cell_1k1k/Control.[1-22] ... (ldscore_fromlist)
Performing regression.
Reading cts reference panel LD Score from /local1/scratch/pazweifel/single_cell_1k1k/conventional_dendritic_cell.,/local1/scratch/pazweifel/single_cell_1k1k/Control.[1-22] ... (ldscore_fromlist)
Performing regression.
Reading cts reference panel LD Score from /local1/scratch/pazweifel/single_cell_1k1k/dendritic_cell.,/local1/scratch/pazweifel/single_cell_1k1k/Control.[1-22] ... (ldscore_fromlist)
Performing regression.
Reading cts reference panel LD Score from /local1/scratch/pazweifel/single_cell_1k1k/double_negative_thymocyte.,/local1/scratch/pazweifel/single_cell_1k1k/Control.[1-22] .*********************************************************************
* LD Score Regression (LDSC)
* Version 1.0.1
* (C) 2014-2019 Brendan Bulik-Sullivan and Hilary Finucane
* Broad Institute of MIT and Harvard / MIT Department of Mathematics
* GNU General Public License v3
*********************************************************************
Call: 
./ldsc.py \
--h2-cts /local1/scratch/pazweifel/sumstats_blood/munged_factor_sumstats/RBC_fsc_ssc_4.sumstats.gz \
--ref-ld-chr /local1/hdata/REF/baseline_v2.2/Variant_effects_baselineLD_v2.2_baselineLD. \
--out /local1/home/pazweifel/src/blood_analysis/RBC_fsc_ssc_4.h2 \
--ref-ld-chr-cts /local1/scratch/pazweifel/single_cell_1k1k/single_cell_1k1k.local.ldcts \
--w-ld-chr /local1/scratch/pazweifel/heritability_analysis/1000G_Phase3_weights_hm3_no_MHC/weights.hm3_noMHC. 

Beginning analysis at Thu Feb 26 16:08:59 2026
Reading summary statistics from /local1/scratch/pazweifel/sumstats_blood/munged_factor_sumstats/RBC_fsc_ssc_4.sumstats.gz ...
Read summary statistics for 1164662 SNPs.
Reading reference panel LD Score from /local1/hdata/REF/baseline_v2.2/Variant_effects_baselineLD_v2.2_baselineLD.[1-22] ... (ldscore_fromlist)
Read reference panel LD Scores for 1195112 SNPs.
Removing partitioned LD Scores with zero variance.
Reading regression weight LD Score from /local1/scratch/pazweifel/heritability_analysis/1000G_Phase3_weights_hm3_no_MHC/weights.hm3_noMHC.[1-22] ... (ldscore_fromlist)
Read regression weight LD Scores for 1187349 SNPs.
After merging with reference panel LD, 1056787 SNPs remain.
After merging with regression SNP LD, 1054157 SNPs remain.
Removed 156 SNPs with chi^2 > 80 (1054001 SNPs remain)
Reading cts reference panel LD Score from /local1/scratch/pazweifel/single_cell_1k1k/CD14_low_CD16_positive_monocyte.,/local1/scratch/pazweifel/single_cell_1k1k/Control.[1-22] ... (ldscore_fromlist)
Performing regression.
Reading cts reference panel LD Score from /local1/scratch/pazweifel/single_cell_1k1k/CD14_positive_monocyte.,/local1/scratch/pazweifel/single_cell_1k1k/Control.[1-22] ... (ldscore_fromlist)
Performing regression.
Reading cts reference panel LD Score from /local1/scratch/pazweifel/single_cell_1k1k/CD16_negative_CD56_bright_natural_killer_cell_human.,/local1/scratch/pazweifel/single_cell_1k1k/Control.[1-22] ... (ldscore_fromlist)
Performing regression.
Reading cts reference panel LD Score from /local1/scratch/pazweifel/single_cell_1k1k/CD4_positive_alpha_beta_T_cell.,/local1/scratch/pazweifel/single_cell_1k1k/Control.[1-22] ... (ldscore_fromlist)
Performing regression.
Reading cts reference panel LD Score from /local1/scratch/pazweifel/single_cell_1k1k/CD4_positive_alpha_beta_cytotoxic_T_cell.,/local1/scratch/pazweifel/single_cell_1k1k/Control.[1-22] ... (ldscore_fromlist)
Performing regression.
Reading cts reference panel LD Score from /local1/scratch/pazweifel/single_cell_1k1k/CD8_positive_alpha_beta_T_cell.,/local1/scratch/pazweifel/single_cell_1k1k/Control.[1-22] ... (ldscore_fromlist)
Performing regression.
Reading cts reference panel LD Score from /local1/scratch/pazweifel/single_cell_1k1k/central_memory_CD4_positive_alpha_beta_T_cell.,/local1/scratch/pazweifel/single_cell_1k1k/Control.[1-22] ... (ldscore_fromlist)
Performing regression.
Reading cts reference panel LD Score from /local1/scratch/pazweifel/single_cell_1k1k/central_memory_CD8_positive_alpha_beta_T_cell.,/local1/scratch/pazweifel/single_cell_1k1k/Control.[1-22] ... (ldscore_fromlist)
Performing regression.
Reading cts reference panel LD Score from /local1/scratch/pazweifel/single_cell_1k1k/conventional_dendritic_cell.,/local1/scratch/pazweifel/single_cell_1k1k/Control.[1-22] ... (ldscore_fromlist)
Performing regression.
Reading cts reference panel LD Score from /local1/scratch/pazweifel/single_cell_1k1k/dendritic_cell.,/local1/scratch/pazweifel/single_cell_1k1k/Control.[1-22] ... (ldscore_fromlist)
Performing regression.
Reading cts reference panel LD Score from /local1/scratch/pazweifel/single_cell_1k1k/double_negative_thymocyte.,/local1/scratch/pazweifel/single_cell_1k1k/Control.[1-22] ... ... (ldscore_fromlist)
Performing regression.
Reading cts reference panel LD Score from /local1/scratch/pazweifel/single_cell_1k1k/effector_memory_CD4_positive_alpha_beta_T_cell.,/local1/scratch/pazweifel/single_cell_1k1k/Control.[1-22] ... (ldscore_fromlist)
Performing regression.
Reading cts reference panel LD Score from /local1/scratch/pazweifel/single_cell_1k1k/effector_memory_CD8_positive_alpha_beta_T_cell.,/local1/scratch/pazweifel/single_cell_1k1k/Control.[1-22] ... (ldscore_fromlist)
Performing regression.
Reading cts reference panel LD Score from /local1/scratch/pazweifel/single_cell_1k1k/erythrocyte.,/local1/scratch/pazweifel/single_cell_1k1k/Control.[1-22] ... (ldscore_fromlist)
Performing regression.
Reading cts reference panel LD Score from /local1/scratch/pazweifel/single_cell_1k1k/gamma_delta_T_cell.,/local1/scratch/pazweifel/single_cell_1k1k/Control.[1-22] ... (ldscore_fromlist)
Performing regression.
Reading cts reference panel LD Score from /local1/scratch/pazweifel/single_cell_1k1k/hematopoietic_precursor_cell.,/local1/scratch/pazweifel/single_cell_1k1k/Control.[1-22] ... (ldscore_fromlist)
Performing regression.
Reading cts reference panel LD Score from /local1/scratch/pazweifel/single_cell_1k1k/innate_lymphoid_cell.,/local1/scratch/pazweifel/single_cell_1k1k/Control.[1-22] ... (ldscore_fromlist)
Performing regression.
Reading cts reference panel LD Score from /local1/scratch/pazweifel/single_cell_1k1k/memory_B_cell.,/local1/scratch/pazweifel/single_cell_1k1k/Control.[1-22] ... (ldscore_fromlist)
Performing regression.
Reading cts reference panel LD Score from /local1/scratch/pazweifel/single_cell_1k1k/mucosal_invariant_T_cell.,/local1/scratch/pazweifel/single_cell_1k1k/Control.[1-22] ... (ldscore_fromlist)
Performing regression.
Reading cts reference panel LD Score from /local1/scratch/pazweifel/single_cell_1k1k/naive_B_cell.,/local1/scratch/pazweifel/single_cell_1k1k/Control.[1-22] ... (ldscore_fromlist)
Performing regression.
Reading cts reference panel LD Score from /local1/scratch/pazweifel/single_cell_1k1k/naive_thymus_derived_CD4_positive_alpha_beta_T_cell.,/local1/scratch/pazweifel/single_cell_1k1k/Control.[1-22] ... (ldscore_fromlist)
Performing regression.
Reading cts reference panel LD Score from /local1/scratch/pazweifel/single_cell_1k1k/naive_thymus_derived_CD8_positive_alpha_beta_T_cell.,/local1/scratch/pazweifel/single_cell_1k1k/Control.[1-22] ... (ldscore_fromlist)
Performing regression.
Reading cts reference panel LD Score from /local1/scratch/pazweifel/single_cell_1k1k/natural_killer_cell.,/local1/scratch/pazweifel/single_cell_1k1k/Control.[1-22] ... (ldscore_fromlist)
Performing regression.
Reading cts reference panel LD Score from /local1/scratch/pazweifel/single_cell_1k1k/peripheral_blood_mononuclear_cell.,/local1/scratch/pazweifel/single_cell_1k1k/Control.[1-22] ... (ldscore_fromlist)
Performing regression.
Reading cts reference panel LD Score from /local1/scratch/pazweifel/single_cell_1k1k/plasmablast.,/local1/scratch/pazweifel/single_cell_1k1k/Control.[1-22] ... (ldscore_fromlist)
Performing regression.
Reading cts reference panel LD Score from /local1/scratch/pazweifel/single_cell_1k1k/plasmacytoid_dendritic_cell.,/local1/scratch/pazweifel/single_cell_1k1k/Control.[1-22] ... (ldscore_fromlist)
Performing regression.
Reading cts reference panel LD Score from /local1/scratch/pazweifel/single_cell_1k1k/platelet.,/local1/scratch/pazweifel/single_cell_1k1k/Control.[1-22] ... (ldscore_fromlist)
Performing regression.
Reading cts reference panel LD Score from /local1/scratch/pazweifel/single_cell_1k1k/regulatory_T_cell.,/local1/scratch/pazweifel/single_cell_1k1k/Control.[1-22] ... (ldscore_fromlist)
Performing regression.
Reading cts reference panel LD Score from /local1/scratch/pazweifel/single_cell_1k1k/transitional_stage_B_cell.,/local1/scratch/pazweifel/single_cell_1k1k/Control.[1-22] ... (ldscore_fromlist)
Performing regression.
Results printed to /local1/home/pazweifel/src/blood_analysis/GraLy_fsc_ssc_4.h2.cell_type_results.txt
Analysis finished at Thu Feb 26 16:10:48 2026
Total time elapsed: 2.0m:20.74s
] ... (ldscore_fromlist)
Performing regression.
Reading cts reference panel LD Score from /local1/scratch/pazweifel/single_cell_1k1k/effector_memory_CD4_positive_alpha_beta_T_cell.,/local1/scratch/pazweifel/single_cell_1k1k/Control.[1-22] ... (ldscore_fromlist)
Performing regression.
Reading cts reference panel LD Score from /local1/scratch/pazweifel/single_cell_1k1k/effector_memory_CD8_positive_alpha_beta_T_cell.,/local1/scratch/pazweifel/single_cell_1k1k/Control.[1-22] ... (ldscore_fromlist)
Performing regression.
Reading cts reference panel LD Score from /local1/scratch/pazweifel/single_cell_1k1k/erythrocyte.,/local1/scratch/pazweifel/single_cell_1k1k/Control.[1-22] ... (ldscore_fromlist)
Performing regression.
Reading cts reference panel LD Score from /local1/scratch/pazweifel/single_cell_1k1k/gamma_delta_T_cell.,/local1/scratch/pazweifel/single_cell_1k1k/Control.[1-22] ... (ldscore_fromlist)
Performing regression.
Reading cts reference panel LD Score from /local1/scratch/pazweifel/single_cell_1k1k/hematopoietic_precursor_cell.,/local1/scratch/pazweifel/single_cell_1k1k/Control.[1-22] ... (ldscore_fromlist)
Performing regression.
Reading cts reference panel LD Score from /local1/scratch/pazweifel/single_cell_1k1k/innate_lymphoid_cell.,/local1/scratch/pazweifel/single_cell_1k1k/Control.[1-22] ... (ldscore_fromlist)
Performing regression.
Reading cts reference panel LD Score from /local1/scratch/pazweifel/single_cell_1k1k/memory_B_cell.,/local1/scratch/pazweifel/single_cell_1k1k/Control.[1-22] ... (ldscore_fromlist)
Performing regression.
Reading cts reference panel LD Score from /local1/scratch/pazweifel/single_cell_1k1k/mucosal_invariant_T_cell.,/local1/scratch/pazweifel/single_cell_1k1k/Control.[1-22] ... (ldscore_fromlist)
Performing regression.
Reading cts reference panel LD Score from /local1/scratch/pazweifel/single_cell_1k1k/naive_B_cell.,/local1/scratch/pazweifel/single_cell_1k1k/Control.[1-22] ... (ldscore_fromlist)
Performing regression.
Reading cts reference panel LD Score from /local1/scratch/pazweifel/single_cell_1k1k/naive_thymus_derived_CD4_positive_alpha_beta_T_cell.,/local1/scratch/pazweifel/single_cell_1k1k/Control.[1-22] ... (ldscore_fromlist)
Performing regression.
Reading cts reference panel LD Score from /local1/scratch/pazweifel/single_cell_1k1k/naive_thymus_derived_CD8_positive_alpha_beta_T_cell.,/local1/scratch/pazweifel/single_cell_1k1k/Control.[1-22] ... (ldscore_fromlist)
Performing regression.
Reading cts reference panel LD Score from /local1/scratch/pazweifel/single_cell_1k1k/natural_killer_cell.,/local1/scratch/pazweifel/single_cell_1k1k/Control.[1-22] ... (ldscore_fromlist)
Performing regression.
Reading cts reference panel LD Score from /local1/scratch/pazweifel/single_cell_1k1k/peripheral_blood_mononuclear_cell.,/local1/scratch/pazweifel/single_cell_1k1k/Control.[1-22] ... (ldscore_fromlist)
Performing regression.
Reading cts reference panel LD Score from /local1/scratch/pazweifel/single_cell_1k1k/plasmablast.,/local1/scratch/pazweifel/single_cell_1k1k/Control.[1-22] ... (ldscore_fromlist)
Performing regression.
Reading cts reference panel LD Score from /local1/scratch/pazweifel/single_cell_1k1k/plasmacytoid_dendritic_cell.,/local1/scratch/pazweifel/single_cell_1k1k/Control.[1-22] ... (ldscore_fromlist)
Performing regression.
Reading cts reference panel LD Score from /local1/scratch/pazweifel/single_cell_1k1k/platelet.,/local1/scratch/pazweifel/single_cell_1k1k/Control.[1-22] ... (ldscore_fromlist)
Performing regression.
Reading cts reference panel LD Score from /local1/scratch/pazweifel/single_cell_1k1k/regulatory_T_cell.,/local1/scratch/pazweifel/single_cell_1k1k/Control.[1-22] ... (ldscore_fromlist)
Performing regression.
Reading cts reference panel LD Score from /local1/scratch/pazweifel/single_cell_1k1k/transitional_stage_B_cell.,/local1/scratch/pazweifel/single_cell_1k1k/Control.[1-22] ... (ldscore_fromlist)
Performing regression.
Results printed to /local1/home/pazweifel/src/blood_analysis/Gran_fsc_ssc_4.h2.cell_type_results.txt
Analysis finished at Thu Feb 26 16:10:57 2026
Total time elapsed: 2.0m:19.81s
.. (ldscore_fromlist)
Performing regression.
Reading cts reference panel LD Score from /local1/scratch/pazweifel/single_cell_1k1k/effector_memory_CD4_positive_alpha_beta_T_cell.,/local1/scratch/pazweifel/single_cell_1k1k/Control.[1-22] ... (ldscore_fromlist)
Performing regression.
Reading cts reference panel LD Score from /local1/scratch/pazweifel/single_cell_1k1k/effector_memory_CD8_positive_alpha_beta_T_cell.,/local1/scratch/pazweifel/single_cell_1k1k/Control.[1-22] ... (ldscore_fromlist)
Performing regression.
Reading cts reference panel LD Score from /local1/scratch/pazweifel/single_cell_1k1k/erythrocyte.,/local1/scratch/pazweifel/single_cell_1k1k/Control.[1-22] ... (ldscore_fromlist)
Performing regression.
Reading cts reference panel LD Score from /local1/scratch/pazweifel/single_cell_1k1k/gamma_delta_T_cell.,/local1/scratch/pazweifel/single_cell_1k1k/Control.[1-22] ... (ldscore_fromlist)
Performing regression.
Reading cts reference panel LD Score from /local1/scratch/pazweifel/single_cell_1k1k/hematopoietic_precursor_cell.,/local1/scratch/pazweifel/single_cell_1k1k/Control.[1-22] ... (ldscore_fromlist)
Performing regression.
Reading cts reference panel LD Score from /local1/scratch/pazweifel/single_cell_1k1k/innate_lymphoid_cell.,/local1/scratch/pazweifel/single_cell_1k1k/Control.[1-22] ... (ldscore_fromlist)
Performing regression.
Reading cts reference panel LD Score from /local1/scratch/pazweifel/single_cell_1k1k/memory_B_cell.,/local1/scratch/pazweifel/single_cell_1k1k/Control.[1-22] ... (ldscore_fromlist)
Performing regression.
Reading cts reference panel LD Score from /local1/scratch/pazweifel/single_cell_1k1k/mucosal_invariant_T_cell.,/local1/scratch/pazweifel/single_cell_1k1k/Control.[1-22] ... (ldscore_fromlist)
Performing regression.
Reading cts reference panel LD Score from /local1/scratch/pazweifel/single_cell_1k1k/naive_B_cell.,/local1/scratch/pazweifel/single_cell_1k1k/Control.[1-22] ... (ldscore_fromlist)
Performing regression.
Reading cts reference panel LD Score from /local1/scratch/pazweifel/single_cell_1k1k/naive_thymus_derived_CD4_positive_alpha_beta_T_cell.,/local1/scratch/pazweifel/single_cell_1k1k/Control.[1-22] ... (ldscore_fromlist)
Performing regression.
Reading cts reference panel LD Score from /local1/scratch/pazweifel/single_cell_1k1k/naive_thymus_derived_CD8_positive_alpha_beta_T_cell.,/local1/scratch/pazweifel/single_cell_1k1k/Control.[1-22] ... (ldscore_fromlist)
Performing regression.
Reading cts reference panel LD Score from /local1/scratch/pazweifel/single_cell_1k1k/natural_killer_cell.,/local1/scratch/pazweifel/single_cell_1k1k/Control.[1-22] ... (ldscore_fromlist)
Performing regression.
Reading cts reference panel LD Score from /local1/scratch/pazweifel/single_cell_1k1k/peripheral_blood_mononuclear_cell.,/local1/scratch/pazweifel/single_cell_1k1k/Control.[1-22] ... (ldscore_fromlist)
Performing regression.
Reading cts reference panel LD Score from /local1/scratch/pazweifel/single_cell_1k1k/plasmablast.,/local1/scratch/pazweifel/single_cell_1k1k/Control.[1-22] ... (ldscore_fromlist)
Performing regression.
Reading cts reference panel LD Score from /local1/scratch/pazweifel/single_cell_1k1k/plasmacytoid_dendritic_cell.,/local1/scratch/pazweifel/single_cell_1k1k/Control.[1-22] ... (ldscore_fromlist)
Performing regression.
Reading cts reference panel LD Score from /local1/scratch/pazweifel/single_cell_1k1k/platelet.,/local1/scratch/pazweifel/single_cell_1k1k/Control.[1-22] ... (ldscore_fromlist)
Performing regression.
Reading cts reference panel LD Score from /local1/scratch/pazweifel/single_cell_1k1k/regulatory_T_cell.,/local1/scratch/pazweifel/single_cell_1k1k/Control.[1-22] ... (ldscore_fromlist)
Performing regression.
Reading cts reference panel LD Score from /local1/scratch/pazweifel/single_cell_1k1k/transitional_stage_B_cell.,/local1/scratch/pazweifel/single_cell_1k1k/Control.[1-22] ... (ldscore_fromlist)
Performing regression.
Results printed to /local1/home/pazweifel/src/blood_analysis/Plat_fsc_ssc_4.h2.cell_type_results.txt
Analysis finished at Thu Feb 26 16:11:08 2026
Total time elapsed: 2.0m:20.24s
(ldscore_fromlist)
Performing regression.
Reading cts reference panel LD Score from /local1/scratch/pazweifel/single_cell_1k1k/effector_memory_CD4_positive_alpha_beta_T_cell.,/local1/scratch/pazweifel/single_cell_1k1k/Control.[1-22] ... (ldscore_fromlist)
Performing regression.
Reading cts reference panel LD Score from /local1/scratch/pazweifel/single_cell_1k1k/effector_memory_CD8_positive_alpha_beta_T_cell.,/local1/scratch/pazweifel/single_cell_1k1k/Control.[1-22] ... (ldscore_fromlist)
Performing regression.
Reading cts reference panel LD Score from /local1/scratch/pazweifel/single_cell_1k1k/erythrocyte.,/local1/scratch/pazweifel/single_cell_1k1k/Control.[1-22] ... (ldscore_fromlist)
Performing regression.
Reading cts reference panel LD Score from /local1/scratch/pazweifel/single_cell_1k1k/gamma_delta_T_cell.,/local1/scratch/pazweifel/single_cell_1k1k/Control.[1-22] ... (ldscore_fromlist)
Performing regression.
Reading cts reference panel LD Score from /local1/scratch/pazweifel/single_cell_1k1k/hematopoietic_precursor_cell.,/local1/scratch/pazweifel/single_cell_1k1k/Control.[1-22] ... (ldscore_fromlist)
Performing regression.
Reading cts reference panel LD Score from /local1/scratch/pazweifel/single_cell_1k1k/innate_lymphoid_cell.,/local1/scratch/pazweifel/single_cell_1k1k/Control.[1-22] ... (ldscore_fromlist)
Performing regression.
Reading cts reference panel LD Score from /local1/scratch/pazweifel/single_cell_1k1k/memory_B_cell.,/local1/scratch/pazweifel/single_cell_1k1k/Control.[1-22] ... (ldscore_fromlist)
Performing regression.
Reading cts reference panel LD Score from /local1/scratch/pazweifel/single_cell_1k1k/mucosal_invariant_T_cell.,/local1/scratch/pazweifel/single_cell_1k1k/Control.[1-22] ... (ldscore_fromlist)
Performing regression.
Reading cts reference panel LD Score from /local1/scratch/pazweifel/single_cell_1k1k/naive_B_cell.,/local1/scratch/pazweifel/single_cell_1k1k/Control.[1-22] ... (ldscore_fromlist)
Performing regression.
Reading cts reference panel LD Score from /local1/scratch/pazweifel/single_cell_1k1k/naive_thymus_derived_CD4_positive_alpha_beta_T_cell.,/local1/scratch/pazweifel/single_cell_1k1k/Control.[1-22] ... (ldscore_fromlist)
Performing regression.
Reading cts reference panel LD Score from /local1/scratch/pazweifel/single_cell_1k1k/naive_thymus_derived_CD8_positive_alpha_beta_T_cell.,/local1/scratch/pazweifel/single_cell_1k1k/Control.[1-22] ... (ldscore_fromlist)
Performing regression.
Reading cts reference panel LD Score from /local1/scratch/pazweifel/single_cell_1k1k/natural_killer_cell.,/local1/scratch/pazweifel/single_cell_1k1k/Control.[1-22] ... (ldscore_fromlist)
Performing regression.
Reading cts reference panel LD Score from /local1/scratch/pazweifel/single_cell_1k1k/peripheral_blood_mononuclear_cell.,/local1/scratch/pazweifel/single_cell_1k1k/Control.[1-22] ... (ldscore_fromlist)
Performing regression.
Reading cts reference panel LD Score from /local1/scratch/pazweifel/single_cell_1k1k/plasmablast.,/local1/scratch/pazweifel/single_cell_1k1k/Control.[1-22] ... (ldscore_fromlist)
Performing regression.
Reading cts reference panel LD Score from /local1/scratch/pazweifel/single_cell_1k1k/plasmacytoid_dendritic_cell.,/local1/scratch/pazweifel/single_cell_1k1k/Control.[1-22] ... (ldscore_fromlist)
Performing regression.
Reading cts reference panel LD Score from /local1/scratch/pazweifel/single_cell_1k1k/platelet.,/local1/scratch/pazweifel/single_cell_1k1k/Control.[1-22] ... (ldscore_fromlist)
Performing regression.
Reading cts reference panel LD Score from /local1/scratch/pazweifel/single_cell_1k1k/regulatory_T_cell.,/local1/scratch/pazweifel/single_cell_1k1k/Control.[1-22] ... (ldscore_fromlist)
Performing regression.
Reading cts reference panel LD Score from /local1/scratch/pazweifel/single_cell_1k1k/transitional_stage_B_cell.,/local1/scratch/pazweifel/single_cell_1k1k/Control.[1-22] ... (ldscore_fromlist)
Performing regression.
Results printed to /local1/home/pazweifel/src/blood_analysis/RBC_fsc_ssc_4.h2.cell_type_results.txt
Analysis finished at Thu Feb 26 16:11:21 2026
Total time elapsed: 2.0m:22.71s
