*********************************************************************
* LD Score Regression (LDSC)
* Version 1.0.1
* (C) 2014-2019 Brendan Bulik-Sullivan and Hilary Finucane
* Broad Institute of MIT and Harvard / MIT Department of Mathematics
* GNU General Public License v3
*********************************************************************
Call: 
./ldsc.py \
--ref-ld-chr /local1/hdata/REF/eur_ref_ld_chr/ \
--out /local1/home/pazweifel/src/common_factor_jolien/rg_results/mental_common_factor_wN_vs_all \
--rg /local1/home/pazweifel/src/common_factor_jolien/mental_common_factor_wN.sumstats.gz,/local1/scratch/pazweifel/sumstats_covariates/combined_munged_sumstats/AGREE_Gupta.sumstats.gz,/local1/scratch/pazweifel/sumstats_covariates/combined_munged_sumstats/AGRI_Cheesman.sumstats.gz,/local1/scratch/pazweifel/sumstats_covariates/combined_munged_sumstats/ALC.sumstats.gz,/local1/scratch/pazweifel/sumstats_covariates/combined_munged_sumstats/ARTS_Cheesman.sumstats.gz,/local1/scratch/pazweifel/sumstats_covariates/combined_munged_sumstats/ASPEED_Linner.sumstats.gz,/local1/scratch/pazweifel/sumstats_covariates/combined_munged_sumstats/BMI.sumstats.gz,/local1/scratch/pazweifel/sumstats_covariates/combined_munged_sumstats/BP.sumstats.gz,/local1/scratch/pazweifel/sumstats_covariates/combined_munged_sumstats/BUSI_Cheesman.sumstats.gz,/local1/scratch/pazweifel/sumstats_covariates/combined_munged_sumstats/Cancer.sumstats.gz,/local1/scratch/pazweifel/sumstats_covariates/combined_munged_sumstats/Coffee.sumstats.gz,/local1/scratch/pazweifel/sumstats_covariates/combined_munged_sumstats/CONSC_Gupta.sumstats.gz,/local1/scratch/pazweifel/sumstats_covariates/combined_munged_sumstats/DD_ANX.sumstats.gz,/local1/scratch/pazweifel/sumstats_covariates/combined_munged_sumstats/DEPRI_Neale.sumstats.gz,/local1/scratch/pazweifel/sumstats_covariates/combined_munged_sumstats/Diabetes.sumstats.gz,/local1/scratch/pazweifel/sumstats_covariates/combined_munged_sumstats/DRINKS_Linner.sumstats.gz,/local1/scratch/pazweifel/sumstats_covariates/combined_munged_sumstats/EA_okbay.sumstats.gz,/local1/scratch/pazweifel/sumstats_covariates/combined_munged_sumstats/EDU_Cheesman.sumstats.gz,/local1/scratch/pazweifel/sumstats_covariates/combined_munged_sumstats/EDU.sumstats.gz,/local1/scratch/pazweifel/sumstats_covariates/combined_munged_sumstats/ENG_Cheesman.sumstats.gz,/local1/scratch/pazweifel/sumstats_covariates/combined_munged_sumstats/EXTRA_Gupta.sumstats.gz,/local1/scratch/pazweifel/sumstats_covariates/combined_munged_sumstats/Fruit.sumstats.gz,/local1/scratch/pazweifel/sumstats_covariates/combined_munged_sumstats/Health_Cheesman.sumstats.gz,/local1/scratch/pazweifel/sumstats_covariates/combined_munged_sumstats/Height.sumstats.gz,/local1/scratch/pazweifel/sumstats_covariates/combined_munged_sumstats/ICT_Cheesman.sumstats.gz,/local1/scratch/pazweifel/sumstats_covariates/combined_munged_sumstats/ILL.sumstats.gz,/local1/scratch/pazweifel/sumstats_covariates/combined_munged_sumstats/INS.sumstats.gz,/local1/scratch/pazweifel/sumstats_covariates/combined_munged_sumstats/LDL.sumstats.gz,/local1/scratch/pazweifel/sumstats_covariates/combined_munged_sumstats/LON.sumstats.gz,/local1/scratch/pazweifel/sumstats_covariates/combined_munged_sumstats/NatSci_Cheesman.sumstats.gz,/local1/scratch/pazweifel/sumstats_covariates/combined_munged_sumstats/NEURO_Gupta.sumstats.gz,/local1/scratch/pazweifel/sumstats_covariates/combined_munged_sumstats/NSEXP_Linner.sumstats.gz,/local1/scratch/pazweifel/sumstats_covariates/combined_munged_sumstats/OPEN_Gupta.sumstats.gz,/local1/scratch/pazweifel/sumstats_covariates/combined_munged_sumstats/PA.sumstats.gz,/local1/scratch/pazweifel/sumstats_covariates/combined_munged_sumstats/REPERR_Schoeler.sumstats.gz,/local1/scratch/pazweifel/sumstats_covariates/combined_munged_sumstats/Risk.sumstats.gz,/local1/scratch/pazweifel/sumstats_covariates/combined_munged_sumstats/RT.sumstats.gz,/local1/scratch/pazweifel/sumstats_covariates/combined_munged_sumstats/SERV_Cheesman.sumstats.gz,/local1/scratch/pazweifel/sumstats_covariates/combined_munged_sumstats/Sex.sumstats.gz,/local1/scratch/pazweifel/sumstats_covariates/combined_munged_sumstats/SMOKER_Linner.sumstats.gz,/local1/scratch/pazweifel/sumstats_covariates/combined_munged_sumstats/Smoking.sumstats.gz,/local1/scratch/pazweifel/sumstats_covariates/combined_munged_sumstats/Social_Cheesman.sumstats.gz,/local1/scratch/pazweifel/sumstats_covariates/combined_munged_sumstats/UKBBpart.sumstats.gz,/local1/scratch/pazweifel/sumstats_covariates/combined_munged_sumstats/VEG.sumstats.gz,/local1/scratch/pazweifel/sumstats_covariates/combined_munged_sumstats/wALC.sumstats.gz,/local1/scratch/pazweifel/sumstats_covariates/combined_munged_sumstats/wBMI.sumstats.gz,/local1/scratch/pazweifel/sumstats_covariates/combined_munged_sumstats/wBP.sumstats.gz,/local1/scratch/pazweifel/sumstats_covariates/combined_munged_sumstats/wCancer.sumstats.gz,/local1/scratch/pazweifel/sumstats_covariates/combined_munged_sumstats/wCoffee.sumstats.gz,/local1/scratch/pazweifel/sumstats_covariates/combined_munged_sumstats/wDD_ANX.sumstats.gz,/local1/scratch/pazweifel/sumstats_covariates/combined_munged_sumstats/wDiabetes.sumstats.gz,/local1/scratch/pazweifel/sumstats_covariates/combined_munged_sumstats/wEDU.sumstats.gz,/local1/scratch/pazweifel/sumstats_covariates/combined_munged_sumstats/wFruit.sumstats.gz,/local1/scratch/pazweifel/sumstats_covariates/combined_munged_sumstats/wHeight.sumstats.gz,/local1/scratch/pazweifel/sumstats_covariates/combined_munged_sumstats/wILL.sumstats.gz,/local1/scratch/pazweifel/sumstats_covariates/combined_munged_sumstats/wINS.sumstats.gz,/local1/scratch/pazweifel/sumstats_covariates/combined_munged_sumstats/wLDL.sumstats.gz,/local1/scratch/pazweifel/sumstats_covariates/combined_munged_sumstats/wLON.sumstats.gz,/local1/scratch/pazweifel/sumstats_covariates/combined_munged_sumstats/wPA.sumstats.gz,/local1/scratch/pazweifel/sumstats_covariates/combined_munged_sumstats/wRisk.sumstats.gz,/local1/scratch/pazweifel/sumstats_covariates/combined_munged_sumstats/wRT.sumstats.gz,/local1/scratch/pazweifel/sumstats_covariates/combined_munged_sumstats/wSex.sumstats.gz,/local1/scratch/pazweifel/sumstats_covariates/combined_munged_sumstats/wSmoking.sumstats.gz,/local1/scratch/pazweifel/sumstats_covariates/combined_munged_sumstats/wUKBBpart.sumstats.gz,/local1/scratch/pazweifel/sumstats_covariates/combined_munged_sumstats/wVEG.sumstats.gz \
--w-ld-chr /local1/hdata/REF/eur_w_ld_chr/ 

Beginning analysis at Wed Mar 18 09:21:05 2026
Reading summary statistics from /local1/home/pazweifel/src/common_factor_jolien/mental_common_factor_wN.sumstats.gz ...
Read summary statistics for 3157887 SNPs.
Reading reference panel LD Score from /local1/hdata/REF/eur_ref_ld_chr/[1-22] ... (ldscore_fromlist)
Read reference panel LD Scores for 1317571 SNPs.
Removing partitioned LD Scores with zero variance.
Reading regression weight LD Score from /local1/hdata/REF/eur_w_ld_chr/[1-22] ... (ldscore_fromlist)
Read regression weight LD Scores for 1290028 SNPs.
After merging with reference panel LD, 823943 SNPs remain.
After merging with regression SNP LD, 821906 SNPs remain.
Computing rg for phenotype 2/65
Reading summary statistics from /local1/scratch/pazweifel/sumstats_covariates/combined_munged_sumstats/AGREE_Gupta.sumstats.gz ...
Read summary statistics for 4958225 SNPs.
After merging with summary statistics, 486763 SNPs remain.
486763 SNPs with valid alleles.

Heritability of phenotype 1
---------------------------
Total Observed scale h2: 0.0684 (0.0033)
Lambda GC: 1.8566
Mean Chi^2: 2.287
Intercept: 1.0721 (0.028)
Ratio: 0.056 (0.0218)

Heritability of phenotype 2/65
------------------------------
Total Observed scale h2: 0.0353 (0.0038)
Lambda GC: 1.2267
Mean Chi^2: 1.2545
Intercept: 1.0341 (0.0125)
Ratio: 0.1339 (0.0493)

Genetic Covariance
------------------
Total Observed scale gencov: -0.0165 (0.0022)
Mean z1*z2: -0.2433
Intercept: -0.071 (0.0112)

Genetic Correlation
-------------------
Genetic Correlation: -0.3362 (0.0424)
Z-score: -7.9341
P: 2.1202e-15

Computing rg for phenotype 3/65
Reading summary statistics from /local1/scratch/pazweifel/sumstats_covariates/combined_munged_sumstats/AGRI_Cheesman.sumstats.gz ...
Read summary statistics for 4475772 SNPs.
After merging with summary statistics, 703700 SNPs remain.
703700 SNPs with valid alleles.

Heritability of phenotype 3/65
------------------------------
Total Observed scale h2: 0.2158 (0.052)
Lambda GC: 1.0802
Mean Chi^2: 1.0689
Intercept: 1.019 (0.0091)
Ratio: 0.2759 (0.1315)

Genetic Covariance
------------------
Total Observed scale gencov: -0.0465 (0.0087)
Mean z1*z2: -0.1038
Intercept: -0.0126 (0.0092)

Genetic Correlation
-------------------
Genetic Correlation: -0.3688 (0.0769)
Z-score: -4.7965
P: 1.6143e-06

Computing rg for phenotype 4/65
Reading summary statistics from /local1/scratch/pazweifel/sumstats_covariates/combined_munged_sumstats/ALC.sumstats.gz ...
Read summary statistics for 6192367 SNPs.
After merging with summary statistics, 817446 SNPs remain.
817446 SNPs with valid alleles.

Heritability of phenotype 4/65
------------------------------
Total Observed scale h2: 0.0585 (0.0041)
Lambda GC: 1.3754
Mean Chi^2: 1.4711
Intercept: 1.0857 (0.013)
Ratio: 0.1819 (0.0276)

Genetic Covariance
------------------
Total Observed scale gencov: 0.0046 (0.0021)
Mean z1*z2: 0.0487
Intercept: 0.0049 (0.0107)

Genetic Correlation
-------------------
Genetic Correlation: 0.0695 (0.033)
Z-score: 2.1074
P: 0.0351

Computing rg for phenotype 5/65
Reading summary statistics from /local1/scratch/pazweifel/sumstats_covariates/combined_munged_sumstats/ARTS_Cheesman.sumstats.gz ...
Read summary statistics for 4541550 SNPs.
After merging with summary statistics, 712205 SNPs remain.
712205 SNPs with valid alleles.

Heritability of phenotype 5/65
------------------------------
Total Observed scale h2: 0.2325 (0.0366)
Lambda GC: 1.1113
Mean Chi^2: 1.1223
Intercept: 1.0293 (0.0107)
Ratio: 0.2397 (0.0877)

Genetic Covariance
------------------
Total Observed scale gencov: 0.0342 (0.0074)
Mean z1*z2: 0.1148
Intercept: 0.0309 (0.0101)

Genetic Correlation
-------------------
Genetic Correlation: 0.2615 (0.0537)
Z-score: 4.8702
P: 1.1149e-06

Computing rg for phenotype 6/65
Reading summary statistics from /local1/scratch/pazweifel/sumstats_covariates/combined_munged_sumstats/ASPEED_Linner.sumstats.gz ...
Read summary statistics for 9709820 SNPs.
After merging with summary statistics, 821882 SNPs remain.
821882 SNPs with valid alleles.

Heritability of phenotype 6/65
------------------------------
Total Observed scale h2: 0.0547 (0.0028)
Lambda GC: 1.4745
Mean Chi^2: 1.5917
Intercept: 1.0912 (0.0139)
Ratio: 0.1541 (0.0234)

Genetic Covariance
------------------
Total Observed scale gencov: -0.0128 (0.0019)
Mean z1*z2: -0.1858
Intercept: -0.0339 (0.0107)

Genetic Correlation
-------------------
Genetic Correlation: -0.2028 (0.0282)
Z-score: -7.188
P: 6.5731e-13

Computing rg for phenotype 7/65
Reading summary statistics from /local1/scratch/pazweifel/sumstats_covariates/combined_munged_sumstats/BMI.sumstats.gz ...
Read summary statistics for 6192372 SNPs.
After merging with summary statistics, 817446 SNPs remain.
817446 SNPs with valid alleles.

Heritability of phenotype 7/65
------------------------------
Total Observed scale h2: 0.2228 (0.0125)
Lambda GC: 2.1112
Mean Chi^2: 2.6278
Intercept: 1.2248 (0.0268)
Ratio: 0.1381 (0.0165)

Genetic Covariance
------------------
Total Observed scale gencov: 0.0176 (0.0025)
Mean z1*z2: 0.2016
Intercept: 0.0237 (0.0122)

Genetic Correlation
-------------------
Genetic Correlation: 0.1378 (0.0198)
Z-score: 6.944
P: 3.8104e-12

Computing rg for phenotype 8/65
Reading summary statistics from /local1/scratch/pazweifel/sumstats_covariates/combined_munged_sumstats/BP.sumstats.gz ...
Read summary statistics for 6192318 SNPs.
After merging with summary statistics, 817446 SNPs remain.
817446 SNPs with valid alleles.

Heritability of phenotype 8/65
------------------------------
Total Observed scale h2: 0.0953 (0.0063)
Lambda GC: 1.5771
Mean Chi^2: 1.8044
Intercept: 1.1848 (0.0196)
Ratio: 0.2298 (0.0243)

Genetic Covariance
------------------
Total Observed scale gencov: -0.0021 (0.0022)
Mean z1*z2: -0.0185
Intercept: -0.0048 (0.0098)

Genetic Correlation
-------------------
Genetic Correlation: -0.025 (0.0259)
Z-score: -0.9645
P: 0.3348

Computing rg for phenotype 9/65
Reading summary statistics from /local1/scratch/pazweifel/sumstats_covariates/combined_munged_sumstats/BUSI_Cheesman.sumstats.gz ...
Read summary statistics for 4479678 SNPs.
After merging with summary statistics, 704271 SNPs remain.
704271 SNPs with valid alleles.

Heritability of phenotype 9/65
------------------------------
Total Observed scale h2: 0.0927 (0.0198)
Lambda GC: 1.1144
Mean Chi^2: 1.1259
Intercept: 1.0447 (0.0103)
Ratio: 0.3551 (0.0818)

Genetic Covariance
------------------
Total Observed scale gencov: -0.0099 (0.0046)
Mean z1*z2: -0.0465
Intercept: -0.0085 (0.009)

Genetic Correlation
-------------------
Genetic Correlation: -0.1202 (0.0573)
Z-score: -2.0988
P: 0.0358

Computing rg for phenotype 10/65
Reading summary statistics from /local1/scratch/pazweifel/sumstats_covariates/combined_munged_sumstats/Cancer.sumstats.gz ...
Read summary statistics for 6192337 SNPs.
After merging with summary statistics, 817446 SNPs remain.
817446 SNPs with valid alleles.

Heritability of phenotype 10/65
-------------------------------
Total Observed scale h2: 0.0053 (0.0018)
Lambda GC: 1.0466
Mean Chi^2: 1.0579
Intercept: 1.0209 (0.0091)
Ratio: 0.3617 (0.1574)

Genetic Covariance
------------------
Total Observed scale gencov: 0.0042 (0.0014)
Mean z1*z2: 0.0304
Intercept: -0.0098 (0.0082)

Genetic Correlation
-------------------
Genetic Correlation: 0.2138 (0.0757)
Z-score: 2.8248
P: 0.0047

Computing rg for phenotype 11/65
Reading summary statistics from /local1/scratch/pazweifel/sumstats_covariates/combined_munged_sumstats/Coffee.sumstats.gz ...
Read summary statistics for 6192407 SNPs.
After merging with summary statistics, 817446 SNPs remain.
817446 SNPs with valid alleles.

Heritability of phenotype 11/65
-------------------------------
Total Observed scale h2: 0.0455 (0.0058)
Lambda GC: 1.2464
Mean Chi^2: 1.3204
Intercept: 1.0344 (0.0156)
Ratio: 0.1074 (0.0487)

Genetic Covariance
------------------
Total Observed scale gencov: -0.0001 (0.0018)
Mean z1*z2: -0.0011
Intercept: -0.0005 (0.0098)

Genetic Correlation
-------------------
Genetic Correlation: -0.0022 (0.0314)
Z-score: -0.0689
P: 0.945

Computing rg for phenotype 12/65
Reading summary statistics from /local1/scratch/pazweifel/sumstats_covariates/combined_munged_sumstats/CONSC_Gupta.sumstats.gz ...
Read summary statistics for 4961351 SNPs.
After merging with summary statistics, 486763 SNPs remain.
486763 SNPs with valid alleles.

Heritability of phenotype 12/65
-------------------------------
Total Observed scale h2: 0.0368 (0.0034)
Lambda GC: 1.2664
Mean Chi^2: 1.2964
Intercept: 1.0719 (0.0127)
Ratio: 0.2427 (0.0429)

Genetic Covariance
------------------
Total Observed scale gencov: -0.0046 (0.002)
Mean z1*z2: -0.0803
Intercept: -0.0453 (0.0103)

Genetic Correlation
-------------------
Genetic Correlation: -0.0919 (0.0394)
Z-score: -2.3344
P: 0.0196

Computing rg for phenotype 13/65
Reading summary statistics from /local1/scratch/pazweifel/sumstats_covariates/combined_munged_sumstats/DD_ANX.sumstats.gz ...
Read summary statistics for 6192404 SNPs.
After merging with summary statistics, 817446 SNPs remain.
817446 SNPs with valid alleles.

Heritability of phenotype 13/65
-------------------------------
Total Observed scale h2: 0.0244 (0.0027)
Lambda GC: 1.1619
Mean Chi^2: 1.1904
Intercept: 1.0321 (0.0108)
Ratio: 0.1687 (0.0567)

Genetic Covariance
------------------
Total Observed scale gencov: 0.0385 (0.0021)
Mean z1*z2: 0.4544
Intercept: 0.0682 (0.0101)

Genetic Correlation
-------------------
Genetic Correlation: 0.91 (0.0398)
Z-score: 22.8833
P: 6.8136e-116

Computing rg for phenotype 14/65
Reading summary statistics from /local1/scratch/pazweifel/sumstats_covariates/combined_munged_sumstats/DEPRI_Neale.sumstats.gz ...
Read summary statistics for 9242163 SNPs.
After merging with summary statistics, 820045 SNPs remain.
820045 SNPs with valid alleles.

Heritability of phenotype 14/65
-------------------------------
Total Observed scale h2: 0.0291 (0.0021)
Lambda GC: 1.2764
Mean Chi^2: 1.2918
Intercept: 1.0693 (0.0096)
Ratio: 0.2375 (0.0331)

Genetic Covariance
------------------
Total Observed scale gencov: 0.0236 (0.0018)
Mean z1*z2: 0.2855
Intercept: 0.0337 (0.01)

Genetic Correlation
-------------------
Genetic Correlation: 0.5101 (0.0325)
Z-score: 15.7053
P: 1.3913e-55

Computing rg for phenotype 15/65
Reading summary statistics from /local1/scratch/pazweifel/sumstats_covariates/combined_munged_sumstats/Diabetes.sumstats.gz ...
Read summary statistics for 6192386 SNPs.
After merging with summary statistics, 817446 SNPs remain.
817446 SNPs with valid alleles.

Heritability of phenotype 15/65
-------------------------------
Total Observed scale h2: 0.0294 (0.0031)
Lambda GC: 1.2234
Mean Chi^2: 1.2986
Intercept: 1.0989 (0.0184)
Ratio: 0.3312 (0.0615)

Genetic Covariance
------------------
Total Observed scale gencov: 0.007 (0.0015)
Mean z1*z2: 0.0941
Intercept: 0.0218 (0.0089)

Genetic Correlation
-------------------
Genetic Correlation: 0.1508 (0.0335)
Z-score: 4.4966
P: 6.905e-06

Computing rg for phenotype 16/65
Reading summary statistics from /local1/scratch/pazweifel/sumstats_covariates/combined_munged_sumstats/DRINKS_Linner.sumstats.gz ...
Read summary statistics for 9710190 SNPs.
After merging with summary statistics, 821882 SNPs remain.
821882 SNPs with valid alleles.

Heritability of phenotype 16/65
-------------------------------
Total Observed scale h2: 0.0605 (0.0036)
Lambda GC: 1.4673
Mean Chi^2: 1.6663
Intercept: 1.0902 (0.015)
Ratio: 0.1353 (0.0225)

Genetic Covariance
------------------
Total Observed scale gencov: 0.0048 (0.0019)
Mean z1*z2: 0.0686
Intercept: 0.0094 (0.0111)

Genetic Correlation
-------------------
Genetic Correlation: 0.0721 (0.0288)
Z-score: 2.5
P: 0.0124

Computing rg for phenotype 17/65
Reading summary statistics from /local1/scratch/pazweifel/sumstats_covariates/combined_munged_sumstats/EA_okbay.sumstats.gz ...
Read summary statistics for 9337063 SNPs.
After merging with summary statistics, 819971 SNPs remain.
819971 SNPs with valid alleles.

Heritability of phenotype 17/65
-------------------------------
Total Observed scale h2: 0.1266 (0.0049)
Lambda GC: 2.5309
Mean Chi^2: 3.3659
Intercept: 1.2484 (0.0361)
Ratio: 0.105 (0.0153)

Genetic Covariance
------------------
Total Observed scale gencov: -0.0185 (0.0022)
Mean z1*z2: -0.3816
Intercept: -0.0679 (0.0165)

Genetic Correlation
-------------------
Genetic Correlation: -0.1927 (0.0208)
Z-score: -9.2535
P: 2.1723e-20

Computing rg for phenotype 18/65
Reading summary statistics from /local1/scratch/pazweifel/sumstats_covariates/combined_munged_sumstats/EDU_Cheesman.sumstats.gz ...
Read summary statistics for 4498160 SNPs.
After merging with summary statistics, 706724 SNPs remain.
706724 SNPs with valid alleles.

Heritability of phenotype 18/65
-------------------------------
Total Observed scale h2: 0.2004 (0.0401)
Lambda GC: 1.0957
Mean Chi^2: 1.0929
Intercept: 1.0205 (0.0114)
Ratio: 0.2207 (0.1223)

Genetic Covariance
------------------
Total Observed scale gencov: -0.0152 (0.0072)
Mean z1*z2: -0.0336
Intercept: -0.0029 (0.0094)

Genetic Correlation
-------------------
Genetic Correlation: -0.1248 (0.0602)
Z-score: -2.0729
P: 0.0382

Computing rg for phenotype 19/65
Reading summary statistics from /local1/scratch/pazweifel/sumstats_covariates/combined_munged_sumstats/EDU.sumstats.gz ...
Read summary statistics for 6192372 SNPs.
After merging with summary statistics, 817446 SNPs remain.
817446 SNPs with valid alleles.

Heritability of phenotype 19/65
-------------------------------
Total Observed scale h2: 0.1836 (0.0086)
Lambda GC: 2.1502
Mean Chi^2: 2.5158
Intercept: 1.3541 (0.0259)
Ratio: 0.2336 (0.0171)

Genetic Covariance
------------------
Total Observed scale gencov: -0.0274 (0.0029)
Mean z1*z2: -0.3309
Intercept: -0.0511 (0.0145)

Genetic Correlation
-------------------
Genetic Correlation: -0.2367 (0.0235)
Z-score: -10.093
P: 5.9348e-24

Computing rg for phenotype 20/65
Reading summary statistics from /local1/scratch/pazweifel/sumstats_covariates/combined_munged_sumstats/ENG_Cheesman.sumstats.gz ...
Read summary statistics for 4475244 SNPs.
After merging with summary statistics, 703658 SNPs remain.
703658 SNPs with valid alleles.

Heritability of phenotype 20/65
-------------------------------
Total Observed scale h2: 0.1407 (0.0174)
Lambda GC: 1.1747
Mean Chi^2: 1.1954
Intercept: 1.0336 (0.0131)
Ratio: 0.1719 (0.0668)

Genetic Covariance
------------------
Total Observed scale gencov: -0.0152 (0.0044)
Mean z1*z2: -0.1064
Intercept: -0.0342 (0.0105)

Genetic Correlation
-------------------
Genetic Correlation: -0.1495 (0.0396)
Z-score: -3.7808
P: 0.0002

Computing rg for phenotype 21/65
Reading summary statistics from /local1/scratch/pazweifel/sumstats_covariates/combined_munged_sumstats/EXTRA_Gupta.sumstats.gz ...
Read summary statistics for 4947712 SNPs.
After merging with summary statistics, 486232 SNPs remain.
486232 SNPs with valid alleles.

Heritability of phenotype 21/65
-------------------------------
Total Observed scale h2: 0.0424 (0.0026)
Lambda GC: 1.3477
Mean Chi^2: 1.4092
Intercept: 1.0872 (0.0124)
Ratio: 0.213 (0.0304)

Genetic Covariance
------------------
Total Observed scale gencov: -0.0021 (0.002)
Mean z1*z2: -0.0583
Intercept: -0.0352 (0.0121)

Genetic Correlation
-------------------
Genetic Correlation: -0.0398 (0.0378)
Z-score: -1.0551
P: 0.2914

Computing rg for phenotype 22/65
Reading summary statistics from /local1/scratch/pazweifel/sumstats_covariates/combined_munged_sumstats/Fruit.sumstats.gz ...
Read summary statistics for 6192444 SNPs.
After merging with summary statistics, 817446 SNPs remain.
817446 SNPs with valid alleles.

Heritability of phenotype 22/65
-------------------------------
Total Observed scale h2: 0.0525 (0.0039)
Lambda GC: 1.3101
Mean Chi^2: 1.3875
Intercept: 1.0531 (0.0124)
Ratio: 0.1372 (0.032)

Genetic Covariance
------------------
Total Observed scale gencov: -0.0066 (0.0018)
Mean z1*z2: -0.0409
Intercept: 0.0183 (0.0094)

Genetic Correlation
-------------------
Genetic Correlation: -0.1062 (0.0301)
Z-score: -3.5288
P: 0.0004

Computing rg for phenotype 23/65
Reading summary statistics from /local1/scratch/pazweifel/sumstats_covariates/combined_munged_sumstats/Health_Cheesman.sumstats.gz ...
Read summary statistics for 4467891 SNPs.
After merging with summary statistics, 702758 SNPs remain.
702758 SNPs with valid alleles.

Heritability of phenotype 23/65
-------------------------------
Total Observed scale h2: 0.1399 (0.0167)
Lambda GC: 1.1523
Mean Chi^2: 1.1581
Intercept: 1.0293 (0.0111)
Ratio: 0.185 (0.0699)

Genetic Covariance
------------------
Total Observed scale gencov: 0.001 (0.0044)
Mean z1*z2: 0.0086
Intercept: 0.0022 (0.0096)

Genetic Correlation
-------------------
Genetic Correlation: 0.0095 (0.0435)
Z-score: 0.2175
P: 0.8278

Computing rg for phenotype 24/65
Reading summary statistics from /local1/scratch/pazweifel/sumstats_covariates/combined_munged_sumstats/Height.sumstats.gz ...
Read summary statistics for 6192372 SNPs.
After merging with summary statistics, 817446 SNPs remain.
817446 SNPs with valid alleles.

Heritability of phenotype 24/65
-------------------------------
Total Observed scale h2: 0.4188 (0.0309)
Lambda GC: 2.4421
Mean Chi^2: 4.2696
Intercept: 1.552 (0.0816)
Ratio: 0.1688 (0.025)

Genetic Covariance
------------------
Total Observed scale gencov: -0.0124 (0.0033)
Mean z1*z2: -0.1329
Intercept: -0.0196 (0.0154)

Genetic Correlation
-------------------
Genetic Correlation: -0.0709 (0.019)
Z-score: -3.7309
P: 0.0002

Computing rg for phenotype 25/65
Reading summary statistics from /local1/scratch/pazweifel/sumstats_covariates/combined_munged_sumstats/ICT_Cheesman.sumstats.gz ...
Read summary statistics for 4479890 SNPs.
After merging with summary statistics, 704286 SNPs remain.
704286 SNPs with valid alleles.

Heritability of phenotype 25/65
-------------------------------
Total Observed scale h2: 0.3693 (0.0614)
Lambda GC: 1.0864
Mean Chi^2: 1.0997
Intercept: 1.011 (0.0106)
Ratio: 0.1102 (0.1063)

Genetic Covariance
------------------
Total Observed scale gencov: -0.0116 (0.0072)
Mean z1*z2: -0.0227
Intercept: 0.0023 (0.0092)

Genetic Correlation
-------------------
Genetic Correlation: -0.0706 (0.0435)
Z-score: -1.6238
P: 0.1044

Computing rg for phenotype 26/65
Reading summary statistics from /local1/scratch/pazweifel/sumstats_covariates/combined_munged_sumstats/ILL.sumstats.gz ...
Read summary statistics for 6192380 SNPs.
After merging with summary statistics, 817446 SNPs remain.
817446 SNPs with valid alleles.

Heritability of phenotype 26/65
-------------------------------
Total Observed scale h2: 0.0564 (0.0035)
Lambda GC: 1.4175
Mean Chi^2: 1.4887
Intercept: 1.1198 (0.0137)
Ratio: 0.2451 (0.028)

Genetic Covariance
------------------
Total Observed scale gencov: 0.034 (0.0022)
Mean z1*z2: 0.383
Intercept: 0.0457 (0.0113)

Genetic Correlation
-------------------
Genetic Correlation: 0.5298 (0.0255)
Z-score: 20.7828
P: 6.1941e-96

Computing rg for phenotype 27/65
Reading summary statistics from /local1/scratch/pazweifel/sumstats_covariates/combined_munged_sumstats/INS.sumstats.gz ...
Read summary statistics for 6192341 SNPs.
After merging with summary statistics, 817446 SNPs remain.
817446 SNPs with valid alleles.

Heritability of phenotype 27/65
-------------------------------
Total Observed scale h2: 0.0512 (0.0032)
Lambda GC: 1.3512
Mean Chi^2: 1.4146
Intercept: 1.0788 (0.0114)
Ratio: 0.1901 (0.0275)

Genetic Covariance
------------------
Total Observed scale gencov: 0.0233 (0.002)
Mean z1*z2: 0.2456
Intercept: 0.0116 (0.0105)

Genetic Correlation
-------------------
Genetic Correlation: 0.3814 (0.0282)
Z-score: 13.51
P: 1.3646e-41

Computing rg for phenotype 28/65
Reading summary statistics from /local1/scratch/pazweifel/sumstats_covariates/combined_munged_sumstats/LDL.sumstats.gz ...
Read summary statistics for 6192323 SNPs.
After merging with summary statistics, 817446 SNPs remain.
817446 SNPs with valid alleles.

Heritability of phenotype 28/65
-------------------------------
Total Observed scale h2: 0.0552 (0.0236)
Lambda GC: 1.2664
Mean Chi^2: 1.6601
Intercept: 1.2955 (0.1519)
Ratio: 0.4476 (0.2301)

Genetic Covariance
------------------
Total Observed scale gencov: -0.0019 (0.0016)
Mean z1*z2: -0.042
Intercept: -0.0196 (0.0099)

Genetic Correlation
-------------------
Genetic Correlation: -0.0301 (0.0273)
Z-score: -1.1034
P: 0.2698

Computing rg for phenotype 29/65
Reading summary statistics from /local1/scratch/pazweifel/sumstats_covariates/combined_munged_sumstats/LON.sumstats.gz ...
Read summary statistics for 6192343 SNPs.
After merging with summary statistics, 817446 SNPs remain.
817446 SNPs with valid alleles.

Heritability of phenotype 29/65
-------------------------------
Total Observed scale h2: 0.0305 (0.0026)
Lambda GC: 1.2168
Mean Chi^2: 1.2517
Intercept: 1.0541 (0.0101)
Ratio: 0.2151 (0.0401)

Genetic Covariance
------------------
Total Observed scale gencov: 0.0277 (0.0019)
Mean z1*z2: 0.3182
Intercept: 0.0386 (0.0095)

Genetic Correlation
-------------------
Genetic Correlation: 0.587 (0.032)
Z-score: 18.3324
P: 4.5662e-75

Computing rg for phenotype 30/65
Reading summary statistics from /local1/scratch/pazweifel/sumstats_covariates/combined_munged_sumstats/NatSci_Cheesman.sumstats.gz ...
Read summary statistics for 4517783 SNPs.
After merging with summary statistics, 709236 SNPs remain.
709236 SNPs with valid alleles.

Heritability of phenotype 30/65
-------------------------------
Total Observed scale h2: 0.2678 (0.074)
Lambda GC: 1.0772
Mean Chi^2: 1.0744
Intercept: 1.028 (0.0101)
Ratio: 0.3766 (0.1362)

Genetic Covariance
------------------
Total Observed scale gencov: -0.0159 (0.0091)
Mean z1*z2: -0.0493
Intercept: -0.022 (0.0095)

Genetic Correlation
-------------------
Genetic Correlation: -0.113 (0.0643)
Z-score: -1.7578
P: 0.0788

Computing rg for phenotype 31/65
Reading summary statistics from /local1/scratch/pazweifel/sumstats_covariates/combined_munged_sumstats/NEURO_Gupta.sumstats.gz ...
Read summary statistics for 4719643 SNPs.
After merging with summary statistics, 483206 SNPs remain.
483206 SNPs with valid alleles.

Heritability of phenotype 31/65
-------------------------------
Total Observed scale h2: 0.0688 (0.0031)
Lambda GC: 1.9013
Mean Chi^2: 2.2594
Intercept: 1.1673 (0.0229)
Ratio: 0.1329 (0.0182)

Genetic Covariance
------------------
Total Observed scale gencov: 0.0401 (0.0024)
Mean z1*z2: 0.8066
Intercept: 0.1403 (0.0186)

Genetic Correlation
-------------------
Genetic Correlation: 0.5824 (0.0207)
Z-score: 28.1664
P: 1.5076e-174

Computing rg for phenotype 32/65
Reading summary statistics from /local1/scratch/pazweifel/sumstats_covariates/combined_munged_sumstats/NSEXP_Linner.sumstats.gz ...
Read summary statistics for 9710383 SNPs.
After merging with summary statistics, 821882 SNPs remain.
821882 SNPs with valid alleles.

Heritability of phenotype 32/65
-------------------------------
Total Observed scale h2: 0.0873 (0.004)
Lambda GC: 1.5957
Mean Chi^2: 1.8342
Intercept: 1.1131 (0.0167)
Ratio: 0.1356 (0.02)

Genetic Covariance
------------------
Total Observed scale gencov: 0.0316 (0.0024)
Mean z1*z2: 0.4162
Intercept: 0.0591 (0.0133)

Genetic Correlation
-------------------
Genetic Correlation: 0.3958 (0.0241)
Z-score: 16.4484
P: 8.6077e-61

Computing rg for phenotype 33/65
Reading summary statistics from /local1/scratch/pazweifel/sumstats_covariates/combined_munged_sumstats/OPEN_Gupta.sumstats.gz ...
Read summary statistics for 5216031 SNPs.
After merging with summary statistics, 486763 SNPs remain.
486763 SNPs with valid alleles.

Heritability of phenotype 33/65
-------------------------------
Total Observed scale h2: 0.0359 (0.0035)
Lambda GC: 1.2201
Mean Chi^2: 1.2526
Intercept: 1.0429 (0.0114)
Ratio: 0.17 (0.045)

Genetic Covariance
------------------
Total Observed scale gencov: 0.0096 (0.0022)
Mean z1*z2: 0.1266
Intercept: 0.0211 (0.0113)

Genetic Correlation
-------------------
Genetic Correlation: 0.1938 (0.0417)
Z-score: 4.6511
P: 3.3011e-06

Computing rg for phenotype 34/65
Reading summary statistics from /local1/scratch/pazweifel/sumstats_covariates/combined_munged_sumstats/PA.sumstats.gz ...
Read summary statistics for 6192405 SNPs.
After merging with summary statistics, 817446 SNPs remain.
817446 SNPs with valid alleles.

Heritability of phenotype 34/65
-------------------------------
Total Observed scale h2: 0.0306 (0.0026)
Lambda GC: 1.2136
Mean Chi^2: 1.2424
Intercept: 1.051 (0.0097)
Ratio: 0.2104 (0.0398)

Genetic Covariance
------------------
Total Observed scale gencov: 0.0027 (0.0015)
Mean z1*z2: 0.0437
Intercept: 0.0109 (0.0085)

Genetic Correlation
-------------------
Genetic Correlation: 0.0571 (0.0315)
Z-score: 1.8119
P: 0.07

Computing rg for phenotype 35/65
Reading summary statistics from /local1/scratch/pazweifel/sumstats_covariates/combined_munged_sumstats/REPERR_Schoeler.sumstats.gz ...
Read summary statistics for 6824953 SNPs.
After merging with summary statistics, 786045 SNPs remain.
786045 SNPs with valid alleles.

Heritability of phenotype 35/65
-------------------------------
Total Observed scale h2: 0.0167 (0.0071)
Lambda GC: 1.0588
Mean Chi^2: 1.0636
Intercept: 1.0365 (0.0078)
Ratio: 0.5748 (0.1227)

Genetic Covariance
------------------
Total Observed scale gencov: 0.0085 (0.0025)
Mean z1*z2: 0.0611
Intercept: 0.0166 (0.0077)

Genetic Correlation
-------------------
Genetic Correlation: 0.2419 (0.0862)
Z-score: 2.8068
P: 0.005

Computing rg for phenotype 36/65
Reading summary statistics from /local1/scratch/pazweifel/sumstats_covariates/combined_munged_sumstats/Risk.sumstats.gz ...
Read summary statistics for 6192280 SNPs.
After merging with summary statistics, 817446 SNPs remain.
817446 SNPs with valid alleles.

Heritability of phenotype 36/65
-------------------------------
Total Observed scale h2: 0.0447 (0.0034)
Lambda GC: 1.2831
Mean Chi^2: 1.3454
Intercept: 1.0568 (0.0114)
Ratio: 0.1644 (0.033)

Genetic Covariance
------------------
Total Observed scale gencov: 0.0184 (0.0019)
Mean z1*z2: 0.2269
Intercept: 0.0377 (0.0096)

Genetic Correlation
-------------------
Genetic Correlation: 0.3208 (0.0299)
Z-score: 10.715
P: 8.6549e-27

Computing rg for phenotype 37/65
Reading summary statistics from /local1/scratch/pazweifel/sumstats_covariates/combined_munged_sumstats/RT.sumstats.gz ...
Read summary statistics for 6192354 SNPs.
After merging with summary statistics, 817446 SNPs remain.
817446 SNPs with valid alleles.

Heritability of phenotype 37/65
-------------------------------
Total Observed scale h2: 0.0485 (0.0031)
Lambda GC: 1.334
Mean Chi^2: 1.4046
Intercept: 1.0889 (0.0116)
Ratio: 0.2197 (0.0288)

Genetic Covariance
------------------
Total Observed scale gencov: 0.0051 (0.0018)
Mean z1*z2: 0.0715
Intercept: 0.0231 (0.01)

Genetic Correlation
-------------------
Genetic Correlation: 0.085 (0.0299)
Z-score: 2.8454
P: 0.0044

Computing rg for phenotype 38/65
Reading summary statistics from /local1/scratch/pazweifel/sumstats_covariates/combined_munged_sumstats/SERV_Cheesman.sumstats.gz ...
Read summary statistics for 4507006 SNPs.
After merging with summary statistics, 707840 SNPs remain.
707840 SNPs with valid alleles.

Heritability of phenotype 38/65
-------------------------------
Total Observed scale h2: 0.1167 (0.0317)
Lambda GC: 1.0679
Mean Chi^2: 1.0633
Intercept: 1.0177 (0.0105)
Ratio: 0.2794 (0.1661)

Genetic Covariance
------------------
Total Observed scale gencov: -0.0191 (0.0058)
Mean z1*z2: -0.0461
Intercept: 0.0004 (0.0088)

Genetic Correlation
-------------------
Genetic Correlation: -0.2058 (0.0668)
Z-score: -3.0822
P: 0.0021

Computing rg for phenotype 39/65
Reading summary statistics from /local1/scratch/pazweifel/sumstats_covariates/combined_munged_sumstats/Sex.sumstats.gz ...
Read summary statistics for 6192372 SNPs.
After merging with summary statistics, 817446 SNPs remain.
817446 SNPs with valid alleles.

Heritability of phenotype 39/65
-------------------------------
Total Observed scale h2: 0.0073 (0.0019)
Lambda GC: 1.0895
Mean Chi^2: 1.0913
Intercept: 1.0408 (0.01)
Ratio: 0.4472 (0.1095)

Genetic Covariance
------------------
Total Observed scale gencov: 0.0007 (0.0014)
Mean z1*z2: 0.0224
Intercept: 0.0126 (0.0093)

Genetic Correlation
-------------------
Genetic Correlation: 0.0308 (0.0612)
Z-score: 0.504
P: 0.6143

Computing rg for phenotype 40/65
Reading summary statistics from /local1/scratch/pazweifel/sumstats_covariates/combined_munged_sumstats/SMOKER_Linner.sumstats.gz ...
Read summary statistics for 9709960 SNPs.
After merging with summary statistics, 821882 SNPs remain.
821882 SNPs with valid alleles.

Heritability of phenotype 40/65
-------------------------------
Total Observed scale h2: 0.0803 (0.0036)
Lambda GC: 1.7374
Mean Chi^2: 2.0751
Intercept: 1.1375 (0.0192)
Ratio: 0.1279 (0.0178)

Genetic Covariance
------------------
Total Observed scale gencov: 0.0291 (0.0023)
Mean z1*z2: 0.4601
Intercept: 0.0687 (0.0141)

Genetic Correlation
-------------------
Genetic Correlation: 0.3793 (0.0239)
Z-score: 15.8662
P: 1.0865e-56

Computing rg for phenotype 41/65
Reading summary statistics from /local1/scratch/pazweifel/sumstats_covariates/combined_munged_sumstats/Smoking.sumstats.gz ...
Read summary statistics for 6192372 SNPs.
After merging with summary statistics, 817446 SNPs remain.
817446 SNPs with valid alleles.

Heritability of phenotype 41/65
-------------------------------
Total Observed scale h2: 0.0869 (0.0049)
Lambda GC: 1.5181
Mean Chi^2: 1.6783
Intercept: 1.1127 (0.0157)
Ratio: 0.1661 (0.0231)

Genetic Covariance
------------------
Total Observed scale gencov: 0.0316 (0.0027)
Mean z1*z2: 0.3743
Intercept: 0.0576 (0.0128)

Genetic Correlation
-------------------
Genetic Correlation: 0.3955 (0.0269)
Z-score: 14.6837
P: 8.2017e-49

Computing rg for phenotype 42/65
Reading summary statistics from /local1/scratch/pazweifel/sumstats_covariates/combined_munged_sumstats/Social_Cheesman.sumstats.gz ...
Read summary statistics for 4547673 SNPs.
After merging with summary statistics, 712975 SNPs remain.
712975 SNPs with valid alleles.

Heritability of phenotype 42/65
-------------------------------
Total Observed scale h2: 0.3096 (0.062)
Lambda GC: 1.0649
Mean Chi^2: 1.0706
Intercept: 1.0005 (0.0101)
Ratio: 0.0074 (0.1425)

Genetic Covariance
------------------
Total Observed scale gencov: 0.0118 (0.008)
Mean z1*z2: 0.0286
Intercept: 0.0019 (0.0088)

Genetic Correlation
-------------------
Genetic Correlation: 0.0782 (0.0526)
Z-score: 1.4863
P: 0.1372

Computing rg for phenotype 43/65
Reading summary statistics from /local1/scratch/pazweifel/sumstats_covariates/combined_munged_sumstats/UKBBpart.sumstats.gz ...
Read summary statistics for 6192372 SNPs.
After merging with summary statistics, 817446 SNPs remain.
817446 SNPs with valid alleles.

Heritability of phenotype 43/65
-------------------------------
Total Observed scale h2: 0.0792 (0.0045)
Lambda GC: 1.5548
Mean Chi^2: 1.6643
Intercept: 1.1419 (0.0152)
Ratio: 0.2136 (0.0229)

Genetic Covariance
------------------
Total Observed scale gencov: -0.0214 (0.0024)
Mean z1*z2: -0.2749
Intercept: -0.0513 (0.012)

Genetic Correlation
-------------------
Genetic Correlation: -0.2807 (0.0273)
Z-score: -10.2882
P: 7.967e-25

Computing rg for phenotype 44/65
Reading summary statistics from /local1/scratch/pazweifel/sumstats_covariates/combined_munged_sumstats/VEG.sumstats.gz ...
Read summary statistics for 6192380 SNPs.
After merging with summary statistics, 817446 SNPs remain.
817446 SNPs with valid alleles.

Heritability of phenotype 44/65
-------------------------------
Total Observed scale h2: 0.0289 (0.0026)
Lambda GC: 1.1811
Mean Chi^2: 1.2112
Intercept: 1.0262 (0.0105)
Ratio: 0.124 (0.0495)

Genetic Covariance
------------------
Total Observed scale gencov: 0.0111 (0.0016)
Mean z1*z2: 0.1279
Intercept: 0.015 (0.0098)

Genetic Correlation
-------------------
Genetic Correlation: 0.2411 (0.0357)
Z-score: 6.7471
P: 1.5083e-11

Computing rg for phenotype 45/65
Reading summary statistics from /local1/scratch/pazweifel/sumstats_covariates/combined_munged_sumstats/wALC.sumstats.gz ...
Read summary statistics for 6192367 SNPs.
After merging with summary statistics, 817446 SNPs remain.
817446 SNPs with valid alleles.

Heritability of phenotype 45/65
-------------------------------
Total Observed scale h2: 0.0389 (0.0069)
Lambda GC: 1.1113
Mean Chi^2: 1.1289
Intercept: 1.0327 (0.0098)
Ratio: 0.2536 (0.0756)

Genetic Covariance
------------------
Total Observed scale gencov: 0.0009 (0.0026)
Mean z1*z2: 0.0112
Intercept: 0.0055 (0.0091)

Genetic Correlation
-------------------
Genetic Correlation: 0.0164 (0.05)
Z-score: 0.3284
P: 0.7426

Computing rg for phenotype 46/65
Reading summary statistics from /local1/scratch/pazweifel/sumstats_covariates/combined_munged_sumstats/wBMI.sumstats.gz ...
Read summary statistics for 6192372 SNPs.
After merging with summary statistics, 817446 SNPs remain.
817446 SNPs with valid alleles.

Heritability of phenotype 46/65
-------------------------------
Total Observed scale h2: 0.1695 (0.0126)
Lambda GC: 1.3581
Mean Chi^2: 1.4565
Intercept: 1.0625 (0.0137)
Ratio: 0.1368 (0.03)

Genetic Covariance
------------------
Total Observed scale gencov: 0.0118 (0.0026)
Mean z1*z2: 0.0752
Intercept: 0.0085 (0.0088)

Genetic Correlation
-------------------
Genetic Correlation: 0.1057 (0.0237)
Z-score: 4.4657
P: 7.9826e-06

Computing rg for phenotype 47/65
Reading summary statistics from /local1/scratch/pazweifel/sumstats_covariates/combined_munged_sumstats/wBP.sumstats.gz ...
Read summary statistics for 6192318 SNPs.
After merging with summary statistics, 817446 SNPs remain.
817446 SNPs with valid alleles.

Heritability of phenotype 47/65
-------------------------------
Total Observed scale h2: 0.0888 (0.01)
Lambda GC: 1.2332
Mean Chi^2: 1.2956
Intercept: 1.0764 (0.0126)
Ratio: 0.2586 (0.0428)

Genetic Covariance
------------------
Total Observed scale gencov: -0.0031 (0.0028)
Mean z1*z2: -0.0181
Intercept: -0.0006 (0.0096)

Genetic Correlation
-------------------
Genetic Correlation: -0.0389 (0.035)
Z-score: -1.1122
P: 0.266

Computing rg for phenotype 48/65
Reading summary statistics from /local1/scratch/pazweifel/sumstats_covariates/combined_munged_sumstats/wCancer.sumstats.gz ...
Read summary statistics for 6192337 SNPs.
After merging with summary statistics, 817446 SNPs remain.
817446 SNPs with valid alleles.

Heritability of phenotype 48/65
-------------------------------
Total Observed scale h2: 0.0096 (0.0045)
Lambda GC: 1.0345
Mean Chi^2: 1.0279
Intercept: 1.0027 (0.008)
Ratio: 0.0956 (0.2854)

Genetic Covariance
------------------
Total Observed scale gencov: 0.0081 (0.0021)
Mean z1*z2: 0.0402
Intercept: -0.0072 (0.0076)

Genetic Correlation
-------------------
Genetic Correlation: 0.3052 (0.1091)
Z-score: 2.7983
P: 0.0051

Computing rg for phenotype 49/65
Reading summary statistics from /local1/scratch/pazweifel/sumstats_covariates/combined_munged_sumstats/wCoffee.sumstats.gz ...
Read summary statistics for 6192407 SNPs.
After merging with summary statistics, 817446 SNPs remain.
817446 SNPs with valid alleles.

Heritability of phenotype 49/65
-------------------------------
Total Observed scale h2: 0.0231 (0.006)
Lambda GC: 1.071
Mean Chi^2: 1.0811
Intercept: 1.0256 (0.0091)
Ratio: 0.3161 (0.1118)

Genetic Covariance
------------------
Total Observed scale gencov: 0.0042 (0.0024)
Mean z1*z2: 0.0252
Intercept: -0.0013 (0.008)

Genetic Correlation
-------------------
Genetic Correlation: 0.1019 (0.0597)
Z-score: 1.7067
P: 0.0879

Computing rg for phenotype 50/65
Reading summary statistics from /local1/scratch/pazweifel/sumstats_covariates/combined_munged_sumstats/wDD_ANX.sumstats.gz ...
Read summary statistics for 6192404 SNPs.
After merging with summary statistics, 817446 SNPs remain.
817446 SNPs with valid alleles.

Heritability of phenotype 50/65
-------------------------------
Total Observed scale h2: 0.0241 (0.0054)
Lambda GC: 1.0649
Mean Chi^2: 1.0721
Intercept: 1.0158 (0.0082)
Ratio: 0.2197 (0.1137)

Genetic Covariance
------------------
Total Observed scale gencov: 0.0382 (0.0028)
Mean z1*z2: 0.276
Intercept: 0.048 (0.0089)

Genetic Correlation
-------------------
Genetic Correlation: 0.9108 (0.09)
Z-score: 10.1221
P: 4.4097e-24

Computing rg for phenotype 51/65
Reading summary statistics from /local1/scratch/pazweifel/sumstats_covariates/combined_munged_sumstats/wDiabetes.sumstats.gz ...
Read summary statistics for 6192386 SNPs.
After merging with summary statistics, 817446 SNPs remain.
817446 SNPs with valid alleles.

Heritability of phenotype 51/65
-------------------------------
Total Observed scale h2: 0.0329 (0.0052)
Lambda GC: 1.0957
Mean Chi^2: 1.1104
Intercept: 1.0294 (0.0092)
Ratio: 0.2668 (0.0829)

Genetic Covariance
------------------
Total Observed scale gencov: 0.0113 (0.0023)
Mean z1*z2: 0.0738
Intercept: 0.0043 (0.0079)

Genetic Correlation
-------------------
Genetic Correlation: 0.2311 (0.0515)
Z-score: 4.4898
P: 7.1299e-06

Computing rg for phenotype 52/65
Reading summary statistics from /local1/scratch/pazweifel/sumstats_covariates/combined_munged_sumstats/wEDU.sumstats.gz ...
Read summary statistics for 6192372 SNPs.
After merging with summary statistics, 817446 SNPs remain.
817446 SNPs with valid alleles.

Heritability of phenotype 52/65
-------------------------------
Total Observed scale h2: 0.2031 (0.0131)
Lambda GC: 1.4998
Mean Chi^2: 1.6205
Intercept: 1.1473 (0.0153)
Ratio: 0.2374 (0.0246)

Genetic Covariance
------------------
Total Observed scale gencov: -0.0363 (0.0035)
Mean z1*z2: -0.2595
Intercept: -0.0362 (0.0107)

Genetic Correlation
-------------------
Genetic Correlation: -0.2979 (0.026)
Z-score: -11.4486
P: 2.3907e-30

Computing rg for phenotype 53/65
Reading summary statistics from /local1/scratch/pazweifel/sumstats_covariates/combined_munged_sumstats/wFruit.sumstats.gz ...
Read summary statistics for 6192444 SNPs.
After merging with summary statistics, 817446 SNPs remain.
817446 SNPs with valid alleles.

Heritability of phenotype 53/65
-------------------------------
Total Observed scale h2: 0.0549 (0.0061)
Lambda GC: 1.1238
Mean Chi^2: 1.1404
Intercept: 1.0134 (0.0088)
Ratio: 0.0955 (0.0624)

Genetic Covariance
------------------
Total Observed scale gencov: -0.0089 (0.0025)
Mean z1*z2: -0.0397
Intercept: 0.0109 (0.008)

Genetic Correlation
-------------------
Genetic Correlation: -0.1411 (0.0407)
Z-score: -3.4649
P: 0.0005

Computing rg for phenotype 54/65
Reading summary statistics from /local1/scratch/pazweifel/sumstats_covariates/combined_munged_sumstats/wHeight.sumstats.gz ...
Read summary statistics for 6192372 SNPs.
After merging with summary statistics, 817446 SNPs remain.
817446 SNPs with valid alleles.

Heritability of phenotype 54/65
-------------------------------
Total Observed scale h2: 0.3762 (0.0317)
Lambda GC: 1.5808
Mean Chi^2: 2.1061
Intercept: 1.2098 (0.0329)
Ratio: 0.1897 (0.0298)

Genetic Covariance
------------------
Total Observed scale gencov: -0.0136 (0.0038)
Mean z1*z2: -0.0858
Intercept: -0.0093 (0.0108)

Genetic Correlation
-------------------
Genetic Correlation: -0.082 (0.0229)
Z-score: -3.5794
P: 0.0003

Computing rg for phenotype 55/65
Reading summary statistics from /local1/scratch/pazweifel/sumstats_covariates/combined_munged_sumstats/wILL.sumstats.gz ...
Read summary statistics for 6192380 SNPs.
After merging with summary statistics, 817446 SNPs remain.
817446 SNPs with valid alleles.

Heritability of phenotype 55/65
-------------------------------
Total Observed scale h2: 0.0614 (0.0064)
Lambda GC: 1.1523
Mean Chi^2: 1.1793
Intercept: 1.0338 (0.0096)
Ratio: 0.1883 (0.0537)

Genetic Covariance
------------------
Total Observed scale gencov: 0.0392 (0.003)
Mean z1*z2: 0.2648
Intercept: 0.0269 (0.009)

Genetic Correlation
-------------------
Genetic Correlation: 0.5838 (0.0369)
Z-score: 15.8157
P: 2.4231e-56

Computing rg for phenotype 56/65
Reading summary statistics from /local1/scratch/pazweifel/sumstats_covariates/combined_munged_sumstats/wINS.sumstats.gz ...
Read summary statistics for 6192341 SNPs.
After merging with summary statistics, 817446 SNPs remain.
817446 SNPs with valid alleles.

Heritability of phenotype 56/65
-------------------------------
Total Observed scale h2: 0.0487 (0.0055)
Lambda GC: 1.1396
Mean Chi^2: 1.1548
Intercept: 1.036 (0.009)
Ratio: 0.2323 (0.0584)

Genetic Covariance
------------------
Total Observed scale gencov: 0.0304 (0.0028)
Mean z1*z2: 0.1999
Intercept: 0.0142 (0.0095)

Genetic Correlation
-------------------
Genetic Correlation: 0.5099 (0.0429)
Z-score: 11.8915
P: 1.311e-32

Computing rg for phenotype 57/65
Reading summary statistics from /local1/scratch/pazweifel/sumstats_covariates/combined_munged_sumstats/wLDL.sumstats.gz ...
Read summary statistics for 6192323 SNPs.
After merging with summary statistics, 817446 SNPs remain.
817446 SNPs with valid alleles.

Heritability of phenotype 57/65
-------------------------------
Total Observed scale h2: 0.054 (0.0271)
Lambda GC: 1.127
Mean Chi^2: 1.2573
Intercept: 1.1251 (0.063)
Ratio: 0.4861 (0.2446)

Genetic Covariance
------------------
Total Observed scale gencov: -0.0019 (0.0025)
Mean z1*z2: -0.024
Intercept: -0.0081 (0.0082)

Genetic Correlation
-------------------
Genetic Correlation: -0.0305 (0.0419)
Z-score: -0.7264
P: 0.4676

Computing rg for phenotype 58/65
Reading summary statistics from /local1/scratch/pazweifel/sumstats_covariates/combined_munged_sumstats/wLON.sumstats.gz ...
Read summary statistics for 6192343 SNPs.
After merging with summary statistics, 817446 SNPs remain.
817446 SNPs with valid alleles.

Heritability of phenotype 58/65
-------------------------------
Total Observed scale h2: 0.0319 (0.0049)
Lambda GC: 1.0957
Mean Chi^2: 1.1017
Intercept: 1.0238 (0.0082)
Ratio: 0.2344 (0.0806)

Genetic Covariance
------------------
Total Observed scale gencov: 0.0295 (0.0027)
Mean z1*z2: 0.216
Intercept: 0.0347 (0.0085)

Genetic Correlation
-------------------
Genetic Correlation: 0.6113 (0.0549)
Z-score: 11.143
P: 7.7497e-29

Computing rg for phenotype 59/65
Reading summary statistics from /local1/scratch/pazweifel/sumstats_covariates/combined_munged_sumstats/wPA.sumstats.gz ...
Read summary statistics for 6192405 SNPs.
After merging with summary statistics, 817446 SNPs remain.
817446 SNPs with valid alleles.

Heritability of phenotype 59/65
-------------------------------
Total Observed scale h2: 0.0257 (0.0054)
Lambda GC: 1.0588
Mean Chi^2: 1.0707
Intercept: 1.0132 (0.0083)
Ratio: 0.1866 (0.1176)

Genetic Covariance
------------------
Total Observed scale gencov: -0.0025 (0.0023)
Mean z1*z2: 0.0026
Intercept: 0.0133 (0.0078)

Genetic Correlation
-------------------
Genetic Correlation: -0.0579 (0.0536)
Z-score: -1.0805
P: 0.2799

Computing rg for phenotype 60/65
Reading summary statistics from /local1/scratch/pazweifel/sumstats_covariates/combined_munged_sumstats/wRisk.sumstats.gz ...
Read summary statistics for 6192280 SNPs.
After merging with summary statistics, 817446 SNPs remain.
817446 SNPs with valid alleles.

Heritability of phenotype 60/65
-------------------------------
Total Observed scale h2: 0.0318 (0.0058)
Lambda GC: 1.0988
Mean Chi^2: 1.1141
Intercept: 1.0382 (0.0085)
Ratio: 0.335 (0.0744)

Genetic Covariance
------------------
Total Observed scale gencov: 0.0172 (0.0026)
Mean z1*z2: 0.1338
Intercept: 0.0272 (0.0085)

Genetic Correlation
-------------------
Genetic Correlation: 0.356 (0.056)
Z-score: 6.3592
P: 2.0287e-10

Computing rg for phenotype 61/65
Reading summary statistics from /local1/scratch/pazweifel/sumstats_covariates/combined_munged_sumstats/wRT.sumstats.gz ...
Read summary statistics for 6192354 SNPs.
After merging with summary statistics, 817446 SNPs remain.
817446 SNPs with valid alleles.

Heritability of phenotype 61/65
-------------------------------
Total Observed scale h2: 0.039 (0.006)
Lambda GC: 1.1301
Mean Chi^2: 1.1448
Intercept: 1.0471 (0.0096)
Ratio: 0.3255 (0.0665)

Genetic Covariance
------------------
Total Observed scale gencov: 0.0068 (0.0025)
Mean z1*z2: 0.0539
Intercept: 0.0166 (0.0089)

Genetic Correlation
-------------------
Genetic Correlation: 0.1271 (0.0452)
Z-score: 2.8108
P: 0.0049

Computing rg for phenotype 62/65
Reading summary statistics from /local1/scratch/pazweifel/sumstats_covariates/combined_munged_sumstats/wSex.sumstats.gz ...
Read summary statistics for 6192372 SNPs.
After merging with summary statistics, 817446 SNPs remain.
817446 SNPs with valid alleles.

Heritability of phenotype 62/65
-------------------------------
Total Observed scale h2: 0.002 (0.0042)
Lambda GC: 1.0285
Mean Chi^2: 1.0253
Intercept: 1.0195 (0.0081)
Ratio: 0.7729 (0.3188)

Genetic Covariance
------------------
Total Observed scale gencov: 0.0032 (0.0022)
Mean z1*z2: 0.0383
Intercept: 0.0176 (0.0083)

Genetic Correlation
-------------------
Genetic Correlation: 0.2648 (0.3197)
Z-score: 0.8283
P: 0.4075

Computing rg for phenotype 63/65
Reading summary statistics from /local1/scratch/pazweifel/sumstats_covariates/combined_munged_sumstats/wSmoking.sumstats.gz ...
Read summary statistics for 6192372 SNPs.
After merging with summary statistics, 817446 SNPs remain.
817446 SNPs with valid alleles.

Heritability of phenotype 63/65
-------------------------------
Total Observed scale h2: 0.0772 (0.0073)
Lambda GC: 1.2005
Mean Chi^2: 1.2308
Intercept: 1.0456 (0.0106)
Ratio: 0.1974 (0.0459)

Genetic Covariance
------------------
Total Observed scale gencov: 0.03 (0.0034)
Mean z1*z2: 0.2308
Intercept: 0.0472 (0.0101)

Genetic Correlation
-------------------
Genetic Correlation: 0.399 (0.0388)
Z-score: 10.2905
P: 7.7783e-25

Computing rg for phenotype 64/65
Reading summary statistics from /local1/scratch/pazweifel/sumstats_covariates/combined_munged_sumstats/wUKBBpart.sumstats.gz ...
Read summary statistics for 6192372 SNPs.
After merging with summary statistics, 817446 SNPs remain.
817446 SNPs with valid alleles.

Heritability of phenotype 64/65
-------------------------------
Total Observed scale h2: 0.0142 (0.0049)
Lambda GC: 1.0741
Mean Chi^2: 1.077
Intercept: 1.0415 (0.0084)
Ratio: 0.5382 (0.1092)

Genetic Covariance
------------------
Total Observed scale gencov: -0.0103 (0.0025)
Mean z1*z2: -0.0827
Intercept: -0.0147 (0.0079)

Genetic Correlation
-------------------
Genetic Correlation: -0.3185 (0.0833)
Z-score: -3.8224
P: 0.0001

Computing rg for phenotype 65/65
Reading summary statistics from /local1/scratch/pazweifel/sumstats_covariates/combined_munged_sumstats/wVEG.sumstats.gz ...
Read summary statistics for 6192380 SNPs.
After merging with summary statistics, 817446 SNPs remain.
817446 SNPs with valid alleles.

Heritability of phenotype 65/65
-------------------------------
Total Observed scale h2: 0.0136 (0.0049)
Lambda GC: 1.0679
Mean Chi^2: 1.0621
Intercept: 1.0283 (0.0073)
Ratio: 0.4553 (0.1181)

Genetic Covariance
------------------
Total Observed scale gencov: 0.0077 (0.0022)
Mean z1*z2: 0.0543
Intercept: 0.0073 (0.0082)

Genetic Correlation
-------------------
Genetic Correlation: 0.245 (0.0795)
Z-score: 3.0836
P: 0.002


Summary of Genetic Correlation Results
p1                                                                                                  p2      rg      se        z            p  h2_obs  h2_obs_se  h2_int  h2_int_se  gcov_int  gcov_int_se
/local1/home/pazweifel/src/common_factor_jolien/mental_common_factor_wN.sumstats.gz      /local1/scratch/pazweifel/sumstats_covariates/combined_munged_sumstats/AGREE_Gupta.sumstats.gz -0.3362  0.0424  -7.9341   2.1202e-15  0.0353     0.0038  1.0341     0.0125   -0.0710       0.0112
/local1/home/pazweifel/src/common_factor_jolien/mental_common_factor_wN.sumstats.gz    /local1/scratch/pazweifel/sumstats_covariates/combined_munged_sumstats/AGRI_Cheesman.sumstats.gz -0.3688  0.0769  -4.7965   1.6143e-06  0.2158     0.0520  1.0190     0.0091   -0.0126       0.0092
/local1/home/pazweifel/src/common_factor_jolien/mental_common_factor_wN.sumstats.gz              /local1/scratch/pazweifel/sumstats_covariates/combined_munged_sumstats/ALC.sumstats.gz  0.0695  0.0330   2.1074   3.5080e-02  0.0585     0.0041  1.0857     0.0130    0.0049       0.0107
/local1/home/pazweifel/src/common_factor_jolien/mental_common_factor_wN.sumstats.gz    /local1/scratch/pazweifel/sumstats_covariates/combined_munged_sumstats/ARTS_Cheesman.sumstats.gz  0.2615  0.0537   4.8702   1.1149e-06  0.2325     0.0366  1.0293     0.0107    0.0309       0.0101
/local1/home/pazweifel/src/common_factor_jolien/mental_common_factor_wN.sumstats.gz    /local1/scratch/pazweifel/sumstats_covariates/combined_munged_sumstats/ASPEED_Linner.sumstats.gz -0.2028  0.0282  -7.1880   6.5731e-13  0.0547     0.0028  1.0912     0.0139   -0.0339       0.0107
/local1/home/pazweifel/src/common_factor_jolien/mental_common_factor_wN.sumstats.gz              /local1/scratch/pazweifel/sumstats_covariates/combined_munged_sumstats/BMI.sumstats.gz  0.1378  0.0198   6.9440   3.8104e-12  0.2228     0.0125  1.2248     0.0268    0.0237       0.0122
/local1/home/pazweifel/src/common_factor_jolien/mental_common_factor_wN.sumstats.gz               /local1/scratch/pazweifel/sumstats_covariates/combined_munged_sumstats/BP.sumstats.gz -0.0250  0.0259  -0.9645   3.3481e-01  0.0953     0.0063  1.1848     0.0196   -0.0048       0.0098
/local1/home/pazweifel/src/common_factor_jolien/mental_common_factor_wN.sumstats.gz    /local1/scratch/pazweifel/sumstats_covariates/combined_munged_sumstats/BUSI_Cheesman.sumstats.gz -0.1202  0.0573  -2.0988   3.5837e-02  0.0927     0.0198  1.0447     0.0103   -0.0085       0.0090
/local1/home/pazweifel/src/common_factor_jolien/mental_common_factor_wN.sumstats.gz           /local1/scratch/pazweifel/sumstats_covariates/combined_munged_sumstats/Cancer.sumstats.gz  0.2138  0.0757   2.8248   4.7317e-03  0.0053     0.0018  1.0209     0.0091   -0.0098       0.0082
/local1/home/pazweifel/src/common_factor_jolien/mental_common_factor_wN.sumstats.gz           /local1/scratch/pazweifel/sumstats_covariates/combined_munged_sumstats/Coffee.sumstats.gz -0.0022  0.0314  -0.0689   9.4504e-01  0.0455     0.0058  1.0344     0.0156   -0.0005       0.0098
/local1/home/pazweifel/src/common_factor_jolien/mental_common_factor_wN.sumstats.gz      /local1/scratch/pazweifel/sumstats_covariates/combined_munged_sumstats/CONSC_Gupta.sumstats.gz -0.0919  0.0394  -2.3344   1.9575e-02  0.0368     0.0034  1.0719     0.0127   -0.0453       0.0103
/local1/home/pazweifel/src/common_factor_jolien/mental_common_factor_wN.sumstats.gz           /local1/scratch/pazweifel/sumstats_covariates/combined_munged_sumstats/DD_ANX.sumstats.gz  0.9100  0.0398  22.8833  6.8136e-116  0.0244     0.0027  1.0321     0.0108    0.0682       0.0101
/local1/home/pazweifel/src/common_factor_jolien/mental_common_factor_wN.sumstats.gz      /local1/scratch/pazweifel/sumstats_covariates/combined_munged_sumstats/DEPRI_Neale.sumstats.gz  0.5101  0.0325  15.7053   1.3913e-55  0.0291     0.0021  1.0693     0.0096    0.0337       0.0100
/local1/home/pazweifel/src/common_factor_jolien/mental_common_factor_wN.sumstats.gz         /local1/scratch/pazweifel/sumstats_covariates/combined_munged_sumstats/Diabetes.sumstats.gz  0.1508  0.0335   4.4966   6.9050e-06  0.0294     0.0031  1.0989     0.0184    0.0218       0.0089
/local1/home/pazweifel/src/common_factor_jolien/mental_common_factor_wN.sumstats.gz    /local1/scratch/pazweifel/sumstats_covariates/combined_munged_sumstats/DRINKS_Linner.sumstats.gz  0.0721  0.0288   2.5000   1.2418e-02  0.0605     0.0036  1.0902     0.0150    0.0094       0.0111
/local1/home/pazweifel/src/common_factor_jolien/mental_common_factor_wN.sumstats.gz         /local1/scratch/pazweifel/sumstats_covariates/combined_munged_sumstats/EA_okbay.sumstats.gz -0.1927  0.0208  -9.2535   2.1723e-20  0.1266     0.0049  1.2484     0.0361   -0.0679       0.0165
/local1/home/pazweifel/src/common_factor_jolien/mental_common_factor_wN.sumstats.gz     /local1/scratch/pazweifel/sumstats_covariates/combined_munged_sumstats/EDU_Cheesman.sumstats.gz -0.1248  0.0602  -2.0729   3.8181e-02  0.2004     0.0401  1.0205     0.0114   -0.0029       0.0094
/local1/home/pazweifel/src/common_factor_jolien/mental_common_factor_wN.sumstats.gz              /local1/scratch/pazweifel/sumstats_covariates/combined_munged_sumstats/EDU.sumstats.gz -0.2367  0.0235 -10.0930   5.9348e-24  0.1836     0.0086  1.3541     0.0259   -0.0511       0.0145
/local1/home/pazweifel/src/common_factor_jolien/mental_common_factor_wN.sumstats.gz     /local1/scratch/pazweifel/sumstats_covariates/combined_munged_sumstats/ENG_Cheesman.sumstats.gz -0.1495  0.0396  -3.7808   1.5634e-04  0.1407     0.0174  1.0336     0.0131   -0.0342       0.0105
/local1/home/pazweifel/src/common_factor_jolien/mental_common_factor_wN.sumstats.gz      /local1/scratch/pazweifel/sumstats_covariates/combined_munged_sumstats/EXTRA_Gupta.sumstats.gz -0.0398  0.0378  -1.0551   2.9136e-01  0.0424     0.0026  1.0872     0.0124   -0.0352       0.0121
/local1/home/pazweifel/src/common_factor_jolien/mental_common_factor_wN.sumstats.gz            /local1/scratch/pazweifel/sumstats_covariates/combined_munged_sumstats/Fruit.sumstats.gz -0.1062  0.0301  -3.5288   4.1739e-04  0.0525     0.0039  1.0531     0.0124    0.0183       0.0094
/local1/home/pazweifel/src/common_factor_jolien/mental_common_factor_wN.sumstats.gz  /local1/scratch/pazweifel/sumstats_covariates/combined_munged_sumstats/Health_Cheesman.sumstats.gz  0.0095  0.0435   0.2175   8.2780e-01  0.1399     0.0167  1.0293     0.0111    0.0022       0.0096
/local1/home/pazweifel/src/common_factor_jolien/mental_common_factor_wN.sumstats.gz           /local1/scratch/pazweifel/sumstats_covariates/combined_munged_sumstats/Height.sumstats.gz -0.0709  0.0190  -3.7309   1.9079e-04  0.4188     0.0309  1.5520     0.0816   -0.0196       0.0154
/local1/home/pazweifel/src/common_factor_jolien/mental_common_factor_wN.sumstats.gz     /local1/scratch/pazweifel/sumstats_covariates/combined_munged_sumstats/ICT_Cheesman.sumstats.gz -0.0706  0.0435  -1.6238   1.0442e-01  0.3693     0.0614  1.0110     0.0106    0.0023       0.0092
/local1/home/pazweifel/src/common_factor_jolien/mental_common_factor_wN.sumstats.gz              /local1/scratch/pazweifel/sumstats_covariates/combined_munged_sumstats/ILL.sumstats.gz  0.5298  0.0255  20.7828   6.1941e-96  0.0564     0.0035  1.1198     0.0137    0.0457       0.0113
/local1/home/pazweifel/src/common_factor_jolien/mental_common_factor_wN.sumstats.gz              /local1/scratch/pazweifel/sumstats_covariates/combined_munged_sumstats/INS.sumstats.gz  0.3814  0.0282  13.5100   1.3646e-41  0.0512     0.0032  1.0788     0.0114    0.0116       0.0105
/local1/home/pazweifel/src/common_factor_jolien/mental_common_factor_wN.sumstats.gz              /local1/scratch/pazweifel/sumstats_covariates/combined_munged_sumstats/LDL.sumstats.gz -0.0301  0.0273  -1.1034   2.6983e-01  0.0552     0.0236  1.2955     0.1519   -0.0196       0.0099
/local1/home/pazweifel/src/common_factor_jolien/mental_common_factor_wN.sumstats.gz              /local1/scratch/pazweifel/sumstats_covariates/combined_munged_sumstats/LON.sumstats.gz  0.5870  0.0320  18.3324   4.5662e-75  0.0305     0.0026  1.0541     0.0101    0.0386       0.0095
/local1/home/pazweifel/src/common_factor_jolien/mental_common_factor_wN.sumstats.gz  /local1/scratch/pazweifel/sumstats_covariates/combined_munged_sumstats/NatSci_Cheesman.sumstats.gz -0.1130  0.0643  -1.7578   7.8777e-02  0.2678     0.0740  1.0280     0.0101   -0.0220       0.0095
/local1/home/pazweifel/src/common_factor_jolien/mental_common_factor_wN.sumstats.gz      /local1/scratch/pazweifel/sumstats_covariates/combined_munged_sumstats/NEURO_Gupta.sumstats.gz  0.5824  0.0207  28.1664  1.5076e-174  0.0688     0.0031  1.1673     0.0229    0.1403       0.0186
/local1/home/pazweifel/src/common_factor_jolien/mental_common_factor_wN.sumstats.gz     /local1/scratch/pazweifel/sumstats_covariates/combined_munged_sumstats/NSEXP_Linner.sumstats.gz  0.3958  0.0241  16.4484   8.6077e-61  0.0873     0.0040  1.1131     0.0167    0.0591       0.0133
/local1/home/pazweifel/src/common_factor_jolien/mental_common_factor_wN.sumstats.gz       /local1/scratch/pazweifel/sumstats_covariates/combined_munged_sumstats/OPEN_Gupta.sumstats.gz  0.1938  0.0417   4.6511   3.3011e-06  0.0359     0.0035  1.0429     0.0114    0.0211       0.0113
/local1/home/pazweifel/src/common_factor_jolien/mental_common_factor_wN.sumstats.gz               /local1/scratch/pazweifel/sumstats_covariates/combined_munged_sumstats/PA.sumstats.gz  0.0571  0.0315   1.8119   7.0007e-02  0.0306     0.0026  1.0510     0.0097    0.0109       0.0085
/local1/home/pazweifel/src/common_factor_jolien/mental_common_factor_wN.sumstats.gz  /local1/scratch/pazweifel/sumstats_covariates/combined_munged_sumstats/REPERR_Schoeler.sumstats.gz  0.2419  0.0862   2.8068   5.0036e-03  0.0167     0.0071  1.0365     0.0078    0.0166       0.0077
/local1/home/pazweifel/src/common_factor_jolien/mental_common_factor_wN.sumstats.gz             /local1/scratch/pazweifel/sumstats_covariates/combined_munged_sumstats/Risk.sumstats.gz  0.3208  0.0299  10.7150   8.6549e-27  0.0447     0.0034  1.0568     0.0114    0.0377       0.0096
/local1/home/pazweifel/src/common_factor_jolien/mental_common_factor_wN.sumstats.gz               /local1/scratch/pazweifel/sumstats_covariates/combined_munged_sumstats/RT.sumstats.gz  0.0850  0.0299   2.8454   4.4350e-03  0.0485     0.0031  1.0889     0.0116    0.0231       0.0100
/local1/home/pazweifel/src/common_factor_jolien/mental_common_factor_wN.sumstats.gz    /local1/scratch/pazweifel/sumstats_covariates/combined_munged_sumstats/SERV_Cheesman.sumstats.gz -0.2058  0.0668  -3.0822   2.0550e-03  0.1167     0.0317  1.0177     0.0105    0.0004       0.0088
/local1/home/pazweifel/src/common_factor_jolien/mental_common_factor_wN.sumstats.gz              /local1/scratch/pazweifel/sumstats_covariates/combined_munged_sumstats/Sex.sumstats.gz  0.0308  0.0612   0.5040   6.1426e-01  0.0073     0.0019  1.0408     0.0100    0.0126       0.0093
/local1/home/pazweifel/src/common_factor_jolien/mental_common_factor_wN.sumstats.gz    /local1/scratch/pazweifel/sumstats_covariates/combined_munged_sumstats/SMOKER_Linner.sumstats.gz  0.3793  0.0239  15.8662   1.0865e-56  0.0803     0.0036  1.1375     0.0192    0.0687       0.0141
/local1/home/pazweifel/src/common_factor_jolien/mental_common_factor_wN.sumstats.gz          /local1/scratch/pazweifel/sumstats_covariates/combined_munged_sumstats/Smoking.sumstats.gz  0.3955  0.0269  14.6837   8.2017e-49  0.0869     0.0049  1.1127     0.0157    0.0576       0.0128
/local1/home/pazweifel/src/common_factor_jolien/mental_common_factor_wN.sumstats.gz  /local1/scratch/pazweifel/sumstats_covariates/combined_munged_sumstats/Social_Cheesman.sumstats.gz  0.0782  0.0526   1.4863   1.3719e-01  0.3096     0.0620  1.0005     0.0101    0.0019       0.0088
/local1/home/pazweifel/src/common_factor_jolien/mental_common_factor_wN.sumstats.gz         /local1/scratch/pazweifel/sumstats_covariates/combined_munged_sumstats/UKBBpart.sumstats.gz -0.2807  0.0273 -10.2882   7.9670e-25  0.0792     0.0045  1.1419     0.0152   -0.0513       0.0120
/local1/home/pazweifel/src/common_factor_jolien/mental_common_factor_wN.sumstats.gz              /local1/scratch/pazweifel/sumstats_covariates/combined_munged_sumstats/VEG.sumstats.gz  0.2411  0.0357   6.7471   1.5083e-11  0.0289     0.0026  1.0262     0.0105    0.0150       0.0098
/local1/home/pazweifel/src/common_factor_jolien/mental_common_factor_wN.sumstats.gz             /local1/scratch/pazweifel/sumstats_covariates/combined_munged_sumstats/wALC.sumstats.gz  0.0164  0.0500   0.3284   7.4264e-01  0.0389     0.0069  1.0327     0.0098    0.0055       0.0091
/local1/home/pazweifel/src/common_factor_jolien/mental_common_factor_wN.sumstats.gz             /local1/scratch/pazweifel/sumstats_covariates/combined_munged_sumstats/wBMI.sumstats.gz  0.1057  0.0237   4.4657   7.9826e-06  0.1695     0.0126  1.0625     0.0137    0.0085       0.0088
/local1/home/pazweifel/src/common_factor_jolien/mental_common_factor_wN.sumstats.gz              /local1/scratch/pazweifel/sumstats_covariates/combined_munged_sumstats/wBP.sumstats.gz -0.0389  0.0350  -1.1122   2.6605e-01  0.0888     0.0100  1.0764     0.0126   -0.0006       0.0096
/local1/home/pazweifel/src/common_factor_jolien/mental_common_factor_wN.sumstats.gz          /local1/scratch/pazweifel/sumstats_covariates/combined_munged_sumstats/wCancer.sumstats.gz  0.3052  0.1091   2.7983   5.1366e-03  0.0096     0.0045  1.0027     0.0080   -0.0072       0.0076
/local1/home/pazweifel/src/common_factor_jolien/mental_common_factor_wN.sumstats.gz          /local1/scratch/pazweifel/sumstats_covariates/combined_munged_sumstats/wCoffee.sumstats.gz  0.1019  0.0597   1.7067   8.7887e-02  0.0231     0.0060  1.0256     0.0091   -0.0013       0.0080
/local1/home/pazweifel/src/common_factor_jolien/mental_common_factor_wN.sumstats.gz          /local1/scratch/pazweifel/sumstats_covariates/combined_munged_sumstats/wDD_ANX.sumstats.gz  0.9108  0.0900  10.1221   4.4097e-24  0.0241     0.0054  1.0158     0.0082    0.0480       0.0089
/local1/home/pazweifel/src/common_factor_jolien/mental_common_factor_wN.sumstats.gz        /local1/scratch/pazweifel/sumstats_covariates/combined_munged_sumstats/wDiabetes.sumstats.gz  0.2311  0.0515   4.4898   7.1299e-06  0.0329     0.0052  1.0294     0.0092    0.0043       0.0079
/local1/home/pazweifel/src/common_factor_jolien/mental_common_factor_wN.sumstats.gz             /local1/scratch/pazweifel/sumstats_covariates/combined_munged_sumstats/wEDU.sumstats.gz -0.2979  0.0260 -11.4486   2.3907e-30  0.2031     0.0131  1.1473     0.0153   -0.0362       0.0107
/local1/home/pazweifel/src/common_factor_jolien/mental_common_factor_wN.sumstats.gz           /local1/scratch/pazweifel/sumstats_covariates/combined_munged_sumstats/wFruit.sumstats.gz -0.1411  0.0407  -3.4649   5.3043e-04  0.0549     0.0061  1.0134     0.0088    0.0109       0.0080
/local1/home/pazweifel/src/common_factor_jolien/mental_common_factor_wN.sumstats.gz          /local1/scratch/pazweifel/sumstats_covariates/combined_munged_sumstats/wHeight.sumstats.gz -0.0820  0.0229  -3.5794   3.4432e-04  0.3762     0.0317  1.2098     0.0329   -0.0093       0.0108
/local1/home/pazweifel/src/common_factor_jolien/mental_common_factor_wN.sumstats.gz             /local1/scratch/pazweifel/sumstats_covariates/combined_munged_sumstats/wILL.sumstats.gz  0.5838  0.0369  15.8157   2.4231e-56  0.0614     0.0064  1.0338     0.0096    0.0269       0.0090
/local1/home/pazweifel/src/common_factor_jolien/mental_common_factor_wN.sumstats.gz             /local1/scratch/pazweifel/sumstats_covariates/combined_munged_sumstats/wINS.sumstats.gz  0.5099  0.0429  11.8915   1.3110e-32  0.0487     0.0055  1.0360     0.0090    0.0142       0.0095
/local1/home/pazweifel/src/common_factor_jolien/mental_common_factor_wN.sumstats.gz             /local1/scratch/pazweifel/sumstats_covariates/combined_munged_sumstats/wLDL.sumstats.gz -0.0305  0.0419  -0.7264   4.6759e-01  0.0540     0.0271  1.1251     0.0630   -0.0081       0.0082
/local1/home/pazweifel/src/common_factor_jolien/mental_common_factor_wN.sumstats.gz             /local1/scratch/pazweifel/sumstats_covariates/combined_munged_sumstats/wLON.sumstats.gz  0.6113  0.0549  11.1430   7.7497e-29  0.0319     0.0049  1.0238     0.0082    0.0347       0.0085
/local1/home/pazweifel/src/common_factor_jolien/mental_common_factor_wN.sumstats.gz              /local1/scratch/pazweifel/sumstats_covariates/combined_munged_sumstats/wPA.sumstats.gz -0.0579  0.0536  -1.0805   2.7993e-01  0.0257     0.0054  1.0132     0.0083    0.0133       0.0078
/local1/home/pazweifel/src/common_factor_jolien/mental_common_factor_wN.sumstats.gz            /local1/scratch/pazweifel/sumstats_covariates/combined_munged_sumstats/wRisk.sumstats.gz  0.3560  0.0560   6.3592   2.0287e-10  0.0318     0.0058  1.0382     0.0085    0.0272       0.0085
/local1/home/pazweifel/src/common_factor_jolien/mental_common_factor_wN.sumstats.gz              /local1/scratch/pazweifel/sumstats_covariates/combined_munged_sumstats/wRT.sumstats.gz  0.1271  0.0452   2.8108   4.9412e-03  0.0390     0.0060  1.0471     0.0096    0.0166       0.0089
/local1/home/pazweifel/src/common_factor_jolien/mental_common_factor_wN.sumstats.gz             /local1/scratch/pazweifel/sumstats_covariates/combined_munged_sumstats/wSex.sumstats.gz  0.2648  0.3197   0.8283   4.0748e-01  0.0020     0.0042  1.0195     0.0081    0.0176       0.0083
/local1/home/pazweifel/src/common_factor_jolien/mental_common_factor_wN.sumstats.gz         /local1/scratch/pazweifel/sumstats_covariates/combined_munged_sumstats/wSmoking.sumstats.gz  0.3990  0.0388  10.2905   7.7783e-25  0.0772     0.0073  1.0456     0.0106    0.0472       0.0101
/local1/home/pazweifel/src/common_factor_jolien/mental_common_factor_wN.sumstats.gz        /local1/scratch/pazweifel/sumstats_covariates/combined_munged_sumstats/wUKBBpart.sumstats.gz -0.3185  0.0833  -3.8224   1.3214e-04  0.0142     0.0049  1.0415     0.0084   -0.0147       0.0079
/local1/home/pazweifel/src/common_factor_jolien/mental_common_factor_wN.sumstats.gz             /local1/scratch/pazweifel/sumstats_covariates/combined_munged_sumstats/wVEG.sumstats.gz  0.2450  0.0795   3.0836   2.0454e-03  0.0136     0.0049  1.0283     0.0073    0.0073       0.0082

Analysis finished at Wed Mar 18 09:29:26 2026
Total time elapsed: 8.0m:20.33s
